<?xml version="1.0" encoding="UTF-8"?>
<testsuite xmlns:xsi="http://www.w3.org/2001/XMLSchema-instance" xsi:noNamespaceSchemaLocation="https://maven.apache.org/surefire/maven-surefire-plugin/xsd/surefire-test-report.xsd" name="br.com.pucminas.aed3.Aed3ApplicationTests" time="2.023" tests="1" errors="1" skipped="0" failures="0">
  <properties>
    <property name="sun.desktop" value="windows"/>
    <property name="awt.toolkit" value="sun.awt.windows.WToolkit"/>
    <property name="java.specification.version" value="11"/>
    <property name="sun.cpu.isalist" value="amd64"/>
    <property name="sun.jnu.encoding" value="Cp1252"/>
    <property name="java.class.path" value="C:\Users\Luan\Documents\dev\projetos\aed3\target\test-classes;C:\Users\Luan\Documents\dev\projetos\aed3\target\classes;C:\Users\Luan\.m2\repository\org\springframework\boot\spring-boot-starter\2.7.16\spring-boot-starter-2.7.16.jar;C:\Users\Luan\.m2\repository\org\springframework\boot\spring-boot\2.7.16\spring-boot-2.7.16.jar;C:\Users\Luan\.m2\repository\org\springframework\spring-context\5.3.30\spring-context-5.3.30.jar;C:\Users\Luan\.m2\repository\org\springframework\spring-aop\5.3.30\spring-aop-5.3.30.jar;C:\Users\Luan\.m2\repository\org\springframework\spring-beans\5.3.30\spring-beans-5.3.30.jar;C:\Users\Luan\.m2\repository\org\springframework\spring-expression\5.3.30\spring-expression-5.3.30.jar;C:\Users\Luan\.m2\repository\org\springframework\boot\spring-boot-autoconfigure\2.7.16\spring-boot-autoconfigure-2.7.16.jar;C:\Users\Luan\.m2\repository\org\springframework\boot\spring-boot-starter-logging\2.7.16\spring-boot-starter-logging-2.7.16.jar;C:\Users\Luan\.m2\repository\ch\qos\logback\logback-classic\1.2.12\logback-classic-1.2.12.jar;C:\Users\Luan\.m2\repository\ch\qos\logback\logback-core\1.2.12\logback-core-1.2.12.jar;C:\Users\Luan\.m2\repository\org\apache\logging\log4j\log4j-to-slf4j\2.17.2\log4j-to-slf4j-2.17.2.jar;C:\Users\Luan\.m2\repository\org\apache\logging\log4j\log4j-api\2.17.2\log4j-api-2.17.2.jar;C:\Users\Luan\.m2\repository\org\slf4j\jul-to-slf4j\1.7.36\jul-to-slf4j-1.7.36.jar;C:\Users\Luan\.m2\repository\jakarta\annotation\jakarta.annotation-api\1.3.5\jakarta.annotation-api-1.3.5.jar;C:\Users\Luan\.m2\repository\org\springframework\spring-core\5.3.30\spring-core-5.3.30.jar;C:\Users\Luan\.m2\repository\org\springframework\spring-jcl\5.3.30\spring-jcl-5.3.30.jar;C:\Users\Luan\.m2\repository\org\yaml\snakeyaml\1.30\snakeyaml-1.30.jar;C:\Users\Luan\.m2\repository\org\projectlombok\lombok\1.18.30\lombok-1.18.30.jar;C:\Users\Luan\.m2\repository\org\springframework\boot\spring-boot-starter-test\2.7.16\spring-boot-starter-test-2.7.16.jar;C:\Users\Luan\.m2\repository\org\springframework\boot\spring-boot-test\2.7.16\spring-boot-test-2.7.16.jar;C:\Users\Luan\.m2\repository\org\springframework\boot\spring-boot-test-autoconfigure\2.7.16\spring-boot-test-autoconfigure-2.7.16.jar;C:\Users\Luan\.m2\repository\com\jayway\jsonpath\json-path\2.7.0\json-path-2.7.0.jar;C:\Users\Luan\.m2\repository\net\minidev\json-smart\2.4.11\json-smart-2.4.11.jar;C:\Users\Luan\.m2\repository\net\minidev\accessors-smart\2.4.11\accessors-smart-2.4.11.jar;C:\Users\Luan\.m2\repository\org\ow2\asm\asm\9.3\asm-9.3.jar;C:\Users\Luan\.m2\repository\org\slf4j\slf4j-api\1.7.36\slf4j-api-1.7.36.jar;C:\Users\Luan\.m2\repository\jakarta\xml\bind\jakarta.xml.bind-api\2.3.3\jakarta.xml.bind-api-2.3.3.jar;C:\Users\Luan\.m2\repository\jakarta\activation\jakarta.activation-api\1.2.2\jakarta.activation-api-1.2.2.jar;C:\Users\Luan\.m2\repository\org\assertj\assertj-core\3.22.0\assertj-core-3.22.0.jar;C:\Users\Luan\.m2\repository\org\hamcrest\hamcrest\2.2\hamcrest-2.2.jar;C:\Users\Luan\.m2\repository\org\junit\jupiter\junit-jupiter\5.8.2\junit-jupiter-5.8.2.jar;C:\Users\Luan\.m2\repository\org\junit\jupiter\junit-jupiter-api\5.8.2\junit-jupiter-api-5.8.2.jar;C:\Users\Luan\.m2\repository\org\opentest4j\opentest4j\1.2.0\opentest4j-1.2.0.jar;C:\Users\Luan\.m2\repository\org\junit\platform\junit-platform-commons\1.8.2\junit-platform-commons-1.8.2.jar;C:\Users\Luan\.m2\repository\org\apiguardian\apiguardian-api\1.1.2\apiguardian-api-1.1.2.jar;C:\Users\Luan\.m2\repository\org\junit\jupiter\junit-jupiter-params\5.8.2\junit-jupiter-params-5.8.2.jar;C:\Users\Luan\.m2\repository\org\junit\jupiter\junit-jupiter-engine\5.8.2\junit-jupiter-engine-5.8.2.jar;C:\Users\Luan\.m2\repository\org\junit\platform\junit-platform-engine\1.8.2\junit-platform-engine-1.8.2.jar;C:\Users\Luan\.m2\repository\org\mockito\mockito-core\4.5.1\mockito-core-4.5.1.jar;C:\Users\Luan\.m2\repository\net\bytebuddy\byte-buddy\1.12.23\byte-buddy-1.12.23.jar;C:\Users\Luan\.m2\repository\net\bytebuddy\byte-buddy-agent\1.12.23\byte-buddy-agent-1.12.23.jar;C:\Users\Luan\.m2\repository\org\objenesis\objenesis\3.2\objenesis-3.2.jar;C:\Users\Luan\.m2\repository\org\mockito\mockito-junit-jupiter\4.5.1\mockito-junit-jupiter-4.5.1.jar;C:\Users\Luan\.m2\repository\org\skyscreamer\jsonassert\1.5.1\jsonassert-1.5.1.jar;C:\Users\Luan\.m2\repository\com\vaadin\external\google\android-json\0.0.20131108.vaadin1\android-json-0.0.20131108.vaadin1.jar;C:\Users\Luan\.m2\repository\org\springframework\spring-test\5.3.30\spring-test-5.3.30.jar;C:\Users\Luan\.m2\repository\org\xmlunit\xmlunit-core\2.9.1\xmlunit-core-2.9.1.jar;"/>
    <property name="java.vm.vendor" value="Oracle Corporation"/>
    <property name="sun.arch.data.model" value="64"/>
    <property name="user.variant" value=""/>
    <property name="java.vendor.url" value="http://java.oracle.com/"/>
    <property name="user.timezone" value="America/Sao_Paulo"/>
    <property name="java.vm.specification.version" value="11"/>
    <property name="os.name" value="Windows 10"/>
    <property name="sun.java.launcher" value="SUN_STANDARD"/>
    <property name="user.country" value="BR"/>
    <property name="sun.boot.library.path" value="C:\Program Files\Java\jdk-11.0.2\bin"/>
    <property name="sun.java.command" value="C:\Users\Luan\AppData\Local\Temp\surefire8985545728086190376\surefirebooter4145164788442186464.jar C:\Users\Luan\AppData\Local\Temp\surefire8985545728086190376 2023-11-12T14-06-55_906-jvmRun1 surefire1115826731524500349tmp surefire_014806496600169064216tmp"/>
    <property name="jdk.debug" value="release"/>
    <property name="surefire.test.class.path" value="C:\Users\Luan\Documents\dev\projetos\aed3\target\test-classes;C:\Users\Luan\Documents\dev\projetos\aed3\target\classes;C:\Users\Luan\.m2\repository\org\springframework\boot\spring-boot-starter\2.7.16\spring-boot-starter-2.7.16.jar;C:\Users\Luan\.m2\repository\org\springframework\boot\spring-boot\2.7.16\spring-boot-2.7.16.jar;C:\Users\Luan\.m2\repository\org\springframework\spring-context\5.3.30\spring-context-5.3.30.jar;C:\Users\Luan\.m2\repository\org\springframework\spring-aop\5.3.30\spring-aop-5.3.30.jar;C:\Users\Luan\.m2\repository\org\springframework\spring-beans\5.3.30\spring-beans-5.3.30.jar;C:\Users\Luan\.m2\repository\org\springframework\spring-expression\5.3.30\spring-expression-5.3.30.jar;C:\Users\Luan\.m2\repository\org\springframework\boot\spring-boot-autoconfigure\2.7.16\spring-boot-autoconfigure-2.7.16.jar;C:\Users\Luan\.m2\repository\org\springframework\boot\spring-boot-starter-logging\2.7.16\spring-boot-starter-logging-2.7.16.jar;C:\Users\Luan\.m2\repository\ch\qos\logback\logback-classic\1.2.12\logback-classic-1.2.12.jar;C:\Users\Luan\.m2\repository\ch\qos\logback\logback-core\1.2.12\logback-core-1.2.12.jar;C:\Users\Luan\.m2\repository\org\apache\logging\log4j\log4j-to-slf4j\2.17.2\log4j-to-slf4j-2.17.2.jar;C:\Users\Luan\.m2\repository\org\apache\logging\log4j\log4j-api\2.17.2\log4j-api-2.17.2.jar;C:\Users\Luan\.m2\repository\org\slf4j\jul-to-slf4j\1.7.36\jul-to-slf4j-1.7.36.jar;C:\Users\Luan\.m2\repository\jakarta\annotation\jakarta.annotation-api\1.3.5\jakarta.annotation-api-1.3.5.jar;C:\Users\Luan\.m2\repository\org\springframework\spring-core\5.3.30\spring-core-5.3.30.jar;C:\Users\Luan\.m2\repository\org\springframework\spring-jcl\5.3.30\spring-jcl-5.3.30.jar;C:\Users\Luan\.m2\repository\org\yaml\snakeyaml\1.30\snakeyaml-1.30.jar;C:\Users\Luan\.m2\repository\org\projectlombok\lombok\1.18.30\lombok-1.18.30.jar;C:\Users\Luan\.m2\repository\org\springframework\boot\spring-boot-starter-test\2.7.16\spring-boot-starter-test-2.7.16.jar;C:\Users\Luan\.m2\repository\org\springframework\boot\spring-boot-test\2.7.16\spring-boot-test-2.7.16.jar;C:\Users\Luan\.m2\repository\org\springframework\boot\spring-boot-test-autoconfigure\2.7.16\spring-boot-test-autoconfigure-2.7.16.jar;C:\Users\Luan\.m2\repository\com\jayway\jsonpath\json-path\2.7.0\json-path-2.7.0.jar;C:\Users\Luan\.m2\repository\net\minidev\json-smart\2.4.11\json-smart-2.4.11.jar;C:\Users\Luan\.m2\repository\net\minidev\accessors-smart\2.4.11\accessors-smart-2.4.11.jar;C:\Users\Luan\.m2\repository\org\ow2\asm\asm\9.3\asm-9.3.jar;C:\Users\Luan\.m2\repository\org\slf4j\slf4j-api\1.7.36\slf4j-api-1.7.36.jar;C:\Users\Luan\.m2\repository\jakarta\xml\bind\jakarta.xml.bind-api\2.3.3\jakarta.xml.bind-api-2.3.3.jar;C:\Users\Luan\.m2\repository\jakarta\activation\jakarta.activation-api\1.2.2\jakarta.activation-api-1.2.2.jar;C:\Users\Luan\.m2\repository\org\assertj\assertj-core\3.22.0\assertj-core-3.22.0.jar;C:\Users\Luan\.m2\repository\org\hamcrest\hamcrest\2.2\hamcrest-2.2.jar;C:\Users\Luan\.m2\repository\org\junit\jupiter\junit-jupiter\5.8.2\junit-jupiter-5.8.2.jar;C:\Users\Luan\.m2\repository\org\junit\jupiter\junit-jupiter-api\5.8.2\junit-jupiter-api-5.8.2.jar;C:\Users\Luan\.m2\repository\org\opentest4j\opentest4j\1.2.0\opentest4j-1.2.0.jar;C:\Users\Luan\.m2\repository\org\junit\platform\junit-platform-commons\1.8.2\junit-platform-commons-1.8.2.jar;C:\Users\Luan\.m2\repository\org\apiguardian\apiguardian-api\1.1.2\apiguardian-api-1.1.2.jar;C:\Users\Luan\.m2\repository\org\junit\jupiter\junit-jupiter-params\5.8.2\junit-jupiter-params-5.8.2.jar;C:\Users\Luan\.m2\repository\org\junit\jupiter\junit-jupiter-engine\5.8.2\junit-jupiter-engine-5.8.2.jar;C:\Users\Luan\.m2\repository\org\junit\platform\junit-platform-engine\1.8.2\junit-platform-engine-1.8.2.jar;C:\Users\Luan\.m2\repository\org\mockito\mockito-core\4.5.1\mockito-core-4.5.1.jar;C:\Users\Luan\.m2\repository\net\bytebuddy\byte-buddy\1.12.23\byte-buddy-1.12.23.jar;C:\Users\Luan\.m2\repository\net\bytebuddy\byte-buddy-agent\1.12.23\byte-buddy-agent-1.12.23.jar;C:\Users\Luan\.m2\repository\org\objenesis\objenesis\3.2\objenesis-3.2.jar;C:\Users\Luan\.m2\repository\org\mockito\mockito-junit-jupiter\4.5.1\mockito-junit-jupiter-4.5.1.jar;C:\Users\Luan\.m2\repository\org\skyscreamer\jsonassert\1.5.1\jsonassert-1.5.1.jar;C:\Users\Luan\.m2\repository\com\vaadin\external\google\android-json\0.0.20131108.vaadin1\android-json-0.0.20131108.vaadin1.jar;C:\Users\Luan\.m2\repository\org\springframework\spring-test\5.3.30\spring-test-5.3.30.jar;C:\Users\Luan\.m2\repository\org\xmlunit\xmlunit-core\2.9.1\xmlunit-core-2.9.1.jar;"/>
    <property name="sun.cpu.endian" value="little"/>
    <property name="user.home" value="C:\Users\Luan"/>
    <property name="user.language" value="pt"/>
    <property name="java.specification.vendor" value="Oracle Corporation"/>
    <property name="java.version.date" value="2019-01-15"/>
    <property name="java.home" value="C:\Program Files\Java\jdk-11.0.2"/>
    <property name="file.separator" value="\"/>
    <property name="basedir" value="C:\Users\Luan\Documents\dev\projetos\aed3"/>
    <property name="java.vm.compressedOopsMode" value="Zero based"/>
    <property name="line.separator" value="&#10;"/>
    <property name="java.specification.name" value="Java Platform API Specification"/>
    <property name="java.vm.specification.vendor" value="Oracle Corporation"/>
    <property name="java.awt.graphicsenv" value="sun.awt.Win32GraphicsEnvironment"/>
    <property name="surefire.real.class.path" value="C:\Users\Luan\AppData\Local\Temp\surefire8985545728086190376\surefirebooter4145164788442186464.jar"/>
    <property name="user.script" value=""/>
    <property name="sun.management.compiler" value="HotSpot 64-Bit Tiered Compilers"/>
    <property name="java.runtime.version" value="11.0.2+9"/>
    <property name="user.name" value="Luan"/>
    <property name="path.separator" value=";"/>
    <property name="os.version" value="10.0"/>
    <property name="java.runtime.name" value="OpenJDK Runtime Environment"/>
    <property name="file.encoding" value="Cp1252"/>
    <property name="java.vm.name" value="OpenJDK 64-Bit Server VM"/>
    <property name="java.vendor.version" value="18.9"/>
    <property name="localRepository" value="C:\Users\Luan\.m2\repository"/>
    <property name="java.vendor.url.bug" value="http://bugreport.java.com/bugreport/"/>
    <property name="java.io.tmpdir" value="C:\Users\Luan\AppData\Local\Temp\"/>
    <property name="java.version" value="11.0.2"/>
    <property name="user.dir" value="C:\Users\Luan\Documents\dev\projetos\aed3"/>
    <property name="os.arch" value="amd64"/>
    <property name="java.vm.specification.name" value="Java Virtual Machine Specification"/>
    <property name="SkipTest" value="true"/>
    <property name="java.awt.printerjob" value="sun.awt.windows.WPrinterJob"/>
    <property name="sun.os.patch.level" value=""/>
    <property name="java.library.path" value="C:\Program Files\Java\jdk-11.0.2\bin;C:\WINDOWS\Sun\Java\bin;C:\WINDOWS\system32;C:\WINDOWS;C:\Users\Luan\bin;C:\Program Files\Git\mingw64\bin;C:\Program Files\Git\usr\local\bin;C:\Program Files\Git\usr\bin;C:\Program Files\Git\usr\bin;C:\Program Files\Git\mingw64\bin;C:\Program Files\Git\usr\bin;C:\Users\Luan\bin;C:\Program Files\Java\jdk-11.0.2;C:\Program Files\Java\jdk-11.0.2\bin;C:\Windows\system32;C:\Windows;C:\Windows\System32\Wbem;C:\Windows\System32\WindowsPowerShell\v1.0;C:\Windows\System32\OpenSSH;C:\Program Files (x86)\NVIDIA Corporation\PhysX\Common;C:\Program Files\Git\cmd;C:\Program Files\NVIDIA Corporation\NVIDIA NvDLISR;C:\WINDOWS\system32;C:\WINDOWS;C:\WINDOWS\System32\Wbem;C:\WINDOWS\System32\WindowsPowerShell\v1.0;C:\WINDOWS\System32\OpenSSH;C:\Program Files\PuTTY;C:\Program Files\apache-maven-3.8.5\bin;C:\ProgramData\chocolatey\bin;C:\Program Files\dotnet;C:\Program Files (x86)\Windows Kits\10\Windows Performance Toolkit;C:\Users\Luan\AppData\Roaming\nvm;C:\Program Files\nodejs;C:\Program Files\Java\scripts;C:\Program Files (x86)\WinMerge;C:\Users\Luan\AppData\Local\Programs\Python\Python310\Scripts;C:\Users\Luan\AppData\Local\Programs\Python\Python310;C:\Users\Luan\AppData\Local\Programs\Microsoft VS Code\bin;C:\Users\Luan\AppData\Local\Microsoft\WindowsApps;C:\Users\Luan\AppData\Roaming\npm;C:\flutter\bin;C:\Users\Luan\.dotnet\tools;C:\tools\dart-sdk\bin;C:\Users\Luan\AppData\Roaming\Pub\Cache\bin;C:\Program Files\Git\usr\bin\vendor_perl;C:\Program Files\Git\usr\bin\core_perl;."/>
    <property name="java.vendor" value="Oracle Corporation"/>
    <property name="java.vm.info" value="mixed mode"/>
    <property name="java.vm.version" value="11.0.2+9"/>
    <property name="sun.io.unicode.encoding" value="UnicodeLittle"/>
    <property name="java.class.version" value="55.0"/>
  </properties>
  <testcase name="contextLoads" classname="br.com.pucminas.aed3.Aed3ApplicationTests" time="0.001">
    <error type="java.lang.StackOverflowError">java.lang.StackOverflowError
</error>
    <system-out><![CDATA[14:06:57.073 [main] DEBUG org.springframework.test.context.BootstrapUtils - Instantiating CacheAwareContextLoaderDelegate from class [org.springframework.test.context.cache.DefaultCacheAwareContextLoaderDelegate]
14:06:57.085 [main] DEBUG org.springframework.test.context.BootstrapUtils - Instantiating BootstrapContext using constructor [public org.springframework.test.context.support.DefaultBootstrapContext(java.lang.Class,org.springframework.test.context.CacheAwareContextLoaderDelegate)]
14:06:57.135 [main] DEBUG org.springframework.test.context.BootstrapUtils - Instantiating TestContextBootstrapper for test class [br.com.pucminas.aed3.Aed3ApplicationTests] from class [org.springframework.boot.test.context.SpringBootTestContextBootstrapper]
14:06:57.150 [main] INFO org.springframework.boot.test.context.SpringBootTestContextBootstrapper - Neither @ContextConfiguration nor @ContextHierarchy found for test class [br.com.pucminas.aed3.Aed3ApplicationTests], using SpringBootContextLoader
14:06:57.157 [main] DEBUG org.springframework.test.context.support.AbstractContextLoader - Did not detect default resource location for test class [br.com.pucminas.aed3.Aed3ApplicationTests]: class path resource [br/com/pucminas/aed3/Aed3ApplicationTests-context.xml] does not exist
14:06:57.160 [main] DEBUG org.springframework.test.context.support.AbstractContextLoader - Did not detect default resource location for test class [br.com.pucminas.aed3.Aed3ApplicationTests]: class path resource [br/com/pucminas/aed3/Aed3ApplicationTestsContext.groovy] does not exist
14:06:57.161 [main] INFO org.springframework.test.context.support.AbstractContextLoader - Could not detect default resource locations for test class [br.com.pucminas.aed3.Aed3ApplicationTests]: no resource found for suffixes {-context.xml, Context.groovy}.
14:06:57.162 [main] INFO org.springframework.test.context.support.AnnotationConfigContextLoaderUtils - Could not detect default configuration classes for test class [br.com.pucminas.aed3.Aed3ApplicationTests]: Aed3ApplicationTests does not declare any static, non-private, non-final, nested classes annotated with @Configuration.
14:06:57.234 [main] DEBUG org.springframework.test.context.support.ActiveProfilesUtils - Could not find an 'annotation declaring class' for annotation type [org.springframework.test.context.ActiveProfiles] and class [br.com.pucminas.aed3.Aed3ApplicationTests]
14:06:57.308 [main] DEBUG org.springframework.context.annotation.ClassPathScanningCandidateComponentProvider - Identified candidate component class: file [C:\Users\Luan\Documents\dev\projetos\aed3\target\classes\br\com\pucminas\aed3\Aed3Application.class]
14:06:57.310 [main] INFO org.springframework.boot.test.context.SpringBootTestContextBootstrapper - Found @SpringBootConfiguration br.com.pucminas.aed3.Aed3Application for test class br.com.pucminas.aed3.Aed3ApplicationTests
14:06:57.419 [main] DEBUG org.springframework.boot.test.context.SpringBootTestContextBootstrapper - @TestExecutionListeners is not present for class [br.com.pucminas.aed3.Aed3ApplicationTests]: using defaults.
14:06:57.419 [main] INFO org.springframework.boot.test.context.SpringBootTestContextBootstrapper - Loaded default TestExecutionListener class names from location [META-INF/spring.factories]: [org.springframework.boot.test.mock.mockito.MockitoTestExecutionListener, org.springframework.boot.test.mock.mockito.ResetMocksTestExecutionListener, org.springframework.boot.test.autoconfigure.restdocs.RestDocsTestExecutionListener, org.springframework.boot.test.autoconfigure.web.client.MockRestServiceServerResetTestExecutionListener, org.springframework.boot.test.autoconfigure.web.servlet.MockMvcPrintOnlyOnFailureTestExecutionListener, org.springframework.boot.test.autoconfigure.web.servlet.WebDriverTestExecutionListener, org.springframework.boot.test.autoconfigure.webservices.client.MockWebServiceServerTestExecutionListener, org.springframework.test.context.web.ServletTestExecutionListener, org.springframework.test.context.support.DirtiesContextBeforeModesTestExecutionListener, org.springframework.test.context.event.ApplicationEventsTestExecutionListener, org.springframework.test.context.support.DependencyInjectionTestExecutionListener, org.springframework.test.context.support.DirtiesContextTestExecutionListener, org.springframework.test.context.transaction.TransactionalTestExecutionListener, org.springframework.test.context.jdbc.SqlScriptsTestExecutionListener, org.springframework.test.context.event.EventPublishingTestExecutionListener]
14:06:57.433 [main] DEBUG org.springframework.boot.test.context.SpringBootTestContextBootstrapper - Skipping candidate TestExecutionListener [org.springframework.test.context.web.ServletTestExecutionListener] due to a missing dependency. Specify custom listener classes or make the default listener classes and their required dependencies available. Offending class: [javax/servlet/ServletContext]
14:06:57.437 [main] DEBUG org.springframework.boot.test.context.SpringBootTestContextBootstrapper - Skipping candidate TestExecutionListener [org.springframework.test.context.transaction.TransactionalTestExecutionListener] due to a missing dependency. Specify custom listener classes or make the default listener classes and their required dependencies available. Offending class: [org/springframework/transaction/interceptor/TransactionAttributeSource]
14:06:57.437 [main] DEBUG org.springframework.boot.test.context.SpringBootTestContextBootstrapper - Skipping candidate TestExecutionListener [org.springframework.test.context.jdbc.SqlScriptsTestExecutionListener] due to a missing dependency. Specify custom listener classes or make the default listener classes and their required dependencies available. Offending class: [org/springframework/transaction/interceptor/TransactionAttribute]
14:06:57.438 [main] INFO org.springframework.boot.test.context.SpringBootTestContextBootstrapper - Using TestExecutionListeners: [org.springframework.test.context.support.DirtiesContextBeforeModesTestExecutionListener@4983159f, org.springframework.test.context.event.ApplicationEventsTestExecutionListener@44e3a2b2, org.springframework.boot.test.mock.mockito.MockitoTestExecutionListener@101639ae, org.springframework.boot.test.autoconfigure.SpringBootDependencyInjectionTestExecutionListener@4c550889, org.springframework.test.context.support.DirtiesContextTestExecutionListener@1d2bd371, org.springframework.test.context.event.EventPublishingTestExecutionListener@44040454, org.springframework.boot.test.mock.mockito.ResetMocksTestExecutionListener@65fe9e33, org.springframework.boot.test.autoconfigure.restdocs.RestDocsTestExecutionListener@18bc345, org.springframework.boot.test.autoconfigure.web.client.MockRestServiceServerResetTestExecutionListener@42f8285e, org.springframework.boot.test.autoconfigure.web.servlet.MockMvcPrintOnlyOnFailureTestExecutionListener@26bab2f1, org.springframework.boot.test.autoconfigure.web.servlet.WebDriverTestExecutionListener@3724af13, org.springframework.boot.test.autoconfigure.webservices.client.MockWebServiceServerTestExecutionListener@68ead359]
14:06:57.445 [main] DEBUG org.springframework.test.context.support.AbstractDirtiesContextTestExecutionListener - Before test class: context [DefaultTestContext@7966baa7 testClass = Aed3ApplicationTests, testInstance = [null], testMethod = [null], testException = [null], mergedContextConfiguration = [MergedContextConfiguration@60975100 testClass = Aed3ApplicationTests, locations = '{}', classes = '{class br.com.pucminas.aed3.Aed3Application}', contextInitializerClasses = '[]', activeProfiles = '{}', propertySourceLocations = '{}', propertySourceProperties = '{org.springframework.boot.test.context.SpringBootTestContextBootstrapper=true}', contextCustomizers = set[org.springframework.boot.test.context.filter.ExcludeFilterContextCustomizer@2bdd8394, org.springframework.boot.test.json.DuplicateJsonObjectContextCustomizerFactory$DuplicateJsonObjectContextCustomizer@41488b16, org.springframework.boot.test.mock.mockito.MockitoContextCustomizer@0, org.springframework.boot.test.web.client.TestRestTemplateContextCustomizer@3e62d773, org.springframework.boot.test.autoconfigure.actuate.metrics.MetricsExportContextCustomizerFactory$DisableMetricExportContextCustomizer@18ece7f4, org.springframework.boot.test.autoconfigure.properties.PropertyMappingContextCustomizer@0, org.springframework.boot.test.autoconfigure.web.servlet.WebDriverContextCustomizerFactory$Customizer@77659b30, org.springframework.boot.test.context.SpringBootTestArgs@1, org.springframework.boot.test.context.SpringBootTestWebEnvironment@3eb7fc54], contextLoader = 'org.springframework.boot.test.context.SpringBootContextLoader', parent = [null]], attributes = map[[empty]]], class annotated with @DirtiesContext [false] with mode [null].
14:06:57.469 [main] DEBUG org.springframework.test.context.support.DependencyInjectionTestExecutionListener - Performing dependency injection for test context [[DefaultTestContext@7966baa7 testClass = Aed3ApplicationTests, testInstance = br.com.pucminas.aed3.Aed3ApplicationTests@54a67a45, testMethod = [null], testException = [null], mergedContextConfiguration = [MergedContextConfiguration@60975100 testClass = Aed3ApplicationTests, locations = '{}', classes = '{class br.com.pucminas.aed3.Aed3Application}', contextInitializerClasses = '[]', activeProfiles = '{}', propertySourceLocations = '{}', propertySourceProperties = '{org.springframework.boot.test.context.SpringBootTestContextBootstrapper=true}', contextCustomizers = set[org.springframework.boot.test.context.filter.ExcludeFilterContextCustomizer@2bdd8394, org.springframework.boot.test.json.DuplicateJsonObjectContextCustomizerFactory$DuplicateJsonObjectContextCustomizer@41488b16, org.springframework.boot.test.mock.mockito.MockitoContextCustomizer@0, org.springframework.boot.test.web.client.TestRestTemplateContextCustomizer@3e62d773, org.springframework.boot.test.autoconfigure.actuate.metrics.MetricsExportContextCustomizerFactory$DisableMetricExportContextCustomizer@18ece7f4, org.springframework.boot.test.autoconfigure.properties.PropertyMappingContextCustomizer@0, org.springframework.boot.test.autoconfigure.web.servlet.WebDriverContextCustomizerFactory$Customizer@77659b30, org.springframework.boot.test.context.SpringBootTestArgs@1, org.springframework.boot.test.context.SpringBootTestWebEnvironment@3eb7fc54], contextLoader = 'org.springframework.boot.test.context.SpringBootContextLoader', parent = [null]], attributes = map['org.springframework.test.context.event.ApplicationEventsTestExecutionListener.recordApplicationEvents' -> false]]].

  .   ____          _            __ _ _
 /\\ / ___'_ __ _ _(_)_ __  __ _ \ \ \ \
( ( )\___ | '_ | '_| | '_ \/ _` | \ \ \ \
 \\/  ___)| |_)| | | | | || (_| |  ) ) ) )
  '  |____| .__|_| |_|_| |_\__, | / / / /
 =========|_|==============|___/=/_/_/_/
 :: Spring Boot ::               (v2.7.16)

2023-11-12 14:06:57.989  INFO 3156 --- [           main] b.c.pucminas.aed3.Aed3ApplicationTests   : Starting Aed3ApplicationTests using Java 11.0.2 on DESKTOP-DGGCVI6 with PID 3156 (started by Luan in C:\Users\Luan\Documents\dev\projetos\aed3)
2023-11-12 14:06:57.991  INFO 3156 --- [           main] b.c.pucminas.aed3.Aed3ApplicationTests   : The following 1 profile is active: "dev"
2023-11-12 14:06:58.585  INFO 3156 --- [           main] b.c.pucminas.aed3.Aed3ApplicationTests   : Started Aed3ApplicationTests in 1.08 seconds (JVM running for 2.206)
2023-11-12 14:06:58.652  INFO 3156 --- [           main] ConditionEvaluationReportLoggingListener : 

Error starting ApplicationContext. To display the conditions report re-run your application with 'debug' enabled.
2023-11-12 14:06:58.701 ERROR 3156 --- [           main] o.s.boot.SpringApplication               : Application run failed

java.lang.StackOverflowError: null
	at java.base/java.util.regex.Pattern$BmpCharProperty.match(Pattern.java:3950) ~[na:na]
	at java.base/java.util.regex.Pattern$GroupHead.match(Pattern.java:4791) ~[na:na]
	at java.base/java.util.regex.Pattern$Branch.match(Pattern.java:4736) ~[na:na]
	at java.base/java.util.regex.Pattern$Branch.match(Pattern.java:4734) ~[na:na]
	at java.base/java.util.regex.Pattern$BranchConn.match(Pattern.java:4700) ~[na:na]
	at java.base/java.util.regex.Pattern$GroupTail.match(Pattern.java:4850) ~[na:na]
	at java.base/java.util.regex.Pattern$BmpCharPropertyGreedy.match(Pattern.java:4331) ~[na:na]
	at java.base/java.util.regex.Pattern$GroupHead.match(Pattern.java:4791) ~[na:na]
	at java.base/java.util.regex.Pattern$Branch.match(Pattern.java:4736) ~[na:na]
	at java.base/java.util.regex.Pattern$Branch.match(Pattern.java:4734) ~[na:na]
	at java.base/java.util.regex.Pattern$BmpCharProperty.match(Pattern.java:3951) ~[na:na]
	at java.base/java.util.regex.Pattern$Start.match(Pattern.java:3606) ~[na:na]
	at java.base/java.util.regex.Matcher.search(Matcher.java:1729) ~[na:na]
	at java.base/java.util.regex.Matcher.find(Matcher.java:773) ~[na:na]
	at java.base/java.util.Formatter.parse(Formatter.java:2702) ~[na:na]
	at java.base/java.util.Formatter.format(Formatter.java:2655) ~[na:na]
	at java.base/java.util.Formatter.format(Formatter.java:2609) ~[na:na]
	at java.base/java.lang.String.format(String.java:2897) ~[na:na]
	at br.com.pucminas.aed3.view.Screen.clearLine(Screen.java:21) ~[classes/:na]
	at br.com.pucminas.aed3.view.Screen.print(Screen.java:25) ~[classes/:na]
	at br.com.pucminas.aed3.view.Screen.clearLine(Screen.java:21) ~[classes/:na]
	at br.com.pucminas.aed3.view.Screen.print(Screen.java:25) ~[classes/:na]
	at br.com.pucminas.aed3.view.Screen.clearLine(Screen.java:21) ~[classes/:na]
	at br.com.pucminas.aed3.view.Screen.print(Screen.java:25) ~[classes/:na]
	at br.com.pucminas.aed3.view.Screen.clearLine(Screen.java:21) ~[classes/:na]
	at br.com.pucminas.aed3.view.Screen.print(Screen.java:25) ~[classes/:na]
	at br.com.pucminas.aed3.view.Screen.clearLine(Screen.java:21) ~[classes/:na]
	at br.com.pucminas.aed3.view.Screen.print(Screen.java:25) ~[classes/:na]
	at br.com.pucminas.aed3.view.Screen.clearLine(Screen.java:21) ~[classes/:na]
	at br.com.pucminas.aed3.view.Screen.print(Screen.java:25) ~[classes/:na]
	at br.com.pucminas.aed3.view.Screen.clearLine(Screen.java:21) ~[classes/:na]
	at br.com.pucminas.aed3.view.Screen.print(Screen.java:25) ~[classes/:na]
	at br.com.pucminas.aed3.view.Screen.clearLine(Screen.java:21) ~[classes/:na]
	at br.com.pucminas.aed3.view.Screen.print(Screen.java:25) ~[classes/:na]
	at br.com.pucminas.aed3.view.Screen.clearLine(Screen.java:21) ~[classes/:na]
	at br.com.pucminas.aed3.view.Screen.print(Screen.java:25) ~[classes/:na]
	at br.com.pucminas.aed3.view.Screen.clearLine(Screen.java:21) ~[classes/:na]
	at br.com.pucminas.aed3.view.Screen.print(Screen.java:25) ~[classes/:na]
	at br.com.pucminas.aed3.view.Screen.clearLine(Screen.java:21) ~[classes/:na]
	at br.com.pucminas.aed3.view.Screen.print(Screen.java:25) ~[classes/:na]
	at br.com.pucminas.aed3.view.Screen.clearLine(Screen.java:21) ~[classes/:na]
	at br.com.pucminas.aed3.view.Screen.print(Screen.java:25) ~[classes/:na]
	at br.com.pucminas.aed3.view.Screen.clearLine(Screen.java:21) ~[classes/:na]
	at br.com.pucminas.aed3.view.Screen.print(Screen.java:25) ~[classes/:na]
	at br.com.pucminas.aed3.view.Screen.clearLine(Screen.java:21) ~[classes/:na]
	at br.com.pucminas.aed3.view.Screen.print(Screen.java:25) ~[classes/:na]
	at br.com.pucminas.aed3.view.Screen.clearLine(Screen.java:21) ~[classes/:na]
	at br.com.pucminas.aed3.view.Screen.print(Screen.java:25) ~[classes/:na]
	at br.com.pucminas.aed3.view.Screen.clearLine(Screen.java:21) ~[classes/:na]
	at br.com.pucminas.aed3.view.Screen.print(Screen.java:25) ~[classes/:na]
	at br.com.pucminas.aed3.view.Screen.clearLine(Screen.java:21) ~[classes/:na]
	at br.com.pucminas.aed3.view.Screen.print(Screen.java:25) ~[classes/:na]
	at br.com.pucminas.aed3.view.Screen.clearLine(Screen.java:21) ~[classes/:na]
	at br.com.pucminas.aed3.view.Screen.print(Screen.java:25) ~[classes/:na]
	at br.com.pucminas.aed3.view.Screen.clearLine(Screen.java:21) ~[classes/:na]
	at br.com.pucminas.aed3.view.Screen.print(Screen.java:25) ~[classes/:na]
	at br.com.pucminas.aed3.view.Screen.clearLine(Screen.java:21) ~[classes/:na]
	at br.com.pucminas.aed3.view.Screen.print(Screen.java:25) ~[classes/:na]
	at br.com.pucminas.aed3.view.Screen.clearLine(Screen.java:21) ~[classes/:na]
	at br.com.pucminas.aed3.view.Screen.print(Screen.java:25) ~[classes/:na]
	at br.com.pucminas.aed3.view.Screen.clearLine(Screen.java:21) ~[classes/:na]
	at br.com.pucminas.aed3.view.Screen.print(Screen.java:25) ~[classes/:na]
	at br.com.pucminas.aed3.view.Screen.clearLine(Screen.java:21) ~[classes/:na]
	at br.com.pucminas.aed3.view.Screen.print(Screen.java:25) ~[classes/:na]
	at br.com.pucminas.aed3.view.Screen.clearLine(Screen.java:21) ~[classes/:na]
	at br.com.pucminas.aed3.view.Screen.print(Screen.java:25) ~[classes/:na]
	at br.com.pucminas.aed3.view.Screen.clearLine(Screen.java:21) ~[classes/:na]
	at br.com.pucminas.aed3.view.Screen.print(Screen.java:25) ~[classes/:na]
	at br.com.pucminas.aed3.view.Screen.clearLine(Screen.java:21) ~[classes/:na]
	at br.com.pucminas.aed3.view.Screen.print(Screen.java:25) ~[classes/:na]
	at br.com.pucminas.aed3.view.Screen.clearLine(Screen.java:21) ~[classes/:na]
	at br.com.pucminas.aed3.view.Screen.print(Screen.java:25) ~[classes/:na]
	at br.com.pucminas.aed3.view.Screen.clearLine(Screen.java:21) ~[classes/:na]
	at br.com.pucminas.aed3.view.Screen.print(Screen.java:25) ~[classes/:na]
	at br.com.pucminas.aed3.view.Screen.clearLine(Screen.java:21) ~[classes/:na]
	at br.com.pucminas.aed3.view.Screen.print(Screen.java:25) ~[classes/:na]
	at br.com.pucminas.aed3.view.Screen.clearLine(Screen.java:21) ~[classes/:na]
	at br.com.pucminas.aed3.view.Screen.print(Screen.java:25) ~[classes/:na]
	at br.com.pucminas.aed3.view.Screen.clearLine(Screen.java:21) ~[classes/:na]
	at br.com.pucminas.aed3.view.Screen.print(Screen.java:25) ~[classes/:na]
	at br.com.pucminas.aed3.view.Screen.clearLine(Screen.java:21) ~[classes/:na]
	at br.com.pucminas.aed3.view.Screen.print(Screen.java:25) ~[classes/:na]
	at br.com.pucminas.aed3.view.Screen.clearLine(Screen.java:21) ~[classes/:na]
	at br.com.pucminas.aed3.view.Screen.print(Screen.java:25) ~[classes/:na]
	at br.com.pucminas.aed3.view.Screen.clearLine(Screen.java:21) ~[classes/:na]
	at br.com.pucminas.aed3.view.Screen.print(Screen.java:25) ~[classes/:na]
	at br.com.pucminas.aed3.view.Screen.clearLine(Screen.java:21) ~[classes/:na]
	at br.com.pucminas.aed3.view.Screen.print(Screen.java:25) ~[classes/:na]
	at br.com.pucminas.aed3.view.Screen.clearLine(Screen.java:21) ~[classes/:na]
	at br.com.pucminas.aed3.view.Screen.print(Screen.java:25) ~[classes/:na]
	at br.com.pucminas.aed3.view.Screen.clearLine(Screen.java:21) ~[classes/:na]
	at br.com.pucminas.aed3.view.Screen.print(Screen.java:25) ~[classes/:na]
	at br.com.pucminas.aed3.view.Screen.clearLine(Screen.java:21) ~[classes/:na]
	at br.com.pucminas.aed3.view.Screen.print(Screen.java:25) ~[classes/:na]
	at br.com.pucminas.aed3.view.Screen.clearLine(Screen.java:21) ~[classes/:na]
	at br.com.pucminas.aed3.view.Screen.print(Screen.java:25) ~[classes/:na]
	at br.com.pucminas.aed3.view.Screen.clearLine(Screen.java:21) ~[classes/:na]
	at br.com.pucminas.aed3.view.Screen.print(Screen.java:25) ~[classes/:na]
	at br.com.pucminas.aed3.view.Screen.clearLine(Screen.java:21) ~[classes/:na]
	at br.com.pucminas.aed3.view.Screen.print(Screen.java:25) ~[classes/:na]
	at br.com.pucminas.aed3.view.Screen.clearLine(Screen.java:21) ~[classes/:na]
	at br.com.pucminas.aed3.view.Screen.print(Screen.java:25) ~[classes/:na]
	at br.com.pucminas.aed3.view.Screen.clearLine(Screen.java:21) ~[classes/:na]
	at br.com.pucminas.aed3.view.Screen.print(Screen.java:25) ~[classes/:na]
	at br.com.pucminas.aed3.view.Screen.clearLine(Screen.java:21) ~[classes/:na]
	at br.com.pucminas.aed3.view.Screen.print(Screen.java:25) ~[classes/:na]
	at br.com.pucminas.aed3.view.Screen.clearLine(Screen.java:21) ~[classes/:na]
	at br.com.pucminas.aed3.view.Screen.print(Screen.java:25) ~[classes/:na]
	at br.com.pucminas.aed3.view.Screen.clearLine(Screen.java:21) ~[classes/:na]
	at br.com.pucminas.aed3.view.Screen.print(Screen.java:25) ~[classes/:na]
	at br.com.pucminas.aed3.view.Screen.clearLine(Screen.java:21) ~[classes/:na]
	at br.com.pucminas.aed3.view.Screen.print(Screen.java:25) ~[classes/:na]
	at br.com.pucminas.aed3.view.Screen.clearLine(Screen.java:21) ~[classes/:na]
	at br.com.pucminas.aed3.view.Screen.print(Screen.java:25) ~[classes/:na]
	at br.com.pucminas.aed3.view.Screen.clearLine(Screen.java:21) ~[classes/:na]
	at br.com.pucminas.aed3.view.Screen.print(Screen.java:25) ~[classes/:na]
	at br.com.pucminas.aed3.view.Screen.clearLine(Screen.java:21) ~[classes/:na]
	at br.com.pucminas.aed3.view.Screen.print(Screen.java:25) ~[classes/:na]
	at br.com.pucminas.aed3.view.Screen.clearLine(Screen.java:21) ~[classes/:na]
	at br.com.pucminas.aed3.view.Screen.print(Screen.java:25) ~[classes/:na]
	at br.com.pucminas.aed3.view.Screen.clearLine(Screen.java:21) ~[classes/:na]
	at br.com.pucminas.aed3.view.Screen.print(Screen.java:25) ~[classes/:na]
	at br.com.pucminas.aed3.view.Screen.clearLine(Screen.java:21) ~[classes/:na]
	at br.com.pucminas.aed3.view.Screen.print(Screen.java:25) ~[classes/:na]
	at br.com.pucminas.aed3.view.Screen.clearLine(Screen.java:21) ~[classes/:na]
	at br.com.pucminas.aed3.view.Screen.print(Screen.java:25) ~[classes/:na]
	at br.com.pucminas.aed3.view.Screen.clearLine(Screen.java:21) ~[classes/:na]
	at br.com.pucminas.aed3.view.Screen.print(Screen.java:25) ~[classes/:na]
	at br.com.pucminas.aed3.view.Screen.clearLine(Screen.java:21) ~[classes/:na]
	at br.com.pucminas.aed3.view.Screen.print(Screen.java:25) ~[classes/:na]
	at br.com.pucminas.aed3.view.Screen.clearLine(Screen.java:21) ~[classes/:na]
	at br.com.pucminas.aed3.view.Screen.print(Screen.java:25) ~[classes/:na]
	at br.com.pucminas.aed3.view.Screen.clearLine(Screen.java:21) ~[classes/:na]
	at br.com.pucminas.aed3.view.Screen.print(Screen.java:25) ~[classes/:na]
	at br.com.pucminas.aed3.view.Screen.clearLine(Screen.java:21) ~[classes/:na]
	at br.com.pucminas.aed3.view.Screen.print(Screen.java:25) ~[classes/:na]
	at br.com.pucminas.aed3.view.Screen.clearLine(Screen.java:21) ~[classes/:na]
	at br.com.pucminas.aed3.view.Screen.print(Screen.java:25) ~[classes/:na]
	at br.com.pucminas.aed3.view.Screen.clearLine(Screen.java:21) ~[classes/:na]
	at br.com.pucminas.aed3.view.Screen.print(Screen.java:25) ~[classes/:na]
	at br.com.pucminas.aed3.view.Screen.clearLine(Screen.java:21) ~[classes/:na]
	at br.com.pucminas.aed3.view.Screen.print(Screen.java:25) ~[classes/:na]
	at br.com.pucminas.aed3.view.Screen.clearLine(Screen.java:21) ~[classes/:na]
	at br.com.pucminas.aed3.view.Screen.print(Screen.java:25) ~[classes/:na]
	at br.com.pucminas.aed3.view.Screen.clearLine(Screen.java:21) ~[classes/:na]
	at br.com.pucminas.aed3.view.Screen.print(Screen.java:25) ~[classes/:na]
	at br.com.pucminas.aed3.view.Screen.clearLine(Screen.java:21) ~[classes/:na]
	at br.com.pucminas.aed3.view.Screen.print(Screen.java:25) ~[classes/:na]
	at br.com.pucminas.aed3.view.Screen.clearLine(Screen.java:21) ~[classes/:na]
	at br.com.pucminas.aed3.view.Screen.print(Screen.java:25) ~[classes/:na]
	at br.com.pucminas.aed3.view.Screen.clearLine(Screen.java:21) ~[classes/:na]
	at br.com.pucminas.aed3.view.Screen.print(Screen.java:25) ~[classes/:na]
	at br.com.pucminas.aed3.view.Screen.clearLine(Screen.java:21) ~[classes/:na]
	at br.com.pucminas.aed3.view.Screen.print(Screen.java:25) ~[classes/:na]
	at br.com.pucminas.aed3.view.Screen.clearLine(Screen.java:21) ~[classes/:na]
	at br.com.pucminas.aed3.view.Screen.print(Screen.java:25) ~[classes/:na]
	at br.com.pucminas.aed3.view.Screen.clearLine(Screen.java:21) ~[classes/:na]
	at br.com.pucminas.aed3.view.Screen.print(Screen.java:25) ~[classes/:na]
	at br.com.pucminas.aed3.view.Screen.clearLine(Screen.java:21) ~[classes/:na]
	at br.com.pucminas.aed3.view.Screen.print(Screen.java:25) ~[classes/:na]
	at br.com.pucminas.aed3.view.Screen.clearLine(Screen.java:21) ~[classes/:na]
	at br.com.pucminas.aed3.view.Screen.print(Screen.java:25) ~[classes/:na]
	at br.com.pucminas.aed3.view.Screen.clearLine(Screen.java:21) ~[classes/:na]
	at br.com.pucminas.aed3.view.Screen.print(Screen.java:25) ~[classes/:na]
	at br.com.pucminas.aed3.view.Screen.clearLine(Screen.java:21) ~[classes/:na]
	at br.com.pucminas.aed3.view.Screen.print(Screen.java:25) ~[classes/:na]
	at br.com.pucminas.aed3.view.Screen.clearLine(Screen.java:21) ~[classes/:na]
	at br.com.pucminas.aed3.view.Screen.print(Screen.java:25) ~[classes/:na]
	at br.com.pucminas.aed3.view.Screen.clearLine(Screen.java:21) ~[classes/:na]
	at br.com.pucminas.aed3.view.Screen.print(Screen.java:25) ~[classes/:na]
	at br.com.pucminas.aed3.view.Screen.clearLine(Screen.java:21) ~[classes/:na]
	at br.com.pucminas.aed3.view.Screen.print(Screen.java:25) ~[classes/:na]
	at br.com.pucminas.aed3.view.Screen.clearLine(Screen.java:21) ~[classes/:na]
	at br.com.pucminas.aed3.view.Screen.print(Screen.java:25) ~[classes/:na]
	at br.com.pucminas.aed3.view.Screen.clearLine(Screen.java:21) ~[classes/:na]
	at br.com.pucminas.aed3.view.Screen.print(Screen.java:25) ~[classes/:na]
	at br.com.pucminas.aed3.view.Screen.clearLine(Screen.java:21) ~[classes/:na]
	at br.com.pucminas.aed3.view.Screen.print(Screen.java:25) ~[classes/:na]
	at br.com.pucminas.aed3.view.Screen.clearLine(Screen.java:21) ~[classes/:na]
	at br.com.pucminas.aed3.view.Screen.print(Screen.java:25) ~[classes/:na]
	at br.com.pucminas.aed3.view.Screen.clearLine(Screen.java:21) ~[classes/:na]
	at br.com.pucminas.aed3.view.Screen.print(Screen.java:25) ~[classes/:na]
	at br.com.pucminas.aed3.view.Screen.clearLine(Screen.java:21) ~[classes/:na]
	at br.com.pucminas.aed3.view.Screen.print(Screen.java:25) ~[classes/:na]
	at br.com.pucminas.aed3.view.Screen.clearLine(Screen.java:21) ~[classes/:na]
	at br.com.pucminas.aed3.view.Screen.print(Screen.java:25) ~[classes/:na]
	at br.com.pucminas.aed3.view.Screen.clearLine(Screen.java:21) ~[classes/:na]
	at br.com.pucminas.aed3.view.Screen.print(Screen.java:25) ~[classes/:na]
	at br.com.pucminas.aed3.view.Screen.clearLine(Screen.java:21) ~[classes/:na]
	at br.com.pucminas.aed3.view.Screen.print(Screen.java:25) ~[classes/:na]
	at br.com.pucminas.aed3.view.Screen.clearLine(Screen.java:21) ~[classes/:na]
	at br.com.pucminas.aed3.view.Screen.print(Screen.java:25) ~[classes/:na]
	at br.com.pucminas.aed3.view.Screen.clearLine(Screen.java:21) ~[classes/:na]
	at br.com.pucminas.aed3.view.Screen.print(Screen.java:25) ~[classes/:na]
	at br.com.pucminas.aed3.view.Screen.clearLine(Screen.java:21) ~[classes/:na]
	at br.com.pucminas.aed3.view.Screen.print(Screen.java:25) ~[classes/:na]
	at br.com.pucminas.aed3.view.Screen.clearLine(Screen.java:21) ~[classes/:na]
	at br.com.pucminas.aed3.view.Screen.print(Screen.java:25) ~[classes/:na]
	at br.com.pucminas.aed3.view.Screen.clearLine(Screen.java:21) ~[classes/:na]
	at br.com.pucminas.aed3.view.Screen.print(Screen.java:25) ~[classes/:na]
	at br.com.pucminas.aed3.view.Screen.clearLine(Screen.java:21) ~[classes/:na]
	at br.com.pucminas.aed3.view.Screen.print(Screen.java:25) ~[classes/:na]
	at br.com.pucminas.aed3.view.Screen.clearLine(Screen.java:21) ~[classes/:na]
	at br.com.pucminas.aed3.view.Screen.print(Screen.java:25) ~[classes/:na]
	at br.com.pucminas.aed3.view.Screen.clearLine(Screen.java:21) ~[classes/:na]
	at br.com.pucminas.aed3.view.Screen.print(Screen.java:25) ~[classes/:na]
	at br.com.pucminas.aed3.view.Screen.clearLine(Screen.java:21) ~[classes/:na]
	at br.com.pucminas.aed3.view.Screen.print(Screen.java:25) ~[classes/:na]
	at br.com.pucminas.aed3.view.Screen.clearLine(Screen.java:21) ~[classes/:na]
	at br.com.pucminas.aed3.view.Screen.print(Screen.java:25) ~[classes/:na]
	at br.com.pucminas.aed3.view.Screen.clearLine(Screen.java:21) ~[classes/:na]
	at br.com.pucminas.aed3.view.Screen.print(Screen.java:25) ~[classes/:na]
	at br.com.pucminas.aed3.view.Screen.clearLine(Screen.java:21) ~[classes/:na]
	at br.com.pucminas.aed3.view.Screen.print(Screen.java:25) ~[classes/:na]
	at br.com.pucminas.aed3.view.Screen.clearLine(Screen.java:21) ~[classes/:na]
	at br.com.pucminas.aed3.view.Screen.print(Screen.java:25) ~[classes/:na]
	at br.com.pucminas.aed3.view.Screen.clearLine(Screen.java:21) ~[classes/:na]
	at br.com.pucminas.aed3.view.Screen.print(Screen.java:25) ~[classes/:na]
	at br.com.pucminas.aed3.view.Screen.clearLine(Screen.java:21) ~[classes/:na]
	at br.com.pucminas.aed3.view.Screen.print(Screen.java:25) ~[classes/:na]
	at br.com.pucminas.aed3.view.Screen.clearLine(Screen.java:21) ~[classes/:na]
	at br.com.pucminas.aed3.view.Screen.print(Screen.java:25) ~[classes/:na]
	at br.com.pucminas.aed3.view.Screen.clearLine(Screen.java:21) ~[classes/:na]
	at br.com.pucminas.aed3.view.Screen.print(Screen.java:25) ~[classes/:na]
	at br.com.pucminas.aed3.view.Screen.clearLine(Screen.java:21) ~[classes/:na]
	at br.com.pucminas.aed3.view.Screen.print(Screen.java:25) ~[classes/:na]
	at br.com.pucminas.aed3.view.Screen.clearLine(Screen.java:21) ~[classes/:na]
	at br.com.pucminas.aed3.view.Screen.print(Screen.java:25) ~[classes/:na]
	at br.com.pucminas.aed3.view.Screen.clearLine(Screen.java:21) ~[classes/:na]
	at br.com.pucminas.aed3.view.Screen.print(Screen.java:25) ~[classes/:na]
	at br.com.pucminas.aed3.view.Screen.clearLine(Screen.java:21) ~[classes/:na]
	at br.com.pucminas.aed3.view.Screen.print(Screen.java:25) ~[classes/:na]
	at br.com.pucminas.aed3.view.Screen.clearLine(Screen.java:21) ~[classes/:na]
	at br.com.pucminas.aed3.view.Screen.print(Screen.java:25) ~[classes/:na]
	at br.com.pucminas.aed3.view.Screen.clearLine(Screen.java:21) ~[classes/:na]
	at br.com.pucminas.aed3.view.Screen.print(Screen.java:25) ~[classes/:na]
	at br.com.pucminas.aed3.view.Screen.clearLine(Screen.java:21) ~[classes/:na]
	at br.com.pucminas.aed3.view.Screen.print(Screen.java:25) ~[classes/:na]
	at br.com.pucminas.aed3.view.Screen.clearLine(Screen.java:21) ~[classes/:na]
	at br.com.pucminas.aed3.view.Screen.print(Screen.java:25) ~[classes/:na]
	at br.com.pucminas.aed3.view.Screen.clearLine(Screen.java:21) ~[classes/:na]
	at br.com.pucminas.aed3.view.Screen.print(Screen.java:25) ~[classes/:na]
	at br.com.pucminas.aed3.view.Screen.clearLine(Screen.java:21) ~[classes/:na]
	at br.com.pucminas.aed3.view.Screen.print(Screen.java:25) ~[classes/:na]
	at br.com.pucminas.aed3.view.Screen.clearLine(Screen.java:21) ~[classes/:na]
	at br.com.pucminas.aed3.view.Screen.print(Screen.java:25) ~[classes/:na]
	at br.com.pucminas.aed3.view.Screen.clearLine(Screen.java:21) ~[classes/:na]
	at br.com.pucminas.aed3.view.Screen.print(Screen.java:25) ~[classes/:na]
	at br.com.pucminas.aed3.view.Screen.clearLine(Screen.java:21) ~[classes/:na]
	at br.com.pucminas.aed3.view.Screen.print(Screen.java:25) ~[classes/:na]
	at br.com.pucminas.aed3.view.Screen.clearLine(Screen.java:21) ~[classes/:na]
	at br.com.pucminas.aed3.view.Screen.print(Screen.java:25) ~[classes/:na]
	at br.com.pucminas.aed3.view.Screen.clearLine(Screen.java:21) ~[classes/:na]
	at br.com.pucminas.aed3.view.Screen.print(Screen.java:25) ~[classes/:na]
	at br.com.pucminas.aed3.view.Screen.clearLine(Screen.java:21) ~[classes/:na]
	at br.com.pucminas.aed3.view.Screen.print(Screen.java:25) ~[classes/:na]
	at br.com.pucminas.aed3.view.Screen.clearLine(Screen.java:21) ~[classes/:na]
	at br.com.pucminas.aed3.view.Screen.print(Screen.java:25) ~[classes/:na]
	at br.com.pucminas.aed3.view.Screen.clearLine(Screen.java:21) ~[classes/:na]
	at br.com.pucminas.aed3.view.Screen.print(Screen.java:25) ~[classes/:na]
	at br.com.pucminas.aed3.view.Screen.clearLine(Screen.java:21) ~[classes/:na]
	at br.com.pucminas.aed3.view.Screen.print(Screen.java:25) ~[classes/:na]
	at br.com.pucminas.aed3.view.Screen.clearLine(Screen.java:21) ~[classes/:na]
	at br.com.pucminas.aed3.view.Screen.print(Screen.java:25) ~[classes/:na]
	at br.com.pucminas.aed3.view.Screen.clearLine(Screen.java:21) ~[classes/:na]
	at br.com.pucminas.aed3.view.Screen.print(Screen.java:25) ~[classes/:na]
	at br.com.pucminas.aed3.view.Screen.clearLine(Screen.java:21) ~[classes/:na]
	at br.com.pucminas.aed3.view.Screen.print(Screen.java:25) ~[classes/:na]
	at br.com.pucminas.aed3.view.Screen.clearLine(Screen.java:21) ~[classes/:na]
	at br.com.pucminas.aed3.view.Screen.print(Screen.java:25) ~[classes/:na]
	at br.com.pucminas.aed3.view.Screen.clearLine(Screen.java:21) ~[classes/:na]
	at br.com.pucminas.aed3.view.Screen.print(Screen.java:25) ~[classes/:na]
	at br.com.pucminas.aed3.view.Screen.clearLine(Screen.java:21) ~[classes/:na]
	at br.com.pucminas.aed3.view.Screen.print(Screen.java:25) ~[classes/:na]
	at br.com.pucminas.aed3.view.Screen.clearLine(Screen.java:21) ~[classes/:na]
	at br.com.pucminas.aed3.view.Screen.print(Screen.java:25) ~[classes/:na]
	at br.com.pucminas.aed3.view.Screen.clearLine(Screen.java:21) ~[classes/:na]
	at br.com.pucminas.aed3.view.Screen.print(Screen.java:25) ~[classes/:na]
	at br.com.pucminas.aed3.view.Screen.clearLine(Screen.java:21) ~[classes/:na]
	at br.com.pucminas.aed3.view.Screen.print(Screen.java:25) ~[classes/:na]
	at br.com.pucminas.aed3.view.Screen.clearLine(Screen.java:21) ~[classes/:na]
	at br.com.pucminas.aed3.view.Screen.print(Screen.java:25) ~[classes/:na]
	at br.com.pucminas.aed3.view.Screen.clearLine(Screen.java:21) ~[classes/:na]
	at br.com.pucminas.aed3.view.Screen.print(Screen.java:25) ~[classes/:na]
	at br.com.pucminas.aed3.view.Screen.clearLine(Screen.java:21) ~[classes/:na]
	at br.com.pucminas.aed3.view.Screen.print(Screen.java:25) ~[classes/:na]
	at br.com.pucminas.aed3.view.Screen.clearLine(Screen.java:21) ~[classes/:na]
	at br.com.pucminas.aed3.view.Screen.print(Screen.java:25) ~[classes/:na]
	at br.com.pucminas.aed3.view.Screen.clearLine(Screen.java:21) ~[classes/:na]
	at br.com.pucminas.aed3.view.Screen.print(Screen.java:25) ~[classes/:na]
	at br.com.pucminas.aed3.view.Screen.clearLine(Screen.java:21) ~[classes/:na]
	at br.com.pucminas.aed3.view.Screen.print(Screen.java:25) ~[classes/:na]
	at br.com.pucminas.aed3.view.Screen.clearLine(Screen.java:21) ~[classes/:na]
	at br.com.pucminas.aed3.view.Screen.print(Screen.java:25) ~[classes/:na]
	at br.com.pucminas.aed3.view.Screen.clearLine(Screen.java:21) ~[classes/:na]
	at br.com.pucminas.aed3.view.Screen.print(Screen.java:25) ~[classes/:na]
	at br.com.pucminas.aed3.view.Screen.clearLine(Screen.java:21) ~[classes/:na]
	at br.com.pucminas.aed3.view.Screen.print(Screen.java:25) ~[classes/:na]
	at br.com.pucminas.aed3.view.Screen.clearLine(Screen.java:21) ~[classes/:na]
	at br.com.pucminas.aed3.view.Screen.print(Screen.java:25) ~[classes/:na]
	at br.com.pucminas.aed3.view.Screen.clearLine(Screen.java:21) ~[classes/:na]
	at br.com.pucminas.aed3.view.Screen.print(Screen.java:25) ~[classes/:na]
	at br.com.pucminas.aed3.view.Screen.clearLine(Screen.java:21) ~[classes/:na]
	at br.com.pucminas.aed3.view.Screen.print(Screen.java:25) ~[classes/:na]
	at br.com.pucminas.aed3.view.Screen.clearLine(Screen.java:21) ~[classes/:na]
	at br.com.pucminas.aed3.view.Screen.print(Screen.java:25) ~[classes/:na]
	at br.com.pucminas.aed3.view.Screen.clearLine(Screen.java:21) ~[classes/:na]
	at br.com.pucminas.aed3.view.Screen.print(Screen.java:25) ~[classes/:na]
	at br.com.pucminas.aed3.view.Screen.clearLine(Screen.java:21) ~[classes/:na]
	at br.com.pucminas.aed3.view.Screen.print(Screen.java:25) ~[classes/:na]
	at br.com.pucminas.aed3.view.Screen.clearLine(Screen.java:21) ~[classes/:na]
	at br.com.pucminas.aed3.view.Screen.print(Screen.java:25) ~[classes/:na]
	at br.com.pucminas.aed3.view.Screen.clearLine(Screen.java:21) ~[classes/:na]
	at br.com.pucminas.aed3.view.Screen.print(Screen.java:25) ~[classes/:na]
	at br.com.pucminas.aed3.view.Screen.clearLine(Screen.java:21) ~[classes/:na]
	at br.com.pucminas.aed3.view.Screen.print(Screen.java:25) ~[classes/:na]
	at br.com.pucminas.aed3.view.Screen.clearLine(Screen.java:21) ~[classes/:na]
	at br.com.pucminas.aed3.view.Screen.print(Screen.java:25) ~[classes/:na]
	at br.com.pucminas.aed3.view.Screen.clearLine(Screen.java:21) ~[classes/:na]
	at br.com.pucminas.aed3.view.Screen.print(Screen.java:25) ~[classes/:na]
	at br.com.pucminas.aed3.view.Screen.clearLine(Screen.java:21) ~[classes/:na]
	at br.com.pucminas.aed3.view.Screen.print(Screen.java:25) ~[classes/:na]
	at br.com.pucminas.aed3.view.Screen.clearLine(Screen.java:21) ~[classes/:na]
	at br.com.pucminas.aed3.view.Screen.print(Screen.java:25) ~[classes/:na]
	at br.com.pucminas.aed3.view.Screen.clearLine(Screen.java:21) ~[classes/:na]
	at br.com.pucminas.aed3.view.Screen.print(Screen.java:25) ~[classes/:na]
	at br.com.pucminas.aed3.view.Screen.clearLine(Screen.java:21) ~[classes/:na]
	at br.com.pucminas.aed3.view.Screen.print(Screen.java:25) ~[classes/:na]
	at br.com.pucminas.aed3.view.Screen.clearLine(Screen.java:21) ~[classes/:na]
	at br.com.pucminas.aed3.view.Screen.print(Screen.java:25) ~[classes/:na]
	at br.com.pucminas.aed3.view.Screen.clearLine(Screen.java:21) ~[classes/:na]
	at br.com.pucminas.aed3.view.Screen.print(Screen.java:25) ~[classes/:na]
	at br.com.pucminas.aed3.view.Screen.clearLine(Screen.java:21) ~[classes/:na]
	at br.com.pucminas.aed3.view.Screen.print(Screen.java:25) ~[classes/:na]
	at br.com.pucminas.aed3.view.Screen.clearLine(Screen.java:21) ~[classes/:na]
	at br.com.pucminas.aed3.view.Screen.print(Screen.java:25) ~[classes/:na]
	at br.com.pucminas.aed3.view.Screen.clearLine(Screen.java:21) ~[classes/:na]
	at br.com.pucminas.aed3.view.Screen.print(Screen.java:25) ~[classes/:na]
	at br.com.pucminas.aed3.view.Screen.clearLine(Screen.java:21) ~[classes/:na]
	at br.com.pucminas.aed3.view.Screen.print(Screen.java:25) ~[classes/:na]
	at br.com.pucminas.aed3.view.Screen.clearLine(Screen.java:21) ~[classes/:na]
	at br.com.pucminas.aed3.view.Screen.print(Screen.java:25) ~[classes/:na]
	at br.com.pucminas.aed3.view.Screen.clearLine(Screen.java:21) ~[classes/:na]
	at br.com.pucminas.aed3.view.Screen.print(Screen.java:25) ~[classes/:na]
	at br.com.pucminas.aed3.view.Screen.clearLine(Screen.java:21) ~[classes/:na]
	at br.com.pucminas.aed3.view.Screen.print(Screen.java:25) ~[classes/:na]
	at br.com.pucminas.aed3.view.Screen.clearLine(Screen.java:21) ~[classes/:na]
	at br.com.pucminas.aed3.view.Screen.print(Screen.java:25) ~[classes/:na]
	at br.com.pucminas.aed3.view.Screen.clearLine(Screen.java:21) ~[classes/:na]
	at br.com.pucminas.aed3.view.Screen.print(Screen.java:25) ~[classes/:na]
	at br.com.pucminas.aed3.view.Screen.clearLine(Screen.java:21) ~[classes/:na]
	at br.com.pucminas.aed3.view.Screen.print(Screen.java:25) ~[classes/:na]
	at br.com.pucminas.aed3.view.Screen.clearLine(Screen.java:21) ~[classes/:na]
	at br.com.pucminas.aed3.view.Screen.print(Screen.java:25) ~[classes/:na]
	at br.com.pucminas.aed3.view.Screen.clearLine(Screen.java:21) ~[classes/:na]
	at br.com.pucminas.aed3.view.Screen.print(Screen.java:25) ~[classes/:na]
	at br.com.pucminas.aed3.view.Screen.clearLine(Screen.java:21) ~[classes/:na]
	at br.com.pucminas.aed3.view.Screen.print(Screen.java:25) ~[classes/:na]
	at br.com.pucminas.aed3.view.Screen.clearLine(Screen.java:21) ~[classes/:na]
	at br.com.pucminas.aed3.view.Screen.print(Screen.java:25) ~[classes/:na]
	at br.com.pucminas.aed3.view.Screen.clearLine(Screen.java:21) ~[classes/:na]
	at br.com.pucminas.aed3.view.Screen.print(Screen.java:25) ~[classes/:na]
	at br.com.pucminas.aed3.view.Screen.clearLine(Screen.java:21) ~[classes/:na]
	at br.com.pucminas.aed3.view.Screen.print(Screen.java:25) ~[classes/:na]
	at br.com.pucminas.aed3.view.Screen.clearLine(Screen.java:21) ~[classes/:na]
	at br.com.pucminas.aed3.view.Screen.print(Screen.java:25) ~[classes/:na]
	at br.com.pucminas.aed3.view.Screen.clearLine(Screen.java:21) ~[classes/:na]
	at br.com.pucminas.aed3.view.Screen.print(Screen.java:25) ~[classes/:na]
	at br.com.pucminas.aed3.view.Screen.clearLine(Screen.java:21) ~[classes/:na]
	at br.com.pucminas.aed3.view.Screen.print(Screen.java:25) ~[classes/:na]
	at br.com.pucminas.aed3.view.Screen.clearLine(Screen.java:21) ~[classes/:na]
	at br.com.pucminas.aed3.view.Screen.print(Screen.java:25) ~[classes/:na]
	at br.com.pucminas.aed3.view.Screen.clearLine(Screen.java:21) ~[classes/:na]
	at br.com.pucminas.aed3.view.Screen.print(Screen.java:25) ~[classes/:na]
	at br.com.pucminas.aed3.view.Screen.clearLine(Screen.java:21) ~[classes/:na]
	at br.com.pucminas.aed3.view.Screen.print(Screen.java:25) ~[classes/:na]
	at br.com.pucminas.aed3.view.Screen.clearLine(Screen.java:21) ~[classes/:na]
	at br.com.pucminas.aed3.view.Screen.print(Screen.java:25) ~[classes/:na]
	at br.com.pucminas.aed3.view.Screen.clearLine(Screen.java:21) ~[classes/:na]
	at br.com.pucminas.aed3.view.Screen.print(Screen.java:25) ~[classes/:na]
	at br.com.pucminas.aed3.view.Screen.clearLine(Screen.java:21) ~[classes/:na]
	at br.com.pucminas.aed3.view.Screen.print(Screen.java:25) ~[classes/:na]
	at br.com.pucminas.aed3.view.Screen.clearLine(Screen.java:21) ~[classes/:na]
	at br.com.pucminas.aed3.view.Screen.print(Screen.java:25) ~[classes/:na]
	at br.com.pucminas.aed3.view.Screen.clearLine(Screen.java:21) ~[classes/:na]
	at br.com.pucminas.aed3.view.Screen.print(Screen.java:25) ~[classes/:na]
	at br.com.pucminas.aed3.view.Screen.clearLine(Screen.java:21) ~[classes/:na]
	at br.com.pucminas.aed3.view.Screen.print(Screen.java:25) ~[classes/:na]
	at br.com.pucminas.aed3.view.Screen.clearLine(Screen.java:21) ~[classes/:na]
	at br.com.pucminas.aed3.view.Screen.print(Screen.java:25) ~[classes/:na]
	at br.com.pucminas.aed3.view.Screen.clearLine(Screen.java:21) ~[classes/:na]
	at br.com.pucminas.aed3.view.Screen.print(Screen.java:25) ~[classes/:na]
	at br.com.pucminas.aed3.view.Screen.clearLine(Screen.java:21) ~[classes/:na]
	at br.com.pucminas.aed3.view.Screen.print(Screen.java:25) ~[classes/:na]
	at br.com.pucminas.aed3.view.Screen.clearLine(Screen.java:21) ~[classes/:na]
	at br.com.pucminas.aed3.view.Screen.print(Screen.java:25) ~[classes/:na]
	at br.com.pucminas.aed3.view.Screen.clearLine(Screen.java:21) ~[classes/:na]
	at br.com.pucminas.aed3.view.Screen.print(Screen.java:25) ~[classes/:na]
	at br.com.pucminas.aed3.view.Screen.clearLine(Screen.java:21) ~[classes/:na]
	at br.com.pucminas.aed3.view.Screen.print(Screen.java:25) ~[classes/:na]
	at br.com.pucminas.aed3.view.Screen.clearLine(Screen.java:21) ~[classes/:na]
	at br.com.pucminas.aed3.view.Screen.print(Screen.java:25) ~[classes/:na]
	at br.com.pucminas.aed3.view.Screen.clearLine(Screen.java:21) ~[classes/:na]
	at br.com.pucminas.aed3.view.Screen.print(Screen.java:25) ~[classes/:na]
	at br.com.pucminas.aed3.view.Screen.clearLine(Screen.java:21) ~[classes/:na]
	at br.com.pucminas.aed3.view.Screen.print(Screen.java:25) ~[classes/:na]
	at br.com.pucminas.aed3.view.Screen.clearLine(Screen.java:21) ~[classes/:na]
	at br.com.pucminas.aed3.view.Screen.print(Screen.java:25) ~[classes/:na]
	at br.com.pucminas.aed3.view.Screen.clearLine(Screen.java:21) ~[classes/:na]
	at br.com.pucminas.aed3.view.Screen.print(Screen.java:25) ~[classes/:na]
	at br.com.pucminas.aed3.view.Screen.clearLine(Screen.java:21) ~[classes/:na]
	at br.com.pucminas.aed3.view.Screen.print(Screen.java:25) ~[classes/:na]
	at br.com.pucminas.aed3.view.Screen.clearLine(Screen.java:21) ~[classes/:na]
	at br.com.pucminas.aed3.view.Screen.print(Screen.java:25) ~[classes/:na]
	at br.com.pucminas.aed3.view.Screen.clearLine(Screen.java:21) ~[classes/:na]
	at br.com.pucminas.aed3.view.Screen.print(Screen.java:25) ~[classes/:na]
	at br.com.pucminas.aed3.view.Screen.clearLine(Screen.java:21) ~[classes/:na]
	at br.com.pucminas.aed3.view.Screen.print(Screen.java:25) ~[classes/:na]
	at br.com.pucminas.aed3.view.Screen.clearLine(Screen.java:21) ~[classes/:na]
	at br.com.pucminas.aed3.view.Screen.print(Screen.java:25) ~[classes/:na]
	at br.com.pucminas.aed3.view.Screen.clearLine(Screen.java:21) ~[classes/:na]
	at br.com.pucminas.aed3.view.Screen.print(Screen.java:25) ~[classes/:na]
	at br.com.pucminas.aed3.view.Screen.clearLine(Screen.java:21) ~[classes/:na]
	at br.com.pucminas.aed3.view.Screen.print(Screen.java:25) ~[classes/:na]
	at br.com.pucminas.aed3.view.Screen.clearLine(Screen.java:21) ~[classes/:na]
	at br.com.pucminas.aed3.view.Screen.print(Screen.java:25) ~[classes/:na]
	at br.com.pucminas.aed3.view.Screen.clearLine(Screen.java:21) ~[classes/:na]
	at br.com.pucminas.aed3.view.Screen.print(Screen.java:25) ~[classes/:na]
	at br.com.pucminas.aed3.view.Screen.clearLine(Screen.java:21) ~[classes/:na]
	at br.com.pucminas.aed3.view.Screen.print(Screen.java:25) ~[classes/:na]
	at br.com.pucminas.aed3.view.Screen.clearLine(Screen.java:21) ~[classes/:na]
	at br.com.pucminas.aed3.view.Screen.print(Screen.java:25) ~[classes/:na]
	at br.com.pucminas.aed3.view.Screen.clearLine(Screen.java:21) ~[classes/:na]
	at br.com.pucminas.aed3.view.Screen.print(Screen.java:25) ~[classes/:na]
	at br.com.pucminas.aed3.view.Screen.clearLine(Screen.java:21) ~[classes/:na]
	at br.com.pucminas.aed3.view.Screen.print(Screen.java:25) ~[classes/:na]
	at br.com.pucminas.aed3.view.Screen.clearLine(Screen.java:21) ~[classes/:na]
	at br.com.pucminas.aed3.view.Screen.print(Screen.java:25) ~[classes/:na]
	at br.com.pucminas.aed3.view.Screen.clearLine(Screen.java:21) ~[classes/:na]
	at br.com.pucminas.aed3.view.Screen.print(Screen.java:25) ~[classes/:na]
	at br.com.pucminas.aed3.view.Screen.clearLine(Screen.java:21) ~[classes/:na]
	at br.com.pucminas.aed3.view.Screen.print(Screen.java:25) ~[classes/:na]
	at br.com.pucminas.aed3.view.Screen.clearLine(Screen.java:21) ~[classes/:na]
	at br.com.pucminas.aed3.view.Screen.print(Screen.java:25) ~[classes/:na]
	at br.com.pucminas.aed3.view.Screen.clearLine(Screen.java:21) ~[classes/:na]
	at br.com.pucminas.aed3.view.Screen.print(Screen.java:25) ~[classes/:na]
	at br.com.pucminas.aed3.view.Screen.clearLine(Screen.java:21) ~[classes/:na]
	at br.com.pucminas.aed3.view.Screen.print(Screen.java:25) ~[classes/:na]
	at br.com.pucminas.aed3.view.Screen.clearLine(Screen.java:21) ~[classes/:na]
	at br.com.pucminas.aed3.view.Screen.print(Screen.java:25) ~[classes/:na]
	at br.com.pucminas.aed3.view.Screen.clearLine(Screen.java:21) ~[classes/:na]
	at br.com.pucminas.aed3.view.Screen.print(Screen.java:25) ~[classes/:na]
	at br.com.pucminas.aed3.view.Screen.clearLine(Screen.java:21) ~[classes/:na]
	at br.com.pucminas.aed3.view.Screen.print(Screen.java:25) ~[classes/:na]
	at br.com.pucminas.aed3.view.Screen.clearLine(Screen.java:21) ~[classes/:na]
	at br.com.pucminas.aed3.view.Screen.print(Screen.java:25) ~[classes/:na]
	at br.com.pucminas.aed3.view.Screen.clearLine(Screen.java:21) ~[classes/:na]
	at br.com.pucminas.aed3.view.Screen.print(Screen.java:25) ~[classes/:na]
	at br.com.pucminas.aed3.view.Screen.clearLine(Screen.java:21) ~[classes/:na]
	at br.com.pucminas.aed3.view.Screen.print(Screen.java:25) ~[classes/:na]
	at br.com.pucminas.aed3.view.Screen.clearLine(Screen.java:21) ~[classes/:na]
	at br.com.pucminas.aed3.view.Screen.print(Screen.java:25) ~[classes/:na]
	at br.com.pucminas.aed3.view.Screen.clearLine(Screen.java:21) ~[classes/:na]
	at br.com.pucminas.aed3.view.Screen.print(Screen.java:25) ~[classes/:na]
	at br.com.pucminas.aed3.view.Screen.clearLine(Screen.java:21) ~[classes/:na]
	at br.com.pucminas.aed3.view.Screen.print(Screen.java:25) ~[classes/:na]
	at br.com.pucminas.aed3.view.Screen.clearLine(Screen.java:21) ~[classes/:na]
	at br.com.pucminas.aed3.view.Screen.print(Screen.java:25) ~[classes/:na]
	at br.com.pucminas.aed3.view.Screen.clearLine(Screen.java:21) ~[classes/:na]
	at br.com.pucminas.aed3.view.Screen.print(Screen.java:25) ~[classes/:na]
	at br.com.pucminas.aed3.view.Screen.clearLine(Screen.java:21) ~[classes/:na]
	at br.com.pucminas.aed3.view.Screen.print(Screen.java:25) ~[classes/:na]
	at br.com.pucminas.aed3.view.Screen.clearLine(Screen.java:21) ~[classes/:na]
	at br.com.pucminas.aed3.view.Screen.print(Screen.java:25) ~[classes/:na]
	at br.com.pucminas.aed3.view.Screen.clearLine(Screen.java:21) ~[classes/:na]
	at br.com.pucminas.aed3.view.Screen.print(Screen.java:25) ~[classes/:na]
	at br.com.pucminas.aed3.view.Screen.clearLine(Screen.java:21) ~[classes/:na]
	at br.com.pucminas.aed3.view.Screen.print(Screen.java:25) ~[classes/:na]
	at br.com.pucminas.aed3.view.Screen.clearLine(Screen.java:21) ~[classes/:na]
	at br.com.pucminas.aed3.view.Screen.print(Screen.java:25) ~[classes/:na]
	at br.com.pucminas.aed3.view.Screen.clearLine(Screen.java:21) ~[classes/:na]
	at br.com.pucminas.aed3.view.Screen.print(Screen.java:25) ~[classes/:na]
	at br.com.pucminas.aed3.view.Screen.clearLine(Screen.java:21) ~[classes/:na]
	at br.com.pucminas.aed3.view.Screen.print(Screen.java:25) ~[classes/:na]
	at br.com.pucminas.aed3.view.Screen.clearLine(Screen.java:21) ~[classes/:na]
	at br.com.pucminas.aed3.view.Screen.print(Screen.java:25) ~[classes/:na]
	at br.com.pucminas.aed3.view.Screen.clearLine(Screen.java:21) ~[classes/:na]
	at br.com.pucminas.aed3.view.Screen.print(Screen.java:25) ~[classes/:na]
	at br.com.pucminas.aed3.view.Screen.clearLine(Screen.java:21) ~[classes/:na]
	at br.com.pucminas.aed3.view.Screen.print(Screen.java:25) ~[classes/:na]
	at br.com.pucminas.aed3.view.Screen.clearLine(Screen.java:21) ~[classes/:na]
	at br.com.pucminas.aed3.view.Screen.print(Screen.java:25) ~[classes/:na]
	at br.com.pucminas.aed3.view.Screen.clearLine(Screen.java:21) ~[classes/:na]
	at br.com.pucminas.aed3.view.Screen.print(Screen.java:25) ~[classes/:na]
	at br.com.pucminas.aed3.view.Screen.clearLine(Screen.java:21) ~[classes/:na]
	at br.com.pucminas.aed3.view.Screen.print(Screen.java:25) ~[classes/:na]
	at br.com.pucminas.aed3.view.Screen.clearLine(Screen.java:21) ~[classes/:na]
	at br.com.pucminas.aed3.view.Screen.print(Screen.java:25) ~[classes/:na]
	at br.com.pucminas.aed3.view.Screen.clearLine(Screen.java:21) ~[classes/:na]
	at br.com.pucminas.aed3.view.Screen.print(Screen.java:25) ~[classes/:na]
	at br.com.pucminas.aed3.view.Screen.clearLine(Screen.java:21) ~[classes/:na]
	at br.com.pucminas.aed3.view.Screen.print(Screen.java:25) ~[classes/:na]
	at br.com.pucminas.aed3.view.Screen.clearLine(Screen.java:21) ~[classes/:na]
	at br.com.pucminas.aed3.view.Screen.print(Screen.java:25) ~[classes/:na]
	at br.com.pucminas.aed3.view.Screen.clearLine(Screen.java:21) ~[classes/:na]
	at br.com.pucminas.aed3.view.Screen.print(Screen.java:25) ~[classes/:na]
	at br.com.pucminas.aed3.view.Screen.clearLine(Screen.java:21) ~[classes/:na]
	at br.com.pucminas.aed3.view.Screen.print(Screen.java:25) ~[classes/:na]
	at br.com.pucminas.aed3.view.Screen.clearLine(Screen.java:21) ~[classes/:na]
	at br.com.pucminas.aed3.view.Screen.print(Screen.java:25) ~[classes/:na]
	at br.com.pucminas.aed3.view.Screen.clearLine(Screen.java:21) ~[classes/:na]
	at br.com.pucminas.aed3.view.Screen.print(Screen.java:25) ~[classes/:na]
	at br.com.pucminas.aed3.view.Screen.clearLine(Screen.java:21) ~[classes/:na]
	at br.com.pucminas.aed3.view.Screen.print(Screen.java:25) ~[classes/:na]
	at br.com.pucminas.aed3.view.Screen.clearLine(Screen.java:21) ~[classes/:na]
	at br.com.pucminas.aed3.view.Screen.print(Screen.java:25) ~[classes/:na]
	at br.com.pucminas.aed3.view.Screen.clearLine(Screen.java:21) ~[classes/:na]
	at br.com.pucminas.aed3.view.Screen.print(Screen.java:25) ~[classes/:na]
	at br.com.pucminas.aed3.view.Screen.clearLine(Screen.java:21) ~[classes/:na]
	at br.com.pucminas.aed3.view.Screen.print(Screen.java:25) ~[classes/:na]
	at br.com.pucminas.aed3.view.Screen.clearLine(Screen.java:21) ~[classes/:na]
	at br.com.pucminas.aed3.view.Screen.print(Screen.java:25) ~[classes/:na]
	at br.com.pucminas.aed3.view.Screen.clearLine(Screen.java:21) ~[classes/:na]
	at br.com.pucminas.aed3.view.Screen.print(Screen.java:25) ~[classes/:na]
	at br.com.pucminas.aed3.view.Screen.clearLine(Screen.java:21) ~[classes/:na]
	at br.com.pucminas.aed3.view.Screen.print(Screen.java:25) ~[classes/:na]
	at br.com.pucminas.aed3.view.Screen.clearLine(Screen.java:21) ~[classes/:na]
	at br.com.pucminas.aed3.view.Screen.print(Screen.java:25) ~[classes/:na]
	at br.com.pucminas.aed3.view.Screen.clearLine(Screen.java:21) ~[classes/:na]
	at br.com.pucminas.aed3.view.Screen.print(Screen.java:25) ~[classes/:na]
	at br.com.pucminas.aed3.view.Screen.clearLine(Screen.java:21) ~[classes/:na]
	at br.com.pucminas.aed3.view.Screen.print(Screen.java:25) ~[classes/:na]
	at br.com.pucminas.aed3.view.Screen.clearLine(Screen.java:21) ~[classes/:na]
	at br.com.pucminas.aed3.view.Screen.print(Screen.java:25) ~[classes/:na]
	at br.com.pucminas.aed3.view.Screen.clearLine(Screen.java:21) ~[classes/:na]
	at br.com.pucminas.aed3.view.Screen.print(Screen.java:25) ~[classes/:na]
	at br.com.pucminas.aed3.view.Screen.clearLine(Screen.java:21) ~[classes/:na]
	at br.com.pucminas.aed3.view.Screen.print(Screen.java:25) ~[classes/:na]
	at br.com.pucminas.aed3.view.Screen.clearLine(Screen.java:21) ~[classes/:na]
	at br.com.pucminas.aed3.view.Screen.print(Screen.java:25) ~[classes/:na]
	at br.com.pucminas.aed3.view.Screen.clearLine(Screen.java:21) ~[classes/:na]
	at br.com.pucminas.aed3.view.Screen.print(Screen.java:25) ~[classes/:na]
	at br.com.pucminas.aed3.view.Screen.clearLine(Screen.java:21) ~[classes/:na]
	at br.com.pucminas.aed3.view.Screen.print(Screen.java:25) ~[classes/:na]
	at br.com.pucminas.aed3.view.Screen.clearLine(Screen.java:21) ~[classes/:na]
	at br.com.pucminas.aed3.view.Screen.print(Screen.java:25) ~[classes/:na]
	at br.com.pucminas.aed3.view.Screen.clearLine(Screen.java:21) ~[classes/:na]
	at br.com.pucminas.aed3.view.Screen.print(Screen.java:25) ~[classes/:na]
	at br.com.pucminas.aed3.view.Screen.clearLine(Screen.java:21) ~[classes/:na]
	at br.com.pucminas.aed3.view.Screen.print(Screen.java:25) ~[classes/:na]
	at br.com.pucminas.aed3.view.Screen.clearLine(Screen.java:21) ~[classes/:na]
	at br.com.pucminas.aed3.view.Screen.print(Screen.java:25) ~[classes/:na]
	at br.com.pucminas.aed3.view.Screen.clearLine(Screen.java:21) ~[classes/:na]
	at br.com.pucminas.aed3.view.Screen.print(Screen.java:25) ~[classes/:na]
	at br.com.pucminas.aed3.view.Screen.clearLine(Screen.java:21) ~[classes/:na]
	at br.com.pucminas.aed3.view.Screen.print(Screen.java:25) ~[classes/:na]
	at br.com.pucminas.aed3.view.Screen.clearLine(Screen.java:21) ~[classes/:na]
	at br.com.pucminas.aed3.view.Screen.print(Screen.java:25) ~[classes/:na]
	at br.com.pucminas.aed3.view.Screen.clearLine(Screen.java:21) ~[classes/:na]
	at br.com.pucminas.aed3.view.Screen.print(Screen.java:25) ~[classes/:na]
	at br.com.pucminas.aed3.view.Screen.clearLine(Screen.java:21) ~[classes/:na]
	at br.com.pucminas.aed3.view.Screen.print(Screen.java:25) ~[classes/:na]
	at br.com.pucminas.aed3.view.Screen.clearLine(Screen.java:21) ~[classes/:na]
	at br.com.pucminas.aed3.view.Screen.print(Screen.java:25) ~[classes/:na]
	at br.com.pucminas.aed3.view.Screen.clearLine(Screen.java:21) ~[classes/:na]
	at br.com.pucminas.aed3.view.Screen.print(Screen.java:25) ~[classes/:na]
	at br.com.pucminas.aed3.view.Screen.clearLine(Screen.java:21) ~[classes/:na]
	at br.com.pucminas.aed3.view.Screen.print(Screen.java:25) ~[classes/:na]
	at br.com.pucminas.aed3.view.Screen.clearLine(Screen.java:21) ~[classes/:na]
	at br.com.pucminas.aed3.view.Screen.print(Screen.java:25) ~[classes/:na]
	at br.com.pucminas.aed3.view.Screen.clearLine(Screen.java:21) ~[classes/:na]
	at br.com.pucminas.aed3.view.Screen.print(Screen.java:25) ~[classes/:na]
	at br.com.pucminas.aed3.view.Screen.clearLine(Screen.java:21) ~[classes/:na]
	at br.com.pucminas.aed3.view.Screen.print(Screen.java:25) ~[classes/:na]
	at br.com.pucminas.aed3.view.Screen.clearLine(Screen.java:21) ~[classes/:na]
	at br.com.pucminas.aed3.view.Screen.print(Screen.java:25) ~[classes/:na]
	at br.com.pucminas.aed3.view.Screen.clearLine(Screen.java:21) ~[classes/:na]
	at br.com.pucminas.aed3.view.Screen.print(Screen.java:25) ~[classes/:na]
	at br.com.pucminas.aed3.view.Screen.clearLine(Screen.java:21) ~[classes/:na]
	at br.com.pucminas.aed3.view.Screen.print(Screen.java:25) ~[classes/:na]
	at br.com.pucminas.aed3.view.Screen.clearLine(Screen.java:21) ~[classes/:na]
	at br.com.pucminas.aed3.view.Screen.print(Screen.java:25) ~[classes/:na]
	at br.com.pucminas.aed3.view.Screen.clearLine(Screen.java:21) ~[classes/:na]
	at br.com.pucminas.aed3.view.Screen.print(Screen.java:25) ~[classes/:na]
	at br.com.pucminas.aed3.view.Screen.clearLine(Screen.java:21) ~[classes/:na]
	at br.com.pucminas.aed3.view.Screen.print(Screen.java:25) ~[classes/:na]
	at br.com.pucminas.aed3.view.Screen.clearLine(Screen.java:21) ~[classes/:na]
	at br.com.pucminas.aed3.view.Screen.print(Screen.java:25) ~[classes/:na]
	at br.com.pucminas.aed3.view.Screen.clearLine(Screen.java:21) ~[classes/:na]
	at br.com.pucminas.aed3.view.Screen.print(Screen.java:25) ~[classes/:na]
	at br.com.pucminas.aed3.view.Screen.clearLine(Screen.java:21) ~[classes/:na]
	at br.com.pucminas.aed3.view.Screen.print(Screen.java:25) ~[classes/:na]
	at br.com.pucminas.aed3.view.Screen.clearLine(Screen.java:21) ~[classes/:na]
	at br.com.pucminas.aed3.view.Screen.print(Screen.java:25) ~[classes/:na]
	at br.com.pucminas.aed3.view.Screen.clearLine(Screen.java:21) ~[classes/:na]
	at br.com.pucminas.aed3.view.Screen.print(Screen.java:25) ~[classes/:na]
	at br.com.pucminas.aed3.view.Screen.clearLine(Screen.java:21) ~[classes/:na]
	at br.com.pucminas.aed3.view.Screen.print(Screen.java:25) ~[classes/:na]
	at br.com.pucminas.aed3.view.Screen.clearLine(Screen.java:21) ~[classes/:na]
	at br.com.pucminas.aed3.view.Screen.print(Screen.java:25) ~[classes/:na]
	at br.com.pucminas.aed3.view.Screen.clearLine(Screen.java:21) ~[classes/:na]
	at br.com.pucminas.aed3.view.Screen.print(Screen.java:25) ~[classes/:na]
	at br.com.pucminas.aed3.view.Screen.clearLine(Screen.java:21) ~[classes/:na]
	at br.com.pucminas.aed3.view.Screen.print(Screen.java:25) ~[classes/:na]
	at br.com.pucminas.aed3.view.Screen.clearLine(Screen.java:21) ~[classes/:na]
	at br.com.pucminas.aed3.view.Screen.print(Screen.java:25) ~[classes/:na]
	at br.com.pucminas.aed3.view.Screen.clearLine(Screen.java:21) ~[classes/:na]
	at br.com.pucminas.aed3.view.Screen.print(Screen.java:25) ~[classes/:na]
	at br.com.pucminas.aed3.view.Screen.clearLine(Screen.java:21) ~[classes/:na]
	at br.com.pucminas.aed3.view.Screen.print(Screen.java:25) ~[classes/:na]
	at br.com.pucminas.aed3.view.Screen.clearLine(Screen.java:21) ~[classes/:na]
	at br.com.pucminas.aed3.view.Screen.print(Screen.java:25) ~[classes/:na]
	at br.com.pucminas.aed3.view.Screen.clearLine(Screen.java:21) ~[classes/:na]
	at br.com.pucminas.aed3.view.Screen.print(Screen.java:25) ~[classes/:na]
	at br.com.pucminas.aed3.view.Screen.clearLine(Screen.java:21) ~[classes/:na]
	at br.com.pucminas.aed3.view.Screen.print(Screen.java:25) ~[classes/:na]
	at br.com.pucminas.aed3.view.Screen.clearLine(Screen.java:21) ~[classes/:na]
	at br.com.pucminas.aed3.view.Screen.print(Screen.java:25) ~[classes/:na]
	at br.com.pucminas.aed3.view.Screen.clearLine(Screen.java:21) ~[classes/:na]
	at br.com.pucminas.aed3.view.Screen.print(Screen.java:25) ~[classes/:na]
	at br.com.pucminas.aed3.view.Screen.clearLine(Screen.java:21) ~[classes/:na]
	at br.com.pucminas.aed3.view.Screen.print(Screen.java:25) ~[classes/:na]
	at br.com.pucminas.aed3.view.Screen.clearLine(Screen.java:21) ~[classes/:na]
	at br.com.pucminas.aed3.view.Screen.print(Screen.java:25) ~[classes/:na]
	at br.com.pucminas.aed3.view.Screen.clearLine(Screen.java:21) ~[classes/:na]
	at br.com.pucminas.aed3.view.Screen.print(Screen.java:25) ~[classes/:na]
	at br.com.pucminas.aed3.view.Screen.clearLine(Screen.java:21) ~[classes/:na]
	at br.com.pucminas.aed3.view.Screen.print(Screen.java:25) ~[classes/:na]
	at br.com.pucminas.aed3.view.Screen.clearLine(Screen.java:21) ~[classes/:na]
	at br.com.pucminas.aed3.view.Screen.print(Screen.java:25) ~[classes/:na]
	at br.com.pucminas.aed3.view.Screen.clearLine(Screen.java:21) ~[classes/:na]
	at br.com.pucminas.aed3.view.Screen.print(Screen.java:25) ~[classes/:na]
	at br.com.pucminas.aed3.view.Screen.clearLine(Screen.java:21) ~[classes/:na]
	at br.com.pucminas.aed3.view.Screen.print(Screen.java:25) ~[classes/:na]
	at br.com.pucminas.aed3.view.Screen.clearLine(Screen.java:21) ~[classes/:na]
	at br.com.pucminas.aed3.view.Screen.print(Screen.java:25) ~[classes/:na]
	at br.com.pucminas.aed3.view.Screen.clearLine(Screen.java:21) ~[classes/:na]
	at br.com.pucminas.aed3.view.Screen.print(Screen.java:25) ~[classes/:na]
	at br.com.pucminas.aed3.view.Screen.clearLine(Screen.java:21) ~[classes/:na]
	at br.com.pucminas.aed3.view.Screen.print(Screen.java:25) ~[classes/:na]
	at br.com.pucminas.aed3.view.Screen.clearLine(Screen.java:21) ~[classes/:na]
	at br.com.pucminas.aed3.view.Screen.print(Screen.java:25) ~[classes/:na]
	at br.com.pucminas.aed3.view.Screen.clearLine(Screen.java:21) ~[classes/:na]
	at br.com.pucminas.aed3.view.Screen.print(Screen.java:25) ~[classes/:na]
	at br.com.pucminas.aed3.view.Screen.clearLine(Screen.java:21) ~[classes/:na]
	at br.com.pucminas.aed3.view.Screen.print(Screen.java:25) ~[classes/:na]
	at br.com.pucminas.aed3.view.Screen.clearLine(Screen.java:21) ~[classes/:na]
	at br.com.pucminas.aed3.view.Screen.print(Screen.java:25) ~[classes/:na]
	at br.com.pucminas.aed3.view.Screen.clearLine(Screen.java:21) ~[classes/:na]
	at br.com.pucminas.aed3.view.Screen.print(Screen.java:25) ~[classes/:na]
	at br.com.pucminas.aed3.view.Screen.clearLine(Screen.java:21) ~[classes/:na]
	at br.com.pucminas.aed3.view.Screen.print(Screen.java:25) ~[classes/:na]
	at br.com.pucminas.aed3.view.Screen.clearLine(Screen.java:21) ~[classes/:na]
	at br.com.pucminas.aed3.view.Screen.print(Screen.java:25) ~[classes/:na]
	at br.com.pucminas.aed3.view.Screen.clearLine(Screen.java:21) ~[classes/:na]
	at br.com.pucminas.aed3.view.Screen.print(Screen.java:25) ~[classes/:na]
	at br.com.pucminas.aed3.view.Screen.clearLine(Screen.java:21) ~[classes/:na]
	at br.com.pucminas.aed3.view.Screen.print(Screen.java:25) ~[classes/:na]
	at br.com.pucminas.aed3.view.Screen.clearLine(Screen.java:21) ~[classes/:na]
	at br.com.pucminas.aed3.view.Screen.print(Screen.java:25) ~[classes/:na]
	at br.com.pucminas.aed3.view.Screen.clearLine(Screen.java:21) ~[classes/:na]
	at br.com.pucminas.aed3.view.Screen.print(Screen.java:25) ~[classes/:na]
	at br.com.pucminas.aed3.view.Screen.clearLine(Screen.java:21) ~[classes/:na]
	at br.com.pucminas.aed3.view.Screen.print(Screen.java:25) ~[classes/:na]
	at br.com.pucminas.aed3.view.Screen.clearLine(Screen.java:21) ~[classes/:na]
	at br.com.pucminas.aed3.view.Screen.print(Screen.java:25) ~[classes/:na]
	at br.com.pucminas.aed3.view.Screen.clearLine(Screen.java:21) ~[classes/:na]
	at br.com.pucminas.aed3.view.Screen.print(Screen.java:25) ~[classes/:na]
	at br.com.pucminas.aed3.view.Screen.clearLine(Screen.java:21) ~[classes/:na]
	at br.com.pucminas.aed3.view.Screen.print(Screen.java:25) ~[classes/:na]
	at br.com.pucminas.aed3.view.Screen.clearLine(Screen.java:21) ~[classes/:na]
	at br.com.pucminas.aed3.view.Screen.print(Screen.java:25) ~[classes/:na]
	at br.com.pucminas.aed3.view.Screen.clearLine(Screen.java:21) ~[classes/:na]
	at br.com.pucminas.aed3.view.Screen.print(Screen.java:25) ~[classes/:na]
	at br.com.pucminas.aed3.view.Screen.clearLine(Screen.java:21) ~[classes/:na]
	at br.com.pucminas.aed3.view.Screen.print(Screen.java:25) ~[classes/:na]
	at br.com.pucminas.aed3.view.Screen.clearLine(Screen.java:21) ~[classes/:na]
	at br.com.pucminas.aed3.view.Screen.print(Screen.java:25) ~[classes/:na]
	at br.com.pucminas.aed3.view.Screen.clearLine(Screen.java:21) ~[classes/:na]
	at br.com.pucminas.aed3.view.Screen.print(Screen.java:25) ~[classes/:na]
	at br.com.pucminas.aed3.view.Screen.clearLine(Screen.java:21) ~[classes/:na]
	at br.com.pucminas.aed3.view.Screen.print(Screen.java:25) ~[classes/:na]
	at br.com.pucminas.aed3.view.Screen.clearLine(Screen.java:21) ~[classes/:na]
	at br.com.pucminas.aed3.view.Screen.print(Screen.java:25) ~[classes/:na]
	at br.com.pucminas.aed3.view.Screen.clearLine(Screen.java:21) ~[classes/:na]
	at br.com.pucminas.aed3.view.Screen.print(Screen.java:25) ~[classes/:na]
	at br.com.pucminas.aed3.view.Screen.clearLine(Screen.java:21) ~[classes/:na]
	at br.com.pucminas.aed3.view.Screen.print(Screen.java:25) ~[classes/:na]
	at br.com.pucminas.aed3.view.Screen.clearLine(Screen.java:21) ~[classes/:na]
	at br.com.pucminas.aed3.view.Screen.print(Screen.java:25) ~[classes/:na]
	at br.com.pucminas.aed3.view.Screen.clearLine(Screen.java:21) ~[classes/:na]
	at br.com.pucminas.aed3.view.Screen.print(Screen.java:25) ~[classes/:na]
	at br.com.pucminas.aed3.view.Screen.clearLine(Screen.java:21) ~[classes/:na]
	at br.com.pucminas.aed3.view.Screen.print(Screen.java:25) ~[classes/:na]
	at br.com.pucminas.aed3.view.Screen.clearLine(Screen.java:21) ~[classes/:na]
	at br.com.pucminas.aed3.view.Screen.print(Screen.java:25) ~[classes/:na]
	at br.com.pucminas.aed3.view.Screen.clearLine(Screen.java:21) ~[classes/:na]
	at br.com.pucminas.aed3.view.Screen.print(Screen.java:25) ~[classes/:na]
	at br.com.pucminas.aed3.view.Screen.clearLine(Screen.java:21) ~[classes/:na]
	at br.com.pucminas.aed3.view.Screen.print(Screen.java:25) ~[classes/:na]
	at br.com.pucminas.aed3.view.Screen.clearLine(Screen.java:21) ~[classes/:na]
	at br.com.pucminas.aed3.view.Screen.print(Screen.java:25) ~[classes/:na]
	at br.com.pucminas.aed3.view.Screen.clearLine(Screen.java:21) ~[classes/:na]
	at br.com.pucminas.aed3.view.Screen.print(Screen.java:25) ~[classes/:na]
	at br.com.pucminas.aed3.view.Screen.clearLine(Screen.java:21) ~[classes/:na]
	at br.com.pucminas.aed3.view.Screen.print(Screen.java:25) ~[classes/:na]
	at br.com.pucminas.aed3.view.Screen.clearLine(Screen.java:21) ~[classes/:na]
	at br.com.pucminas.aed3.view.Screen.print(Screen.java:25) ~[classes/:na]
	at br.com.pucminas.aed3.view.Screen.clearLine(Screen.java:21) ~[classes/:na]
	at br.com.pucminas.aed3.view.Screen.print(Screen.java:25) ~[classes/:na]
	at br.com.pucminas.aed3.view.Screen.clearLine(Screen.java:21) ~[classes/:na]
	at br.com.pucminas.aed3.view.Screen.print(Screen.java:25) ~[classes/:na]
	at br.com.pucminas.aed3.view.Screen.clearLine(Screen.java:21) ~[classes/:na]
	at br.com.pucminas.aed3.view.Screen.print(Screen.java:25) ~[classes/:na]
	at br.com.pucminas.aed3.view.Screen.clearLine(Screen.java:21) ~[classes/:na]
	at br.com.pucminas.aed3.view.Screen.print(Screen.java:25) ~[classes/:na]
	at br.com.pucminas.aed3.view.Screen.clearLine(Screen.java:21) ~[classes/:na]
	at br.com.pucminas.aed3.view.Screen.print(Screen.java:25) ~[classes/:na]
	at br.com.pucminas.aed3.view.Screen.clearLine(Screen.java:21) ~[classes/:na]
	at br.com.pucminas.aed3.view.Screen.print(Screen.java:25) ~[classes/:na]
	at br.com.pucminas.aed3.view.Screen.clearLine(Screen.java:21) ~[classes/:na]
	at br.com.pucminas.aed3.view.Screen.print(Screen.java:25) ~[classes/:na]
	at br.com.pucminas.aed3.view.Screen.clearLine(Screen.java:21) ~[classes/:na]
	at br.com.pucminas.aed3.view.Screen.print(Screen.java:25) ~[classes/:na]
	at br.com.pucminas.aed3.view.Screen.clearLine(Screen.java:21) ~[classes/:na]
	at br.com.pucminas.aed3.view.Screen.print(Screen.java:25) ~[classes/:na]
	at br.com.pucminas.aed3.view.Screen.clearLine(Screen.java:21) ~[classes/:na]
	at br.com.pucminas.aed3.view.Screen.print(Screen.java:25) ~[classes/:na]
	at br.com.pucminas.aed3.view.Screen.clearLine(Screen.java:21) ~[classes/:na]
	at br.com.pucminas.aed3.view.Screen.print(Screen.java:25) ~[classes/:na]
	at br.com.pucminas.aed3.view.Screen.clearLine(Screen.java:21) ~[classes/:na]
	at br.com.pucminas.aed3.view.Screen.print(Screen.java:25) ~[classes/:na]
	at br.com.pucminas.aed3.view.Screen.clearLine(Screen.java:21) ~[classes/:na]
	at br.com.pucminas.aed3.view.Screen.print(Screen.java:25) ~[classes/:na]
	at br.com.pucminas.aed3.view.Screen.clearLine(Screen.java:21) ~[classes/:na]
	at br.com.pucminas.aed3.view.Screen.print(Screen.java:25) ~[classes/:na]
	at br.com.pucminas.aed3.view.Screen.clearLine(Screen.java:21) ~[classes/:na]
	at br.com.pucminas.aed3.view.Screen.print(Screen.java:25) ~[classes/:na]
	at br.com.pucminas.aed3.view.Screen.clearLine(Screen.java:21) ~[classes/:na]
	at br.com.pucminas.aed3.view.Screen.print(Screen.java:25) ~[classes/:na]
	at br.com.pucminas.aed3.view.Screen.clearLine(Screen.java:21) ~[classes/:na]
	at br.com.pucminas.aed3.view.Screen.print(Screen.java:25) ~[classes/:na]
	at br.com.pucminas.aed3.view.Screen.clearLine(Screen.java:21) ~[classes/:na]
	at br.com.pucminas.aed3.view.Screen.print(Screen.java:25) ~[classes/:na]
	at br.com.pucminas.aed3.view.Screen.clearLine(Screen.java:21) ~[classes/:na]
	at br.com.pucminas.aed3.view.Screen.print(Screen.java:25) ~[classes/:na]
	at br.com.pucminas.aed3.view.Screen.clearLine(Screen.java:21) ~[classes/:na]
	at br.com.pucminas.aed3.view.Screen.print(Screen.java:25) ~[classes/:na]
	at br.com.pucminas.aed3.view.Screen.clearLine(Screen.java:21) ~[classes/:na]
	at br.com.pucminas.aed3.view.Screen.print(Screen.java:25) ~[classes/:na]
	at br.com.pucminas.aed3.view.Screen.clearLine(Screen.java:21) ~[classes/:na]
	at br.com.pucminas.aed3.view.Screen.print(Screen.java:25) ~[classes/:na]
	at br.com.pucminas.aed3.view.Screen.clearLine(Screen.java:21) ~[classes/:na]
	at br.com.pucminas.aed3.view.Screen.print(Screen.java:25) ~[classes/:na]
	at br.com.pucminas.aed3.view.Screen.clearLine(Screen.java:21) ~[classes/:na]
	at br.com.pucminas.aed3.view.Screen.print(Screen.java:25) ~[classes/:na]
	at br.com.pucminas.aed3.view.Screen.clearLine(Screen.java:21) ~[classes/:na]
	at br.com.pucminas.aed3.view.Screen.print(Screen.java:25) ~[classes/:na]
	at br.com.pucminas.aed3.view.Screen.clearLine(Screen.java:21) ~[classes/:na]
	at br.com.pucminas.aed3.view.Screen.print(Screen.java:25) ~[classes/:na]
	at br.com.pucminas.aed3.view.Screen.clearLine(Screen.java:21) ~[classes/:na]
	at br.com.pucminas.aed3.view.Screen.print(Screen.java:25) ~[classes/:na]
	at br.com.pucminas.aed3.view.Screen.clearLine(Screen.java:21) ~[classes/:na]
	at br.com.pucminas.aed3.view.Screen.print(Screen.java:25) ~[classes/:na]
	at br.com.pucminas.aed3.view.Screen.clearLine(Screen.java:21) ~[classes/:na]
	at br.com.pucminas.aed3.view.Screen.print(Screen.java:25) ~[classes/:na]
	at br.com.pucminas.aed3.view.Screen.clearLine(Screen.java:21) ~[classes/:na]
	at br.com.pucminas.aed3.view.Screen.print(Screen.java:25) ~[classes/:na]
	at br.com.pucminas.aed3.view.Screen.clearLine(Screen.java:21) ~[classes/:na]
	at br.com.pucminas.aed3.view.Screen.print(Screen.java:25) ~[classes/:na]
	at br.com.pucminas.aed3.view.Screen.clearLine(Screen.java:21) ~[classes/:na]
	at br.com.pucminas.aed3.view.Screen.print(Screen.java:25) ~[classes/:na]
	at br.com.pucminas.aed3.view.Screen.clearLine(Screen.java:21) ~[classes/:na]
	at br.com.pucminas.aed3.view.Screen.print(Screen.java:25) ~[classes/:na]
	at br.com.pucminas.aed3.view.Screen.clearLine(Screen.java:21) ~[classes/:na]
	at br.com.pucminas.aed3.view.Screen.print(Screen.java:25) ~[classes/:na]
	at br.com.pucminas.aed3.view.Screen.clearLine(Screen.java:21) ~[classes/:na]
	at br.com.pucminas.aed3.view.Screen.print(Screen.java:25) ~[classes/:na]
	at br.com.pucminas.aed3.view.Screen.clearLine(Screen.java:21) ~[classes/:na]
	at br.com.pucminas.aed3.view.Screen.print(Screen.java:25) ~[classes/:na]
	at br.com.pucminas.aed3.view.Screen.clearLine(Screen.java:21) ~[classes/:na]
	at br.com.pucminas.aed3.view.Screen.print(Screen.java:25) ~[classes/:na]
	at br.com.pucminas.aed3.view.Screen.clearLine(Screen.java:21) ~[classes/:na]
	at br.com.pucminas.aed3.view.Screen.print(Screen.java:25) ~[classes/:na]
	at br.com.pucminas.aed3.view.Screen.clearLine(Screen.java:21) ~[classes/:na]
	at br.com.pucminas.aed3.view.Screen.print(Screen.java:25) ~[classes/:na]
	at br.com.pucminas.aed3.view.Screen.clearLine(Screen.java:21) ~[classes/:na]
	at br.com.pucminas.aed3.view.Screen.print(Screen.java:25) ~[classes/:na]
	at br.com.pucminas.aed3.view.Screen.clearLine(Screen.java:21) ~[classes/:na]
	at br.com.pucminas.aed3.view.Screen.print(Screen.java:25) ~[classes/:na]
	at br.com.pucminas.aed3.view.Screen.clearLine(Screen.java:21) ~[classes/:na]
	at br.com.pucminas.aed3.view.Screen.print(Screen.java:25) ~[classes/:na]
	at br.com.pucminas.aed3.view.Screen.clearLine(Screen.java:21) ~[classes/:na]
	at br.com.pucminas.aed3.view.Screen.print(Screen.java:25) ~[classes/:na]
	at br.com.pucminas.aed3.view.Screen.clearLine(Screen.java:21) ~[classes/:na]
	at br.com.pucminas.aed3.view.Screen.print(Screen.java:25) ~[classes/:na]
	at br.com.pucminas.aed3.view.Screen.clearLine(Screen.java:21) ~[classes/:na]
	at br.com.pucminas.aed3.view.Screen.print(Screen.java:25) ~[classes/:na]
	at br.com.pucminas.aed3.view.Screen.clearLine(Screen.java:21) ~[classes/:na]
	at br.com.pucminas.aed3.view.Screen.print(Screen.java:25) ~[classes/:na]
	at br.com.pucminas.aed3.view.Screen.clearLine(Screen.java:21) ~[classes/:na]
	at br.com.pucminas.aed3.view.Screen.print(Screen.java:25) ~[classes/:na]
	at br.com.pucminas.aed3.view.Screen.clearLine(Screen.java:21) ~[classes/:na]
	at br.com.pucminas.aed3.view.Screen.print(Screen.java:25) ~[classes/:na]
	at br.com.pucminas.aed3.view.Screen.clearLine(Screen.java:21) ~[classes/:na]
	at br.com.pucminas.aed3.view.Screen.print(Screen.java:25) ~[classes/:na]
	at br.com.pucminas.aed3.view.Screen.clearLine(Screen.java:21) ~[classes/:na]
	at br.com.pucminas.aed3.view.Screen.print(Screen.java:25) ~[classes/:na]
	at br.com.pucminas.aed3.view.Screen.clearLine(Screen.java:21) ~[classes/:na]
	at br.com.pucminas.aed3.view.Screen.print(Screen.java:25) ~[classes/:na]
	at br.com.pucminas.aed3.view.Screen.clearLine(Screen.java:21) ~[classes/:na]
	at br.com.pucminas.aed3.view.Screen.print(Screen.java:25) ~[classes/:na]
	at br.com.pucminas.aed3.view.Screen.clearLine(Screen.java:21) ~[classes/:na]
	at br.com.pucminas.aed3.view.Screen.print(Screen.java:25) ~[classes/:na]
	at br.com.pucminas.aed3.view.Screen.clearLine(Screen.java:21) ~[classes/:na]
	at br.com.pucminas.aed3.view.Screen.print(Screen.java:25) ~[classes/:na]
	at br.com.pucminas.aed3.view.Screen.clearLine(Screen.java:21) ~[classes/:na]
	at br.com.pucminas.aed3.view.Screen.print(Screen.java:25) ~[classes/:na]
	at br.com.pucminas.aed3.view.Screen.clearLine(Screen.java:21) ~[classes/:na]
	at br.com.pucminas.aed3.view.Screen.print(Screen.java:25) ~[classes/:na]
	at br.com.pucminas.aed3.view.Screen.clearLine(Screen.java:21) ~[classes/:na]
	at br.com.pucminas.aed3.view.Screen.print(Screen.java:25) ~[classes/:na]
	at br.com.pucminas.aed3.view.Screen.clearLine(Screen.java:21) ~[classes/:na]
	at br.com.pucminas.aed3.view.Screen.print(Screen.java:25) ~[classes/:na]
	at br.com.pucminas.aed3.view.Screen.clearLine(Screen.java:21) ~[classes/:na]
	at br.com.pucminas.aed3.view.Screen.print(Screen.java:25) ~[classes/:na]
	at br.com.pucminas.aed3.view.Screen.clearLine(Screen.java:21) ~[classes/:na]
	at br.com.pucminas.aed3.view.Screen.print(Screen.java:25) ~[classes/:na]
	at br.com.pucminas.aed3.view.Screen.clearLine(Screen.java:21) ~[classes/:na]
	at br.com.pucminas.aed3.view.Screen.print(Screen.java:25) ~[classes/:na]
	at br.com.pucminas.aed3.view.Screen.clearLine(Screen.java:21) ~[classes/:na]
	at br.com.pucminas.aed3.view.Screen.print(Screen.java:25) ~[classes/:na]
	at br.com.pucminas.aed3.view.Screen.clearLine(Screen.java:21) ~[classes/:na]
	at br.com.pucminas.aed3.view.Screen.print(Screen.java:25) ~[classes/:na]
	at br.com.pucminas.aed3.view.Screen.clearLine(Screen.java:21) ~[classes/:na]
	at br.com.pucminas.aed3.view.Screen.print(Screen.java:25) ~[classes/:na]
	at br.com.pucminas.aed3.view.Screen.clearLine(Screen.java:21) ~[classes/:na]
	at br.com.pucminas.aed3.view.Screen.print(Screen.java:25) ~[classes/:na]
	at br.com.pucminas.aed3.view.Screen.clearLine(Screen.java:21) ~[classes/:na]
	at br.com.pucminas.aed3.view.Screen.print(Screen.java:25) ~[classes/:na]
	at br.com.pucminas.aed3.view.Screen.clearLine(Screen.java:21) ~[classes/:na]
	at br.com.pucminas.aed3.view.Screen.print(Screen.java:25) ~[classes/:na]
	at br.com.pucminas.aed3.view.Screen.clearLine(Screen.java:21) ~[classes/:na]
	at br.com.pucminas.aed3.view.Screen.print(Screen.java:25) ~[classes/:na]
	at br.com.pucminas.aed3.view.Screen.clearLine(Screen.java:21) ~[classes/:na]
	at br.com.pucminas.aed3.view.Screen.print(Screen.java:25) ~[classes/:na]
	at br.com.pucminas.aed3.view.Screen.clearLine(Screen.java:21) ~[classes/:na]
	at br.com.pucminas.aed3.view.Screen.print(Screen.java:25) ~[classes/:na]
	at br.com.pucminas.aed3.view.Screen.clearLine(Screen.java:21) ~[classes/:na]
	at br.com.pucminas.aed3.view.Screen.print(Screen.java:25) ~[classes/:na]
	at br.com.pucminas.aed3.view.Screen.clearLine(Screen.java:21) ~[classes/:na]
	at br.com.pucminas.aed3.view.Screen.print(Screen.java:25) ~[classes/:na]
	at br.com.pucminas.aed3.view.Screen.clearLine(Screen.java:21) ~[classes/:na]
	at br.com.pucminas.aed3.view.Screen.print(Screen.java:25) ~[classes/:na]
	at br.com.pucminas.aed3.view.Screen.clearLine(Screen.java:21) ~[classes/:na]
	at br.com.pucminas.aed3.view.Screen.print(Screen.java:25) ~[classes/:na]
	at br.com.pucminas.aed3.view.Screen.clearLine(Screen.java:21) ~[classes/:na]
	at br.com.pucminas.aed3.view.Screen.print(Screen.java:25) ~[classes/:na]
	at br.com.pucminas.aed3.view.Screen.clearLine(Screen.java:21) ~[classes/:na]
	at br.com.pucminas.aed3.view.Screen.print(Screen.java:25) ~[classes/:na]
	at br.com.pucminas.aed3.view.Screen.clearLine(Screen.java:21) ~[classes/:na]
	at br.com.pucminas.aed3.view.Screen.print(Screen.java:25) ~[classes/:na]
	at br.com.pucminas.aed3.view.Screen.clearLine(Screen.java:21) ~[classes/:na]
	at br.com.pucminas.aed3.view.Screen.print(Screen.java:25) ~[classes/:na]
	at br.com.pucminas.aed3.view.Screen.clearLine(Screen.java:21) ~[classes/:na]
	at br.com.pucminas.aed3.view.Screen.print(Screen.java:25) ~[classes/:na]
	at br.com.pucminas.aed3.view.Screen.clearLine(Screen.java:21) ~[classes/:na]
	at br.com.pucminas.aed3.view.Screen.print(Screen.java:25) ~[classes/:na]
	at br.com.pucminas.aed3.view.Screen.clearLine(Screen.java:21) ~[classes/:na]
	at br.com.pucminas.aed3.view.Screen.print(Screen.java:25) ~[classes/:na]
	at br.com.pucminas.aed3.view.Screen.clearLine(Screen.java:21) ~[classes/:na]
	at br.com.pucminas.aed3.view.Screen.print(Screen.java:25) ~[classes/:na]
	at br.com.pucminas.aed3.view.Screen.clearLine(Screen.java:21) ~[classes/:na]
	at br.com.pucminas.aed3.view.Screen.print(Screen.java:25) ~[classes/:na]
	at br.com.pucminas.aed3.view.Screen.clearLine(Screen.java:21) ~[classes/:na]
	at br.com.pucminas.aed3.view.Screen.print(Screen.java:25) ~[classes/:na]
	at br.com.pucminas.aed3.view.Screen.clearLine(Screen.java:21) ~[classes/:na]
	at br.com.pucminas.aed3.view.Screen.print(Screen.java:25) ~[classes/:na]
	at br.com.pucminas.aed3.view.Screen.clearLine(Screen.java:21) ~[classes/:na]
	at br.com.pucminas.aed3.view.Screen.print(Screen.java:25) ~[classes/:na]
	at br.com.pucminas.aed3.view.Screen.clearLine(Screen.java:21) ~[classes/:na]
	at br.com.pucminas.aed3.view.Screen.print(Screen.java:25) ~[classes/:na]
	at br.com.pucminas.aed3.view.Screen.clearLine(Screen.java:21) ~[classes/:na]
	at br.com.pucminas.aed3.view.Screen.print(Screen.java:25) ~[classes/:na]
	at br.com.pucminas.aed3.view.Screen.clearLine(Screen.java:21) ~[classes/:na]
	at br.com.pucminas.aed3.view.Screen.print(Screen.java:25) ~[classes/:na]
	at br.com.pucminas.aed3.view.Screen.clearLine(Screen.java:21) ~[classes/:na]
	at br.com.pucminas.aed3.view.Screen.print(Screen.java:25) ~[classes/:na]
	at br.com.pucminas.aed3.view.Screen.clearLine(Screen.java:21) ~[classes/:na]
	at br.com.pucminas.aed3.view.Screen.print(Screen.java:25) ~[classes/:na]
	at br.com.pucminas.aed3.view.Screen.clearLine(Screen.java:21) ~[classes/:na]
	at br.com.pucminas.aed3.view.Screen.print(Screen.java:25) ~[classes/:na]
	at br.com.pucminas.aed3.view.Screen.clearLine(Screen.java:21) ~[classes/:na]
	at br.com.pucminas.aed3.view.Screen.print(Screen.java:25) ~[classes/:na]
	at br.com.pucminas.aed3.view.Screen.clearLine(Screen.java:21) ~[classes/:na]
	at br.com.pucminas.aed3.view.Screen.print(Screen.java:25) ~[classes/:na]
	at br.com.pucminas.aed3.view.Screen.clearLine(Screen.java:21) ~[classes/:na]
	at br.com.pucminas.aed3.view.Screen.print(Screen.java:25) ~[classes/:na]
	at br.com.pucminas.aed3.view.Screen.clearLine(Screen.java:21) ~[classes/:na]
	at br.com.pucminas.aed3.view.Screen.print(Screen.java:25) ~[classes/:na]
	at br.com.pucminas.aed3.view.Screen.clearLine(Screen.java:21) ~[classes/:na]
	at br.com.pucminas.aed3.view.Screen.print(Screen.java:25) ~[classes/:na]
	at br.com.pucminas.aed3.view.Screen.clearLine(Screen.java:21) ~[classes/:na]
	at br.com.pucminas.aed3.view.Screen.print(Screen.java:25) ~[classes/:na]
	at br.com.pucminas.aed3.view.Screen.clearLine(Screen.java:21) ~[classes/:na]
	at br.com.pucminas.aed3.view.Screen.print(Screen.java:25) ~[classes/:na]
	at br.com.pucminas.aed3.view.Screen.clearLine(Screen.java:21) ~[classes/:na]
	at br.com.pucminas.aed3.view.Screen.print(Screen.java:25) ~[classes/:na]
	at br.com.pucminas.aed3.view.Screen.clearLine(Screen.java:21) ~[classes/:na]
	at br.com.pucminas.aed3.view.Screen.print(Screen.java:25) ~[classes/:na]
	at br.com.pucminas.aed3.view.Screen.clearLine(Screen.java:21) ~[classes/:na]
	at br.com.pucminas.aed3.view.Screen.print(Screen.java:25) ~[classes/:na]
	at br.com.pucminas.aed3.view.Screen.clearLine(Screen.java:21) ~[classes/:na]
	at br.com.pucminas.aed3.view.Screen.print(Screen.java:25) ~[classes/:na]
	at br.com.pucminas.aed3.view.Screen.clearLine(Screen.java:21) ~[classes/:na]
	at br.com.pucminas.aed3.view.Screen.print(Screen.java:25) ~[classes/:na]
	at br.com.pucminas.aed3.view.Screen.clearLine(Screen.java:21) ~[classes/:na]
	at br.com.pucminas.aed3.view.Screen.print(Screen.java:25) ~[classes/:na]
	at br.com.pucminas.aed3.view.Screen.clearLine(Screen.java:21) ~[classes/:na]
	at br.com.pucminas.aed3.view.Screen.print(Screen.java:25) ~[classes/:na]
	at br.com.pucminas.aed3.view.Screen.clearLine(Screen.java:21) ~[classes/:na]
	at br.com.pucminas.aed3.view.Screen.print(Screen.java:25) ~[classes/:na]
	at br.com.pucminas.aed3.view.Screen.clearLine(Screen.java:21) ~[classes/:na]
	at br.com.pucminas.aed3.view.Screen.print(Screen.java:25) ~[classes/:na]
	at br.com.pucminas.aed3.view.Screen.clearLine(Screen.java:21) ~[classes/:na]
	at br.com.pucminas.aed3.view.Screen.print(Screen.java:25) ~[classes/:na]
	at br.com.pucminas.aed3.view.Screen.clearLine(Screen.java:21) ~[classes/:na]
	at br.com.pucminas.aed3.view.Screen.print(Screen.java:25) ~[classes/:na]
	at br.com.pucminas.aed3.view.Screen.clearLine(Screen.java:21) ~[classes/:na]
	at br.com.pucminas.aed3.view.Screen.print(Screen.java:25) ~[classes/:na]
	at br.com.pucminas.aed3.view.Screen.clearLine(Screen.java:21) ~[classes/:na]
	at br.com.pucminas.aed3.view.Screen.print(Screen.java:25) ~[classes/:na]
	at br.com.pucminas.aed3.view.Screen.clearLine(Screen.java:21) ~[classes/:na]
	at br.com.pucminas.aed3.view.Screen.print(Screen.java:25) ~[classes/:na]
	at br.com.pucminas.aed3.view.Screen.clearLine(Screen.java:21) ~[classes/:na]
	at br.com.pucminas.aed3.view.Screen.print(Screen.java:25) ~[classes/:na]
	at br.com.pucminas.aed3.view.Screen.clearLine(Screen.java:21) ~[classes/:na]
	at br.com.pucminas.aed3.view.Screen.print(Screen.java:25) ~[classes/:na]
	at br.com.pucminas.aed3.view.Screen.clearLine(Screen.java:21) ~[classes/:na]
	at br.com.pucminas.aed3.view.Screen.print(Screen.java:25) ~[classes/:na]
	at br.com.pucminas.aed3.view.Screen.clearLine(Screen.java:21) ~[classes/:na]
	at br.com.pucminas.aed3.view.Screen.print(Screen.java:25) ~[classes/:na]
	at br.com.pucminas.aed3.view.Screen.clearLine(Screen.java:21) ~[classes/:na]
	at br.com.pucminas.aed3.view.Screen.print(Screen.java:25) ~[classes/:na]
	at br.com.pucminas.aed3.view.Screen.clearLine(Screen.java:21) ~[classes/:na]
	at br.com.pucminas.aed3.view.Screen.print(Screen.java:25) ~[classes/:na]
	at br.com.pucminas.aed3.view.Screen.clearLine(Screen.java:21) ~[classes/:na]
	at br.com.pucminas.aed3.view.Screen.print(Screen.java:25) ~[classes/:na]
	at br.com.pucminas.aed3.view.Screen.clearLine(Screen.java:21) ~[classes/:na]
	at br.com.pucminas.aed3.view.Screen.print(Screen.java:25) ~[classes/:na]
	at br.com.pucminas.aed3.view.Screen.clearLine(Screen.java:21) ~[classes/:na]
	at br.com.pucminas.aed3.view.Screen.print(Screen.java:25) ~[classes/:na]
	at br.com.pucminas.aed3.view.Screen.clearLine(Screen.java:21) ~[classes/:na]
	at br.com.pucminas.aed3.view.Screen.print(Screen.java:25) ~[classes/:na]
	at br.com.pucminas.aed3.view.Screen.clearLine(Screen.java:21) ~[classes/:na]
	at br.com.pucminas.aed3.view.Screen.print(Screen.java:25) ~[classes/:na]
	at br.com.pucminas.aed3.view.Screen.clearLine(Screen.java:21) ~[classes/:na]
	at br.com.pucminas.aed3.view.Screen.print(Screen.java:25) ~[classes/:na]
	at br.com.pucminas.aed3.view.Screen.clearLine(Screen.java:21) ~[classes/:na]
	at br.com.pucminas.aed3.view.Screen.print(Screen.java:25) ~[classes/:na]
	at br.com.pucminas.aed3.view.Screen.clearLine(Screen.java:21) ~[classes/:na]
	at br.com.pucminas.aed3.view.Screen.print(Screen.java:25) ~[classes/:na]
	at br.com.pucminas.aed3.view.Screen.clearLine(Screen.java:21) ~[classes/:na]
	at br.com.pucminas.aed3.view.Screen.print(Screen.java:25) ~[classes/:na]
	at br.com.pucminas.aed3.view.Screen.clearLine(Screen.java:21) ~[classes/:na]
	at br.com.pucminas.aed3.view.Screen.print(Screen.java:25) ~[classes/:na]
	at br.com.pucminas.aed3.view.Screen.clearLine(Screen.java:21) ~[classes/:na]
	at br.com.pucminas.aed3.view.Screen.print(Screen.java:25) ~[classes/:na]
	at br.com.pucminas.aed3.view.Screen.clearLine(Screen.java:21) ~[classes/:na]
	at br.com.pucminas.aed3.view.Screen.print(Screen.java:25) ~[classes/:na]
	at br.com.pucminas.aed3.view.Screen.clearLine(Screen.java:21) ~[classes/:na]
	at br.com.pucminas.aed3.view.Screen.print(Screen.java:25) ~[classes/:na]
	at br.com.pucminas.aed3.view.Screen.clearLine(Screen.java:21) ~[classes/:na]
	at br.com.pucminas.aed3.view.Screen.print(Screen.java:25) ~[classes/:na]
	at br.com.pucminas.aed3.view.Screen.clearLine(Screen.java:21) ~[classes/:na]
	at br.com.pucminas.aed3.view.Screen.print(Screen.java:25) ~[classes/:na]
	at br.com.pucminas.aed3.view.Screen.clearLine(Screen.java:21) ~[classes/:na]
	at br.com.pucminas.aed3.view.Screen.print(Screen.java:25) ~[classes/:na]
	at br.com.pucminas.aed3.view.Screen.clearLine(Screen.java:21) ~[classes/:na]
	at br.com.pucminas.aed3.view.Screen.print(Screen.java:25) ~[classes/:na]
	at br.com.pucminas.aed3.view.Screen.clearLine(Screen.java:21) ~[classes/:na]
	at br.com.pucminas.aed3.view.Screen.print(Screen.java:25) ~[classes/:na]
	at br.com.pucminas.aed3.view.Screen.clearLine(Screen.java:21) ~[classes/:na]
	at br.com.pucminas.aed3.view.Screen.print(Screen.java:25) ~[classes/:na]
	at br.com.pucminas.aed3.view.Screen.clearLine(Screen.java:21) ~[classes/:na]
	at br.com.pucminas.aed3.view.Screen.print(Screen.java:25) ~[classes/:na]
	at br.com.pucminas.aed3.view.Screen.clearLine(Screen.java:21) ~[classes/:na]
	at br.com.pucminas.aed3.view.Screen.print(Screen.java:25) ~[classes/:na]
	at br.com.pucminas.aed3.view.Screen.clearLine(Screen.java:21) ~[classes/:na]
	at br.com.pucminas.aed3.view.Screen.print(Screen.java:25) ~[classes/:na]
	at br.com.pucminas.aed3.view.Screen.clearLine(Screen.java:21) ~[classes/:na]
	at br.com.pucminas.aed3.view.Screen.print(Screen.java:25) ~[classes/:na]
	at br.com.pucminas.aed3.view.Screen.clearLine(Screen.java:21) ~[classes/:na]
	at br.com.pucminas.aed3.view.Screen.print(Screen.java:25) ~[classes/:na]
	at br.com.pucminas.aed3.view.Screen.clearLine(Screen.java:21) ~[classes/:na]
	at br.com.pucminas.aed3.view.Screen.print(Screen.java:25) ~[classes/:na]
	at br.com.pucminas.aed3.view.Screen.clearLine(Screen.java:21) ~[classes/:na]
	at br.com.pucminas.aed3.view.Screen.print(Screen.java:25) ~[classes/:na]
	at br.com.pucminas.aed3.view.Screen.clearLine(Screen.java:21) ~[classes/:na]
	at br.com.pucminas.aed3.view.Screen.print(Screen.java:25) ~[classes/:na]
	at br.com.pucminas.aed3.view.Screen.clearLine(Screen.java:21) ~[classes/:na]
	at br.com.pucminas.aed3.view.Screen.print(Screen.java:25) ~[classes/:na]
	at br.com.pucminas.aed3.view.Screen.clearLine(Screen.java:21) ~[classes/:na]
	at br.com.pucminas.aed3.view.Screen.print(Screen.java:25) ~[classes/:na]
	at br.com.pucminas.aed3.view.Screen.clearLine(Screen.java:21) ~[classes/:na]
	at br.com.pucminas.aed3.view.Screen.print(Screen.java:25) ~[classes/:na]
	at br.com.pucminas.aed3.view.Screen.clearLine(Screen.java:21) ~[classes/:na]
	at br.com.pucminas.aed3.view.Screen.print(Screen.java:25) ~[classes/:na]
	at br.com.pucminas.aed3.view.Screen.clearLine(Screen.java:21) ~[classes/:na]
	at br.com.pucminas.aed3.view.Screen.print(Screen.java:25) ~[classes/:na]
	at br.com.pucminas.aed3.view.Screen.clearLine(Screen.java:21) ~[classes/:na]
	at br.com.pucminas.aed3.view.Screen.print(Screen.java:25) ~[classes/:na]
	at br.com.pucminas.aed3.view.Screen.clearLine(Screen.java:21) ~[classes/:na]
	at br.com.pucminas.aed3.view.Screen.print(Screen.java:25) ~[classes/:na]
	at br.com.pucminas.aed3.view.Screen.clearLine(Screen.java:21) ~[classes/:na]
	at br.com.pucminas.aed3.view.Screen.print(Screen.java:25) ~[classes/:na]
	at br.com.pucminas.aed3.view.Screen.clearLine(Screen.java:21) ~[classes/:na]
	at br.com.pucminas.aed3.view.Screen.print(Screen.java:25) ~[classes/:na]
	at br.com.pucminas.aed3.view.Screen.clearLine(Screen.java:21) ~[classes/:na]
	at br.com.pucminas.aed3.view.Screen.print(Screen.java:25) ~[classes/:na]
	at br.com.pucminas.aed3.view.Screen.clearLine(Screen.java:21) ~[classes/:na]
	at br.com.pucminas.aed3.view.Screen.print(Screen.java:25) ~[classes/:na]
	at br.com.pucminas.aed3.view.Screen.clearLine(Screen.java:21) ~[classes/:na]
	at br.com.pucminas.aed3.view.Screen.print(Screen.java:25) ~[classes/:na]

2023-11-12 14:06:58.716 ERROR 3156 --- [           main] o.s.test.context.TestContextManager      : Caught exception while allowing TestExecutionListener [org.springframework.boot.test.autoconfigure.SpringBootDependencyInjectionTestExecutionListener@4c550889] to prepare test instance [br.com.pucminas.aed3.Aed3ApplicationTests@54a67a45]

java.lang.StackOverflowError: null
	at java.base/java.util.regex.Pattern$BmpCharProperty.match(Pattern.java:3950) ~[na:na]
	at java.base/java.util.regex.Pattern$GroupHead.match(Pattern.java:4791) ~[na:na]
	at java.base/java.util.regex.Pattern$Branch.match(Pattern.java:4736) ~[na:na]
	at java.base/java.util.regex.Pattern$Branch.match(Pattern.java:4734) ~[na:na]
	at java.base/java.util.regex.Pattern$BranchConn.match(Pattern.java:4700) ~[na:na]
	at java.base/java.util.regex.Pattern$GroupTail.match(Pattern.java:4850) ~[na:na]
	at java.base/java.util.regex.Pattern$BmpCharPropertyGreedy.match(Pattern.java:4331) ~[na:na]
	at java.base/java.util.regex.Pattern$GroupHead.match(Pattern.java:4791) ~[na:na]
	at java.base/java.util.regex.Pattern$Branch.match(Pattern.java:4736) ~[na:na]
	at java.base/java.util.regex.Pattern$Branch.match(Pattern.java:4734) ~[na:na]
	at java.base/java.util.regex.Pattern$BmpCharProperty.match(Pattern.java:3951) ~[na:na]
	at java.base/java.util.regex.Pattern$Start.match(Pattern.java:3606) ~[na:na]
	at java.base/java.util.regex.Matcher.search(Matcher.java:1729) ~[na:na]
	at java.base/java.util.regex.Matcher.find(Matcher.java:773) ~[na:na]
	at java.base/java.util.Formatter.parse(Formatter.java:2702) ~[na:na]
	at java.base/java.util.Formatter.format(Formatter.java:2655) ~[na:na]
	at java.base/java.util.Formatter.format(Formatter.java:2609) ~[na:na]
	at java.base/java.lang.String.format(String.java:2897) ~[na:na]
	at br.com.pucminas.aed3.view.Screen.clearLine(Screen.java:21) ~[classes/:na]
	at br.com.pucminas.aed3.view.Screen.print(Screen.java:25) ~[classes/:na]
	at br.com.pucminas.aed3.view.Screen.clearLine(Screen.java:21) ~[classes/:na]
	at br.com.pucminas.aed3.view.Screen.print(Screen.java:25) ~[classes/:na]
	at br.com.pucminas.aed3.view.Screen.clearLine(Screen.java:21) ~[classes/:na]
	at br.com.pucminas.aed3.view.Screen.print(Screen.java:25) ~[classes/:na]
	at br.com.pucminas.aed3.view.Screen.clearLine(Screen.java:21) ~[classes/:na]
	at br.com.pucminas.aed3.view.Screen.print(Screen.java:25) ~[classes/:na]
	at br.com.pucminas.aed3.view.Screen.clearLine(Screen.java:21) ~[classes/:na]
	at br.com.pucminas.aed3.view.Screen.print(Screen.java:25) ~[classes/:na]
	at br.com.pucminas.aed3.view.Screen.clearLine(Screen.java:21) ~[classes/:na]
	at br.com.pucminas.aed3.view.Screen.print(Screen.java:25) ~[classes/:na]
	at br.com.pucminas.aed3.view.Screen.clearLine(Screen.java:21) ~[classes/:na]
	at br.com.pucminas.aed3.view.Screen.print(Screen.java:25) ~[classes/:na]
	at br.com.pucminas.aed3.view.Screen.clearLine(Screen.java:21) ~[classes/:na]
	at br.com.pucminas.aed3.view.Screen.print(Screen.java:25) ~[classes/:na]
	at br.com.pucminas.aed3.view.Screen.clearLine(Screen.java:21) ~[classes/:na]
	at br.com.pucminas.aed3.view.Screen.print(Screen.java:25) ~[classes/:na]
	at br.com.pucminas.aed3.view.Screen.clearLine(Screen.java:21) ~[classes/:na]
	at br.com.pucminas.aed3.view.Screen.print(Screen.java:25) ~[classes/:na]
	at br.com.pucminas.aed3.view.Screen.clearLine(Screen.java:21) ~[classes/:na]
	at br.com.pucminas.aed3.view.Screen.print(Screen.java:25) ~[classes/:na]
	at br.com.pucminas.aed3.view.Screen.clearLine(Screen.java:21) ~[classes/:na]
	at br.com.pucminas.aed3.view.Screen.print(Screen.java:25) ~[classes/:na]
	at br.com.pucminas.aed3.view.Screen.clearLine(Screen.java:21) ~[classes/:na]
	at br.com.pucminas.aed3.view.Screen.print(Screen.java:25) ~[classes/:na]
	at br.com.pucminas.aed3.view.Screen.clearLine(Screen.java:21) ~[classes/:na]
	at br.com.pucminas.aed3.view.Screen.print(Screen.java:25) ~[classes/:na]
	at br.com.pucminas.aed3.view.Screen.clearLine(Screen.java:21) ~[classes/:na]
	at br.com.pucminas.aed3.view.Screen.print(Screen.java:25) ~[classes/:na]
	at br.com.pucminas.aed3.view.Screen.clearLine(Screen.java:21) ~[classes/:na]
	at br.com.pucminas.aed3.view.Screen.print(Screen.java:25) ~[classes/:na]
	at br.com.pucminas.aed3.view.Screen.clearLine(Screen.java:21) ~[classes/:na]
	at br.com.pucminas.aed3.view.Screen.print(Screen.java:25) ~[classes/:na]
	at br.com.pucminas.aed3.view.Screen.clearLine(Screen.java:21) ~[classes/:na]
	at br.com.pucminas.aed3.view.Screen.print(Screen.java:25) ~[classes/:na]
	at br.com.pucminas.aed3.view.Screen.clearLine(Screen.java:21) ~[classes/:na]
	at br.com.pucminas.aed3.view.Screen.print(Screen.java:25) ~[classes/:na]
	at br.com.pucminas.aed3.view.Screen.clearLine(Screen.java:21) ~[classes/:na]
	at br.com.pucminas.aed3.view.Screen.print(Screen.java:25) ~[classes/:na]
	at br.com.pucminas.aed3.view.Screen.clearLine(Screen.java:21) ~[classes/:na]
	at br.com.pucminas.aed3.view.Screen.print(Screen.java:25) ~[classes/:na]
	at br.com.pucminas.aed3.view.Screen.clearLine(Screen.java:21) ~[classes/:na]
	at br.com.pucminas.aed3.view.Screen.print(Screen.java:25) ~[classes/:na]
	at br.com.pucminas.aed3.view.Screen.clearLine(Screen.java:21) ~[classes/:na]
	at br.com.pucminas.aed3.view.Screen.print(Screen.java:25) ~[classes/:na]
	at br.com.pucminas.aed3.view.Screen.clearLine(Screen.java:21) ~[classes/:na]
	at br.com.pucminas.aed3.view.Screen.print(Screen.java:25) ~[classes/:na]
	at br.com.pucminas.aed3.view.Screen.clearLine(Screen.java:21) ~[classes/:na]
	at br.com.pucminas.aed3.view.Screen.print(Screen.java:25) ~[classes/:na]
	at br.com.pucminas.aed3.view.Screen.clearLine(Screen.java:21) ~[classes/:na]
	at br.com.pucminas.aed3.view.Screen.print(Screen.java:25) ~[classes/:na]
	at br.com.pucminas.aed3.view.Screen.clearLine(Screen.java:21) ~[classes/:na]
	at br.com.pucminas.aed3.view.Screen.print(Screen.java:25) ~[classes/:na]
	at br.com.pucminas.aed3.view.Screen.clearLine(Screen.java:21) ~[classes/:na]
	at br.com.pucminas.aed3.view.Screen.print(Screen.java:25) ~[classes/:na]
	at br.com.pucminas.aed3.view.Screen.clearLine(Screen.java:21) ~[classes/:na]
	at br.com.pucminas.aed3.view.Screen.print(Screen.java:25) ~[classes/:na]
	at br.com.pucminas.aed3.view.Screen.clearLine(Screen.java:21) ~[classes/:na]
	at br.com.pucminas.aed3.view.Screen.print(Screen.java:25) ~[classes/:na]
	at br.com.pucminas.aed3.view.Screen.clearLine(Screen.java:21) ~[classes/:na]
	at br.com.pucminas.aed3.view.Screen.print(Screen.java:25) ~[classes/:na]
	at br.com.pucminas.aed3.view.Screen.clearLine(Screen.java:21) ~[classes/:na]
	at br.com.pucminas.aed3.view.Screen.print(Screen.java:25) ~[classes/:na]
	at br.com.pucminas.aed3.view.Screen.clearLine(Screen.java:21) ~[classes/:na]
	at br.com.pucminas.aed3.view.Screen.print(Screen.java:25) ~[classes/:na]
	at br.com.pucminas.aed3.view.Screen.clearLine(Screen.java:21) ~[classes/:na]
	at br.com.pucminas.aed3.view.Screen.print(Screen.java:25) ~[classes/:na]
	at br.com.pucminas.aed3.view.Screen.clearLine(Screen.java:21) ~[classes/:na]
	at br.com.pucminas.aed3.view.Screen.print(Screen.java:25) ~[classes/:na]
	at br.com.pucminas.aed3.view.Screen.clearLine(Screen.java:21) ~[classes/:na]
	at br.com.pucminas.aed3.view.Screen.print(Screen.java:25) ~[classes/:na]
	at br.com.pucminas.aed3.view.Screen.clearLine(Screen.java:21) ~[classes/:na]
	at br.com.pucminas.aed3.view.Screen.print(Screen.java:25) ~[classes/:na]
	at br.com.pucminas.aed3.view.Screen.clearLine(Screen.java:21) ~[classes/:na]
	at br.com.pucminas.aed3.view.Screen.print(Screen.java:25) ~[classes/:na]
	at br.com.pucminas.aed3.view.Screen.clearLine(Screen.java:21) ~[classes/:na]
	at br.com.pucminas.aed3.view.Screen.print(Screen.java:25) ~[classes/:na]
	at br.com.pucminas.aed3.view.Screen.clearLine(Screen.java:21) ~[classes/:na]
	at br.com.pucminas.aed3.view.Screen.print(Screen.java:25) ~[classes/:na]
	at br.com.pucminas.aed3.view.Screen.clearLine(Screen.java:21) ~[classes/:na]
	at br.com.pucminas.aed3.view.Screen.print(Screen.java:25) ~[classes/:na]
	at br.com.pucminas.aed3.view.Screen.clearLine(Screen.java:21) ~[classes/:na]
	at br.com.pucminas.aed3.view.Screen.print(Screen.java:25) ~[classes/:na]
	at br.com.pucminas.aed3.view.Screen.clearLine(Screen.java:21) ~[classes/:na]
	at br.com.pucminas.aed3.view.Screen.print(Screen.java:25) ~[classes/:na]
	at br.com.pucminas.aed3.view.Screen.clearLine(Screen.java:21) ~[classes/:na]
	at br.com.pucminas.aed3.view.Screen.print(Screen.java:25) ~[classes/:na]
	at br.com.pucminas.aed3.view.Screen.clearLine(Screen.java:21) ~[classes/:na]
	at br.com.pucminas.aed3.view.Screen.print(Screen.java:25) ~[classes/:na]
	at br.com.pucminas.aed3.view.Screen.clearLine(Screen.java:21) ~[classes/:na]
	at br.com.pucminas.aed3.view.Screen.print(Screen.java:25) ~[classes/:na]
	at br.com.pucminas.aed3.view.Screen.clearLine(Screen.java:21) ~[classes/:na]
	at br.com.pucminas.aed3.view.Screen.print(Screen.java:25) ~[classes/:na]
	at br.com.pucminas.aed3.view.Screen.clearLine(Screen.java:21) ~[classes/:na]
	at br.com.pucminas.aed3.view.Screen.print(Screen.java:25) ~[classes/:na]
	at br.com.pucminas.aed3.view.Screen.clearLine(Screen.java:21) ~[classes/:na]
	at br.com.pucminas.aed3.view.Screen.print(Screen.java:25) ~[classes/:na]
	at br.com.pucminas.aed3.view.Screen.clearLine(Screen.java:21) ~[classes/:na]
	at br.com.pucminas.aed3.view.Screen.print(Screen.java:25) ~[classes/:na]
	at br.com.pucminas.aed3.view.Screen.clearLine(Screen.java:21) ~[classes/:na]
	at br.com.pucminas.aed3.view.Screen.print(Screen.java:25) ~[classes/:na]
	at br.com.pucminas.aed3.view.Screen.clearLine(Screen.java:21) ~[classes/:na]
	at br.com.pucminas.aed3.view.Screen.print(Screen.java:25) ~[classes/:na]
	at br.com.pucminas.aed3.view.Screen.clearLine(Screen.java:21) ~[classes/:na]
	at br.com.pucminas.aed3.view.Screen.print(Screen.java:25) ~[classes/:na]
	at br.com.pucminas.aed3.view.Screen.clearLine(Screen.java:21) ~[classes/:na]
	at br.com.pucminas.aed3.view.Screen.print(Screen.java:25) ~[classes/:na]
	at br.com.pucminas.aed3.view.Screen.clearLine(Screen.java:21) ~[classes/:na]
	at br.com.pucminas.aed3.view.Screen.print(Screen.java:25) ~[classes/:na]
	at br.com.pucminas.aed3.view.Screen.clearLine(Screen.java:21) ~[classes/:na]
	at br.com.pucminas.aed3.view.Screen.print(Screen.java:25) ~[classes/:na]
	at br.com.pucminas.aed3.view.Screen.clearLine(Screen.java:21) ~[classes/:na]
	at br.com.pucminas.aed3.view.Screen.print(Screen.java:25) ~[classes/:na]
	at br.com.pucminas.aed3.view.Screen.clearLine(Screen.java:21) ~[classes/:na]
	at br.com.pucminas.aed3.view.Screen.print(Screen.java:25) ~[classes/:na]
	at br.com.pucminas.aed3.view.Screen.clearLine(Screen.java:21) ~[classes/:na]
	at br.com.pucminas.aed3.view.Screen.print(Screen.java:25) ~[classes/:na]
	at br.com.pucminas.aed3.view.Screen.clearLine(Screen.java:21) ~[classes/:na]
	at br.com.pucminas.aed3.view.Screen.print(Screen.java:25) ~[classes/:na]
	at br.com.pucminas.aed3.view.Screen.clearLine(Screen.java:21) ~[classes/:na]
	at br.com.pucminas.aed3.view.Screen.print(Screen.java:25) ~[classes/:na]
	at br.com.pucminas.aed3.view.Screen.clearLine(Screen.java:21) ~[classes/:na]
	at br.com.pucminas.aed3.view.Screen.print(Screen.java:25) ~[classes/:na]
	at br.com.pucminas.aed3.view.Screen.clearLine(Screen.java:21) ~[classes/:na]
	at br.com.pucminas.aed3.view.Screen.print(Screen.java:25) ~[classes/:na]
	at br.com.pucminas.aed3.view.Screen.clearLine(Screen.java:21) ~[classes/:na]
	at br.com.pucminas.aed3.view.Screen.print(Screen.java:25) ~[classes/:na]
	at br.com.pucminas.aed3.view.Screen.clearLine(Screen.java:21) ~[classes/:na]
	at br.com.pucminas.aed3.view.Screen.print(Screen.java:25) ~[classes/:na]
	at br.com.pucminas.aed3.view.Screen.clearLine(Screen.java:21) ~[classes/:na]
	at br.com.pucminas.aed3.view.Screen.print(Screen.java:25) ~[classes/:na]
	at br.com.pucminas.aed3.view.Screen.clearLine(Screen.java:21) ~[classes/:na]
	at br.com.pucminas.aed3.view.Screen.print(Screen.java:25) ~[classes/:na]
	at br.com.pucminas.aed3.view.Screen.clearLine(Screen.java:21) ~[classes/:na]
	at br.com.pucminas.aed3.view.Screen.print(Screen.java:25) ~[classes/:na]
	at br.com.pucminas.aed3.view.Screen.clearLine(Screen.java:21) ~[classes/:na]
	at br.com.pucminas.aed3.view.Screen.print(Screen.java:25) ~[classes/:na]
	at br.com.pucminas.aed3.view.Screen.clearLine(Screen.java:21) ~[classes/:na]
	at br.com.pucminas.aed3.view.Screen.print(Screen.java:25) ~[classes/:na]
	at br.com.pucminas.aed3.view.Screen.clearLine(Screen.java:21) ~[classes/:na]
	at br.com.pucminas.aed3.view.Screen.print(Screen.java:25) ~[classes/:na]
	at br.com.pucminas.aed3.view.Screen.clearLine(Screen.java:21) ~[classes/:na]
	at br.com.pucminas.aed3.view.Screen.print(Screen.java:25) ~[classes/:na]
	at br.com.pucminas.aed3.view.Screen.clearLine(Screen.java:21) ~[classes/:na]
	at br.com.pucminas.aed3.view.Screen.print(Screen.java:25) ~[classes/:na]
	at br.com.pucminas.aed3.view.Screen.clearLine(Screen.java:21) ~[classes/:na]
	at br.com.pucminas.aed3.view.Screen.print(Screen.java:25) ~[classes/:na]
	at br.com.pucminas.aed3.view.Screen.clearLine(Screen.java:21) ~[classes/:na]
	at br.com.pucminas.aed3.view.Screen.print(Screen.java:25) ~[classes/:na]
	at br.com.pucminas.aed3.view.Screen.clearLine(Screen.java:21) ~[classes/:na]
	at br.com.pucminas.aed3.view.Screen.print(Screen.java:25) ~[classes/:na]
	at br.com.pucminas.aed3.view.Screen.clearLine(Screen.java:21) ~[classes/:na]
	at br.com.pucminas.aed3.view.Screen.print(Screen.java:25) ~[classes/:na]
	at br.com.pucminas.aed3.view.Screen.clearLine(Screen.java:21) ~[classes/:na]
	at br.com.pucminas.aed3.view.Screen.print(Screen.java:25) ~[classes/:na]
	at br.com.pucminas.aed3.view.Screen.clearLine(Screen.java:21) ~[classes/:na]
	at br.com.pucminas.aed3.view.Screen.print(Screen.java:25) ~[classes/:na]
	at br.com.pucminas.aed3.view.Screen.clearLine(Screen.java:21) ~[classes/:na]
	at br.com.pucminas.aed3.view.Screen.print(Screen.java:25) ~[classes/:na]
	at br.com.pucminas.aed3.view.Screen.clearLine(Screen.java:21) ~[classes/:na]
	at br.com.pucminas.aed3.view.Screen.print(Screen.java:25) ~[classes/:na]
	at br.com.pucminas.aed3.view.Screen.clearLine(Screen.java:21) ~[classes/:na]
	at br.com.pucminas.aed3.view.Screen.print(Screen.java:25) ~[classes/:na]
	at br.com.pucminas.aed3.view.Screen.clearLine(Screen.java:21) ~[classes/:na]
	at br.com.pucminas.aed3.view.Screen.print(Screen.java:25) ~[classes/:na]
	at br.com.pucminas.aed3.view.Screen.clearLine(Screen.java:21) ~[classes/:na]
	at br.com.pucminas.aed3.view.Screen.print(Screen.java:25) ~[classes/:na]
	at br.com.pucminas.aed3.view.Screen.clearLine(Screen.java:21) ~[classes/:na]
	at br.com.pucminas.aed3.view.Screen.print(Screen.java:25) ~[classes/:na]
	at br.com.pucminas.aed3.view.Screen.clearLine(Screen.java:21) ~[classes/:na]
	at br.com.pucminas.aed3.view.Screen.print(Screen.java:25) ~[classes/:na]
	at br.com.pucminas.aed3.view.Screen.clearLine(Screen.java:21) ~[classes/:na]
	at br.com.pucminas.aed3.view.Screen.print(Screen.java:25) ~[classes/:na]
	at br.com.pucminas.aed3.view.Screen.clearLine(Screen.java:21) ~[classes/:na]
	at br.com.pucminas.aed3.view.Screen.print(Screen.java:25) ~[classes/:na]
	at br.com.pucminas.aed3.view.Screen.clearLine(Screen.java:21) ~[classes/:na]
	at br.com.pucminas.aed3.view.Screen.print(Screen.java:25) ~[classes/:na]
	at br.com.pucminas.aed3.view.Screen.clearLine(Screen.java:21) ~[classes/:na]
	at br.com.pucminas.aed3.view.Screen.print(Screen.java:25) ~[classes/:na]
	at br.com.pucminas.aed3.view.Screen.clearLine(Screen.java:21) ~[classes/:na]
	at br.com.pucminas.aed3.view.Screen.print(Screen.java:25) ~[classes/:na]
	at br.com.pucminas.aed3.view.Screen.clearLine(Screen.java:21) ~[classes/:na]
	at br.com.pucminas.aed3.view.Screen.print(Screen.java:25) ~[classes/:na]
	at br.com.pucminas.aed3.view.Screen.clearLine(Screen.java:21) ~[classes/:na]
	at br.com.pucminas.aed3.view.Screen.print(Screen.java:25) ~[classes/:na]
	at br.com.pucminas.aed3.view.Screen.clearLine(Screen.java:21) ~[classes/:na]
	at br.com.pucminas.aed3.view.Screen.print(Screen.java:25) ~[classes/:na]
	at br.com.pucminas.aed3.view.Screen.clearLine(Screen.java:21) ~[classes/:na]
	at br.com.pucminas.aed3.view.Screen.print(Screen.java:25) ~[classes/:na]
	at br.com.pucminas.aed3.view.Screen.clearLine(Screen.java:21) ~[classes/:na]
	at br.com.pucminas.aed3.view.Screen.print(Screen.java:25) ~[classes/:na]
	at br.com.pucminas.aed3.view.Screen.clearLine(Screen.java:21) ~[classes/:na]
	at br.com.pucminas.aed3.view.Screen.print(Screen.java:25) ~[classes/:na]
	at br.com.pucminas.aed3.view.Screen.clearLine(Screen.java:21) ~[classes/:na]
	at br.com.pucminas.aed3.view.Screen.print(Screen.java:25) ~[classes/:na]
	at br.com.pucminas.aed3.view.Screen.clearLine(Screen.java:21) ~[classes/:na]
	at br.com.pucminas.aed3.view.Screen.print(Screen.java:25) ~[classes/:na]
	at br.com.pucminas.aed3.view.Screen.clearLine(Screen.java:21) ~[classes/:na]
	at br.com.pucminas.aed3.view.Screen.print(Screen.java:25) ~[classes/:na]
	at br.com.pucminas.aed3.view.Screen.clearLine(Screen.java:21) ~[classes/:na]
	at br.com.pucminas.aed3.view.Screen.print(Screen.java:25) ~[classes/:na]
	at br.com.pucminas.aed3.view.Screen.clearLine(Screen.java:21) ~[classes/:na]
	at br.com.pucminas.aed3.view.Screen.print(Screen.java:25) ~[classes/:na]
	at br.com.pucminas.aed3.view.Screen.clearLine(Screen.java:21) ~[classes/:na]
	at br.com.pucminas.aed3.view.Screen.print(Screen.java:25) ~[classes/:na]
	at br.com.pucminas.aed3.view.Screen.clearLine(Screen.java:21) ~[classes/:na]
	at br.com.pucminas.aed3.view.Screen.print(Screen.java:25) ~[classes/:na]
	at br.com.pucminas.aed3.view.Screen.clearLine(Screen.java:21) ~[classes/:na]
	at br.com.pucminas.aed3.view.Screen.print(Screen.java:25) ~[classes/:na]
	at br.com.pucminas.aed3.view.Screen.clearLine(Screen.java:21) ~[classes/:na]
	at br.com.pucminas.aed3.view.Screen.print(Screen.java:25) ~[classes/:na]
	at br.com.pucminas.aed3.view.Screen.clearLine(Screen.java:21) ~[classes/:na]
	at br.com.pucminas.aed3.view.Screen.print(Screen.java:25) ~[classes/:na]
	at br.com.pucminas.aed3.view.Screen.clearLine(Screen.java:21) ~[classes/:na]
	at br.com.pucminas.aed3.view.Screen.print(Screen.java:25) ~[classes/:na]
	at br.com.pucminas.aed3.view.Screen.clearLine(Screen.java:21) ~[classes/:na]
	at br.com.pucminas.aed3.view.Screen.print(Screen.java:25) ~[classes/:na]
	at br.com.pucminas.aed3.view.Screen.clearLine(Screen.java:21) ~[classes/:na]
	at br.com.pucminas.aed3.view.Screen.print(Screen.java:25) ~[classes/:na]
	at br.com.pucminas.aed3.view.Screen.clearLine(Screen.java:21) ~[classes/:na]
	at br.com.pucminas.aed3.view.Screen.print(Screen.java:25) ~[classes/:na]
	at br.com.pucminas.aed3.view.Screen.clearLine(Screen.java:21) ~[classes/:na]
	at br.com.pucminas.aed3.view.Screen.print(Screen.java:25) ~[classes/:na]
	at br.com.pucminas.aed3.view.Screen.clearLine(Screen.java:21) ~[classes/:na]
	at br.com.pucminas.aed3.view.Screen.print(Screen.java:25) ~[classes/:na]
	at br.com.pucminas.aed3.view.Screen.clearLine(Screen.java:21) ~[classes/:na]
	at br.com.pucminas.aed3.view.Screen.print(Screen.java:25) ~[classes/:na]
	at br.com.pucminas.aed3.view.Screen.clearLine(Screen.java:21) ~[classes/:na]
	at br.com.pucminas.aed3.view.Screen.print(Screen.java:25) ~[classes/:na]
	at br.com.pucminas.aed3.view.Screen.clearLine(Screen.java:21) ~[classes/:na]
	at br.com.pucminas.aed3.view.Screen.print(Screen.java:25) ~[classes/:na]
	at br.com.pucminas.aed3.view.Screen.clearLine(Screen.java:21) ~[classes/:na]
	at br.com.pucminas.aed3.view.Screen.print(Screen.java:25) ~[classes/:na]
	at br.com.pucminas.aed3.view.Screen.clearLine(Screen.java:21) ~[classes/:na]
	at br.com.pucminas.aed3.view.Screen.print(Screen.java:25) ~[classes/:na]
	at br.com.pucminas.aed3.view.Screen.clearLine(Screen.java:21) ~[classes/:na]
	at br.com.pucminas.aed3.view.Screen.print(Screen.java:25) ~[classes/:na]
	at br.com.pucminas.aed3.view.Screen.clearLine(Screen.java:21) ~[classes/:na]
	at br.com.pucminas.aed3.view.Screen.print(Screen.java:25) ~[classes/:na]
	at br.com.pucminas.aed3.view.Screen.clearLine(Screen.java:21) ~[classes/:na]
	at br.com.pucminas.aed3.view.Screen.print(Screen.java:25) ~[classes/:na]
	at br.com.pucminas.aed3.view.Screen.clearLine(Screen.java:21) ~[classes/:na]
	at br.com.pucminas.aed3.view.Screen.print(Screen.java:25) ~[classes/:na]
	at br.com.pucminas.aed3.view.Screen.clearLine(Screen.java:21) ~[classes/:na]
	at br.com.pucminas.aed3.view.Screen.print(Screen.java:25) ~[classes/:na]
	at br.com.pucminas.aed3.view.Screen.clearLine(Screen.java:21) ~[classes/:na]
	at br.com.pucminas.aed3.view.Screen.print(Screen.java:25) ~[classes/:na]
	at br.com.pucminas.aed3.view.Screen.clearLine(Screen.java:21) ~[classes/:na]
	at br.com.pucminas.aed3.view.Screen.print(Screen.java:25) ~[classes/:na]
	at br.com.pucminas.aed3.view.Screen.clearLine(Screen.java:21) ~[classes/:na]
	at br.com.pucminas.aed3.view.Screen.print(Screen.java:25) ~[classes/:na]
	at br.com.pucminas.aed3.view.Screen.clearLine(Screen.java:21) ~[classes/:na]
	at br.com.pucminas.aed3.view.Screen.print(Screen.java:25) ~[classes/:na]
	at br.com.pucminas.aed3.view.Screen.clearLine(Screen.java:21) ~[classes/:na]
	at br.com.pucminas.aed3.view.Screen.print(Screen.java:25) ~[classes/:na]
	at br.com.pucminas.aed3.view.Screen.clearLine(Screen.java:21) ~[classes/:na]
	at br.com.pucminas.aed3.view.Screen.print(Screen.java:25) ~[classes/:na]
	at br.com.pucminas.aed3.view.Screen.clearLine(Screen.java:21) ~[classes/:na]
	at br.com.pucminas.aed3.view.Screen.print(Screen.java:25) ~[classes/:na]
	at br.com.pucminas.aed3.view.Screen.clearLine(Screen.java:21) ~[classes/:na]
	at br.com.pucminas.aed3.view.Screen.print(Screen.java:25) ~[classes/:na]
	at br.com.pucminas.aed3.view.Screen.clearLine(Screen.java:21) ~[classes/:na]
	at br.com.pucminas.aed3.view.Screen.print(Screen.java:25) ~[classes/:na]
	at br.com.pucminas.aed3.view.Screen.clearLine(Screen.java:21) ~[classes/:na]
	at br.com.pucminas.aed3.view.Screen.print(Screen.java:25) ~[classes/:na]
	at br.com.pucminas.aed3.view.Screen.clearLine(Screen.java:21) ~[classes/:na]
	at br.com.pucminas.aed3.view.Screen.print(Screen.java:25) ~[classes/:na]
	at br.com.pucminas.aed3.view.Screen.clearLine(Screen.java:21) ~[classes/:na]
	at br.com.pucminas.aed3.view.Screen.print(Screen.java:25) ~[classes/:na]
	at br.com.pucminas.aed3.view.Screen.clearLine(Screen.java:21) ~[classes/:na]
	at br.com.pucminas.aed3.view.Screen.print(Screen.java:25) ~[classes/:na]
	at br.com.pucminas.aed3.view.Screen.clearLine(Screen.java:21) ~[classes/:na]
	at br.com.pucminas.aed3.view.Screen.print(Screen.java:25) ~[classes/:na]
	at br.com.pucminas.aed3.view.Screen.clearLine(Screen.java:21) ~[classes/:na]
	at br.com.pucminas.aed3.view.Screen.print(Screen.java:25) ~[classes/:na]
	at br.com.pucminas.aed3.view.Screen.clearLine(Screen.java:21) ~[classes/:na]
	at br.com.pucminas.aed3.view.Screen.print(Screen.java:25) ~[classes/:na]
	at br.com.pucminas.aed3.view.Screen.clearLine(Screen.java:21) ~[classes/:na]
	at br.com.pucminas.aed3.view.Screen.print(Screen.java:25) ~[classes/:na]
	at br.com.pucminas.aed3.view.Screen.clearLine(Screen.java:21) ~[classes/:na]
	at br.com.pucminas.aed3.view.Screen.print(Screen.java:25) ~[classes/:na]
	at br.com.pucminas.aed3.view.Screen.clearLine(Screen.java:21) ~[classes/:na]
	at br.com.pucminas.aed3.view.Screen.print(Screen.java:25) ~[classes/:na]
	at br.com.pucminas.aed3.view.Screen.clearLine(Screen.java:21) ~[classes/:na]
	at br.com.pucminas.aed3.view.Screen.print(Screen.java:25) ~[classes/:na]
	at br.com.pucminas.aed3.view.Screen.clearLine(Screen.java:21) ~[classes/:na]
	at br.com.pucminas.aed3.view.Screen.print(Screen.java:25) ~[classes/:na]
	at br.com.pucminas.aed3.view.Screen.clearLine(Screen.java:21) ~[classes/:na]
	at br.com.pucminas.aed3.view.Screen.print(Screen.java:25) ~[classes/:na]
	at br.com.pucminas.aed3.view.Screen.clearLine(Screen.java:21) ~[classes/:na]
	at br.com.pucminas.aed3.view.Screen.print(Screen.java:25) ~[classes/:na]
	at br.com.pucminas.aed3.view.Screen.clearLine(Screen.java:21) ~[classes/:na]
	at br.com.pucminas.aed3.view.Screen.print(Screen.java:25) ~[classes/:na]
	at br.com.pucminas.aed3.view.Screen.clearLine(Screen.java:21) ~[classes/:na]
	at br.com.pucminas.aed3.view.Screen.print(Screen.java:25) ~[classes/:na]
	at br.com.pucminas.aed3.view.Screen.clearLine(Screen.java:21) ~[classes/:na]
	at br.com.pucminas.aed3.view.Screen.print(Screen.java:25) ~[classes/:na]
	at br.com.pucminas.aed3.view.Screen.clearLine(Screen.java:21) ~[classes/:na]
	at br.com.pucminas.aed3.view.Screen.print(Screen.java:25) ~[classes/:na]
	at br.com.pucminas.aed3.view.Screen.clearLine(Screen.java:21) ~[classes/:na]
	at br.com.pucminas.aed3.view.Screen.print(Screen.java:25) ~[classes/:na]
	at br.com.pucminas.aed3.view.Screen.clearLine(Screen.java:21) ~[classes/:na]
	at br.com.pucminas.aed3.view.Screen.print(Screen.java:25) ~[classes/:na]
	at br.com.pucminas.aed3.view.Screen.clearLine(Screen.java:21) ~[classes/:na]
	at br.com.pucminas.aed3.view.Screen.print(Screen.java:25) ~[classes/:na]
	at br.com.pucminas.aed3.view.Screen.clearLine(Screen.java:21) ~[classes/:na]
	at br.com.pucminas.aed3.view.Screen.print(Screen.java:25) ~[classes/:na]
	at br.com.pucminas.aed3.view.Screen.clearLine(Screen.java:21) ~[classes/:na]
	at br.com.pucminas.aed3.view.Screen.print(Screen.java:25) ~[classes/:na]
	at br.com.pucminas.aed3.view.Screen.clearLine(Screen.java:21) ~[classes/:na]
	at br.com.pucminas.aed3.view.Screen.print(Screen.java:25) ~[classes/:na]
	at br.com.pucminas.aed3.view.Screen.clearLine(Screen.java:21) ~[classes/:na]
	at br.com.pucminas.aed3.view.Screen.print(Screen.java:25) ~[classes/:na]
	at br.com.pucminas.aed3.view.Screen.clearLine(Screen.java:21) ~[classes/:na]
	at br.com.pucminas.aed3.view.Screen.print(Screen.java:25) ~[classes/:na]
	at br.com.pucminas.aed3.view.Screen.clearLine(Screen.java:21) ~[classes/:na]
	at br.com.pucminas.aed3.view.Screen.print(Screen.java:25) ~[classes/:na]
	at br.com.pucminas.aed3.view.Screen.clearLine(Screen.java:21) ~[classes/:na]
	at br.com.pucminas.aed3.view.Screen.print(Screen.java:25) ~[classes/:na]
	at br.com.pucminas.aed3.view.Screen.clearLine(Screen.java:21) ~[classes/:na]
	at br.com.pucminas.aed3.view.Screen.print(Screen.java:25) ~[classes/:na]
	at br.com.pucminas.aed3.view.Screen.clearLine(Screen.java:21) ~[classes/:na]
	at br.com.pucminas.aed3.view.Screen.print(Screen.java:25) ~[classes/:na]
	at br.com.pucminas.aed3.view.Screen.clearLine(Screen.java:21) ~[classes/:na]
	at br.com.pucminas.aed3.view.Screen.print(Screen.java:25) ~[classes/:na]
	at br.com.pucminas.aed3.view.Screen.clearLine(Screen.java:21) ~[classes/:na]
	at br.com.pucminas.aed3.view.Screen.print(Screen.java:25) ~[classes/:na]
	at br.com.pucminas.aed3.view.Screen.clearLine(Screen.java:21) ~[classes/:na]
	at br.com.pucminas.aed3.view.Screen.print(Screen.java:25) ~[classes/:na]
	at br.com.pucminas.aed3.view.Screen.clearLine(Screen.java:21) ~[classes/:na]
	at br.com.pucminas.aed3.view.Screen.print(Screen.java:25) ~[classes/:na]
	at br.com.pucminas.aed3.view.Screen.clearLine(Screen.java:21) ~[classes/:na]
	at br.com.pucminas.aed3.view.Screen.print(Screen.java:25) ~[classes/:na]
	at br.com.pucminas.aed3.view.Screen.clearLine(Screen.java:21) ~[classes/:na]
	at br.com.pucminas.aed3.view.Screen.print(Screen.java:25) ~[classes/:na]
	at br.com.pucminas.aed3.view.Screen.clearLine(Screen.java:21) ~[classes/:na]
	at br.com.pucminas.aed3.view.Screen.print(Screen.java:25) ~[classes/:na]
	at br.com.pucminas.aed3.view.Screen.clearLine(Screen.java:21) ~[classes/:na]
	at br.com.pucminas.aed3.view.Screen.print(Screen.java:25) ~[classes/:na]
	at br.com.pucminas.aed3.view.Screen.clearLine(Screen.java:21) ~[classes/:na]
	at br.com.pucminas.aed3.view.Screen.print(Screen.java:25) ~[classes/:na]
	at br.com.pucminas.aed3.view.Screen.clearLine(Screen.java:21) ~[classes/:na]
	at br.com.pucminas.aed3.view.Screen.print(Screen.java:25) ~[classes/:na]
	at br.com.pucminas.aed3.view.Screen.clearLine(Screen.java:21) ~[classes/:na]
	at br.com.pucminas.aed3.view.Screen.print(Screen.java:25) ~[classes/:na]
	at br.com.pucminas.aed3.view.Screen.clearLine(Screen.java:21) ~[classes/:na]
	at br.com.pucminas.aed3.view.Screen.print(Screen.java:25) ~[classes/:na]
	at br.com.pucminas.aed3.view.Screen.clearLine(Screen.java:21) ~[classes/:na]
	at br.com.pucminas.aed3.view.Screen.print(Screen.java:25) ~[classes/:na]
	at br.com.pucminas.aed3.view.Screen.clearLine(Screen.java:21) ~[classes/:na]
	at br.com.pucminas.aed3.view.Screen.print(Screen.java:25) ~[classes/:na]
	at br.com.pucminas.aed3.view.Screen.clearLine(Screen.java:21) ~[classes/:na]
	at br.com.pucminas.aed3.view.Screen.print(Screen.java:25) ~[classes/:na]
	at br.com.pucminas.aed3.view.Screen.clearLine(Screen.java:21) ~[classes/:na]
	at br.com.pucminas.aed3.view.Screen.print(Screen.java:25) ~[classes/:na]
	at br.com.pucminas.aed3.view.Screen.clearLine(Screen.java:21) ~[classes/:na]
	at br.com.pucminas.aed3.view.Screen.print(Screen.java:25) ~[classes/:na]
	at br.com.pucminas.aed3.view.Screen.clearLine(Screen.java:21) ~[classes/:na]
	at br.com.pucminas.aed3.view.Screen.print(Screen.java:25) ~[classes/:na]
	at br.com.pucminas.aed3.view.Screen.clearLine(Screen.java:21) ~[classes/:na]
	at br.com.pucminas.aed3.view.Screen.print(Screen.java:25) ~[classes/:na]
	at br.com.pucminas.aed3.view.Screen.clearLine(Screen.java:21) ~[classes/:na]
	at br.com.pucminas.aed3.view.Screen.print(Screen.java:25) ~[classes/:na]
	at br.com.pucminas.aed3.view.Screen.clearLine(Screen.java:21) ~[classes/:na]
	at br.com.pucminas.aed3.view.Screen.print(Screen.java:25) ~[classes/:na]
	at br.com.pucminas.aed3.view.Screen.clearLine(Screen.java:21) ~[classes/:na]
	at br.com.pucminas.aed3.view.Screen.print(Screen.java:25) ~[classes/:na]
	at br.com.pucminas.aed3.view.Screen.clearLine(Screen.java:21) ~[classes/:na]
	at br.com.pucminas.aed3.view.Screen.print(Screen.java:25) ~[classes/:na]
	at br.com.pucminas.aed3.view.Screen.clearLine(Screen.java:21) ~[classes/:na]
	at br.com.pucminas.aed3.view.Screen.print(Screen.java:25) ~[classes/:na]
	at br.com.pucminas.aed3.view.Screen.clearLine(Screen.java:21) ~[classes/:na]
	at br.com.pucminas.aed3.view.Screen.print(Screen.java:25) ~[classes/:na]
	at br.com.pucminas.aed3.view.Screen.clearLine(Screen.java:21) ~[classes/:na]
	at br.com.pucminas.aed3.view.Screen.print(Screen.java:25) ~[classes/:na]
	at br.com.pucminas.aed3.view.Screen.clearLine(Screen.java:21) ~[classes/:na]
	at br.com.pucminas.aed3.view.Screen.print(Screen.java:25) ~[classes/:na]
	at br.com.pucminas.aed3.view.Screen.clearLine(Screen.java:21) ~[classes/:na]
	at br.com.pucminas.aed3.view.Screen.print(Screen.java:25) ~[classes/:na]
	at br.com.pucminas.aed3.view.Screen.clearLine(Screen.java:21) ~[classes/:na]
	at br.com.pucminas.aed3.view.Screen.print(Screen.java:25) ~[classes/:na]
	at br.com.pucminas.aed3.view.Screen.clearLine(Screen.java:21) ~[classes/:na]
	at br.com.pucminas.aed3.view.Screen.print(Screen.java:25) ~[classes/:na]
	at br.com.pucminas.aed3.view.Screen.clearLine(Screen.java:21) ~[classes/:na]
	at br.com.pucminas.aed3.view.Screen.print(Screen.java:25) ~[classes/:na]
	at br.com.pucminas.aed3.view.Screen.clearLine(Screen.java:21) ~[classes/:na]
	at br.com.pucminas.aed3.view.Screen.print(Screen.java:25) ~[classes/:na]
	at br.com.pucminas.aed3.view.Screen.clearLine(Screen.java:21) ~[classes/:na]
	at br.com.pucminas.aed3.view.Screen.print(Screen.java:25) ~[classes/:na]
	at br.com.pucminas.aed3.view.Screen.clearLine(Screen.java:21) ~[classes/:na]
	at br.com.pucminas.aed3.view.Screen.print(Screen.java:25) ~[classes/:na]
	at br.com.pucminas.aed3.view.Screen.clearLine(Screen.java:21) ~[classes/:na]
	at br.com.pucminas.aed3.view.Screen.print(Screen.java:25) ~[classes/:na]
	at br.com.pucminas.aed3.view.Screen.clearLine(Screen.java:21) ~[classes/:na]
	at br.com.pucminas.aed3.view.Screen.print(Screen.java:25) ~[classes/:na]
	at br.com.pucminas.aed3.view.Screen.clearLine(Screen.java:21) ~[classes/:na]
	at br.com.pucminas.aed3.view.Screen.print(Screen.java:25) ~[classes/:na]
	at br.com.pucminas.aed3.view.Screen.clearLine(Screen.java:21) ~[classes/:na]
	at br.com.pucminas.aed3.view.Screen.print(Screen.java:25) ~[classes/:na]
	at br.com.pucminas.aed3.view.Screen.clearLine(Screen.java:21) ~[classes/:na]
	at br.com.pucminas.aed3.view.Screen.print(Screen.java:25) ~[classes/:na]
	at br.com.pucminas.aed3.view.Screen.clearLine(Screen.java:21) ~[classes/:na]
	at br.com.pucminas.aed3.view.Screen.print(Screen.java:25) ~[classes/:na]
	at br.com.pucminas.aed3.view.Screen.clearLine(Screen.java:21) ~[classes/:na]
	at br.com.pucminas.aed3.view.Screen.print(Screen.java:25) ~[classes/:na]
	at br.com.pucminas.aed3.view.Screen.clearLine(Screen.java:21) ~[classes/:na]
	at br.com.pucminas.aed3.view.Screen.print(Screen.java:25) ~[classes/:na]
	at br.com.pucminas.aed3.view.Screen.clearLine(Screen.java:21) ~[classes/:na]
	at br.com.pucminas.aed3.view.Screen.print(Screen.java:25) ~[classes/:na]
	at br.com.pucminas.aed3.view.Screen.clearLine(Screen.java:21) ~[classes/:na]
	at br.com.pucminas.aed3.view.Screen.print(Screen.java:25) ~[classes/:na]
	at br.com.pucminas.aed3.view.Screen.clearLine(Screen.java:21) ~[classes/:na]
	at br.com.pucminas.aed3.view.Screen.print(Screen.java:25) ~[classes/:na]
	at br.com.pucminas.aed3.view.Screen.clearLine(Screen.java:21) ~[classes/:na]
	at br.com.pucminas.aed3.view.Screen.print(Screen.java:25) ~[classes/:na]
	at br.com.pucminas.aed3.view.Screen.clearLine(Screen.java:21) ~[classes/:na]
	at br.com.pucminas.aed3.view.Screen.print(Screen.java:25) ~[classes/:na]
	at br.com.pucminas.aed3.view.Screen.clearLine(Screen.java:21) ~[classes/:na]
	at br.com.pucminas.aed3.view.Screen.print(Screen.java:25) ~[classes/:na]
	at br.com.pucminas.aed3.view.Screen.clearLine(Screen.java:21) ~[classes/:na]
	at br.com.pucminas.aed3.view.Screen.print(Screen.java:25) ~[classes/:na]
	at br.com.pucminas.aed3.view.Screen.clearLine(Screen.java:21) ~[classes/:na]
	at br.com.pucminas.aed3.view.Screen.print(Screen.java:25) ~[classes/:na]
	at br.com.pucminas.aed3.view.Screen.clearLine(Screen.java:21) ~[classes/:na]
	at br.com.pucminas.aed3.view.Screen.print(Screen.java:25) ~[classes/:na]
	at br.com.pucminas.aed3.view.Screen.clearLine(Screen.java:21) ~[classes/:na]
	at br.com.pucminas.aed3.view.Screen.print(Screen.java:25) ~[classes/:na]
	at br.com.pucminas.aed3.view.Screen.clearLine(Screen.java:21) ~[classes/:na]
	at br.com.pucminas.aed3.view.Screen.print(Screen.java:25) ~[classes/:na]
	at br.com.pucminas.aed3.view.Screen.clearLine(Screen.java:21) ~[classes/:na]
	at br.com.pucminas.aed3.view.Screen.print(Screen.java:25) ~[classes/:na]
	at br.com.pucminas.aed3.view.Screen.clearLine(Screen.java:21) ~[classes/:na]
	at br.com.pucminas.aed3.view.Screen.print(Screen.java:25) ~[classes/:na]
	at br.com.pucminas.aed3.view.Screen.clearLine(Screen.java:21) ~[classes/:na]
	at br.com.pucminas.aed3.view.Screen.print(Screen.java:25) ~[classes/:na]
	at br.com.pucminas.aed3.view.Screen.clearLine(Screen.java:21) ~[classes/:na]
	at br.com.pucminas.aed3.view.Screen.print(Screen.java:25) ~[classes/:na]
	at br.com.pucminas.aed3.view.Screen.clearLine(Screen.java:21) ~[classes/:na]
	at br.com.pucminas.aed3.view.Screen.print(Screen.java:25) ~[classes/:na]
	at br.com.pucminas.aed3.view.Screen.clearLine(Screen.java:21) ~[classes/:na]
	at br.com.pucminas.aed3.view.Screen.print(Screen.java:25) ~[classes/:na]
	at br.com.pucminas.aed3.view.Screen.clearLine(Screen.java:21) ~[classes/:na]
	at br.com.pucminas.aed3.view.Screen.print(Screen.java:25) ~[classes/:na]
	at br.com.pucminas.aed3.view.Screen.clearLine(Screen.java:21) ~[classes/:na]
	at br.com.pucminas.aed3.view.Screen.print(Screen.java:25) ~[classes/:na]
	at br.com.pucminas.aed3.view.Screen.clearLine(Screen.java:21) ~[classes/:na]
	at br.com.pucminas.aed3.view.Screen.print(Screen.java:25) ~[classes/:na]
	at br.com.pucminas.aed3.view.Screen.clearLine(Screen.java:21) ~[classes/:na]
	at br.com.pucminas.aed3.view.Screen.print(Screen.java:25) ~[classes/:na]
	at br.com.pucminas.aed3.view.Screen.clearLine(Screen.java:21) ~[classes/:na]
	at br.com.pucminas.aed3.view.Screen.print(Screen.java:25) ~[classes/:na]
	at br.com.pucminas.aed3.view.Screen.clearLine(Screen.java:21) ~[classes/:na]
	at br.com.pucminas.aed3.view.Screen.print(Screen.java:25) ~[classes/:na]
	at br.com.pucminas.aed3.view.Screen.clearLine(Screen.java:21) ~[classes/:na]
	at br.com.pucminas.aed3.view.Screen.print(Screen.java:25) ~[classes/:na]
	at br.com.pucminas.aed3.view.Screen.clearLine(Screen.java:21) ~[classes/:na]
	at br.com.pucminas.aed3.view.Screen.print(Screen.java:25) ~[classes/:na]
	at br.com.pucminas.aed3.view.Screen.clearLine(Screen.java:21) ~[classes/:na]
	at br.com.pucminas.aed3.view.Screen.print(Screen.java:25) ~[classes/:na]
	at br.com.pucminas.aed3.view.Screen.clearLine(Screen.java:21) ~[classes/:na]
	at br.com.pucminas.aed3.view.Screen.print(Screen.java:25) ~[classes/:na]
	at br.com.pucminas.aed3.view.Screen.clearLine(Screen.java:21) ~[classes/:na]
	at br.com.pucminas.aed3.view.Screen.print(Screen.java:25) ~[classes/:na]
	at br.com.pucminas.aed3.view.Screen.clearLine(Screen.java:21) ~[classes/:na]
	at br.com.pucminas.aed3.view.Screen.print(Screen.java:25) ~[classes/:na]
	at br.com.pucminas.aed3.view.Screen.clearLine(Screen.java:21) ~[classes/:na]
	at br.com.pucminas.aed3.view.Screen.print(Screen.java:25) ~[classes/:na]
	at br.com.pucminas.aed3.view.Screen.clearLine(Screen.java:21) ~[classes/:na]
	at br.com.pucminas.aed3.view.Screen.print(Screen.java:25) ~[classes/:na]
	at br.com.pucminas.aed3.view.Screen.clearLine(Screen.java:21) ~[classes/:na]
	at br.com.pucminas.aed3.view.Screen.print(Screen.java:25) ~[classes/:na]
	at br.com.pucminas.aed3.view.Screen.clearLine(Screen.java:21) ~[classes/:na]
	at br.com.pucminas.aed3.view.Screen.print(Screen.java:25) ~[classes/:na]
	at br.com.pucminas.aed3.view.Screen.clearLine(Screen.java:21) ~[classes/:na]
	at br.com.pucminas.aed3.view.Screen.print(Screen.java:25) ~[classes/:na]
	at br.com.pucminas.aed3.view.Screen.clearLine(Screen.java:21) ~[classes/:na]
	at br.com.pucminas.aed3.view.Screen.print(Screen.java:25) ~[classes/:na]
	at br.com.pucminas.aed3.view.Screen.clearLine(Screen.java:21) ~[classes/:na]
	at br.com.pucminas.aed3.view.Screen.print(Screen.java:25) ~[classes/:na]
	at br.com.pucminas.aed3.view.Screen.clearLine(Screen.java:21) ~[classes/:na]
	at br.com.pucminas.aed3.view.Screen.print(Screen.java:25) ~[classes/:na]
	at br.com.pucminas.aed3.view.Screen.clearLine(Screen.java:21) ~[classes/:na]
	at br.com.pucminas.aed3.view.Screen.print(Screen.java:25) ~[classes/:na]
	at br.com.pucminas.aed3.view.Screen.clearLine(Screen.java:21) ~[classes/:na]
	at br.com.pucminas.aed3.view.Screen.print(Screen.java:25) ~[classes/:na]
	at br.com.pucminas.aed3.view.Screen.clearLine(Screen.java:21) ~[classes/:na]
	at br.com.pucminas.aed3.view.Screen.print(Screen.java:25) ~[classes/:na]
	at br.com.pucminas.aed3.view.Screen.clearLine(Screen.java:21) ~[classes/:na]
	at br.com.pucminas.aed3.view.Screen.print(Screen.java:25) ~[classes/:na]
	at br.com.pucminas.aed3.view.Screen.clearLine(Screen.java:21) ~[classes/:na]
	at br.com.pucminas.aed3.view.Screen.print(Screen.java:25) ~[classes/:na]
	at br.com.pucminas.aed3.view.Screen.clearLine(Screen.java:21) ~[classes/:na]
	at br.com.pucminas.aed3.view.Screen.print(Screen.java:25) ~[classes/:na]
	at br.com.pucminas.aed3.view.Screen.clearLine(Screen.java:21) ~[classes/:na]
	at br.com.pucminas.aed3.view.Screen.print(Screen.java:25) ~[classes/:na]
	at br.com.pucminas.aed3.view.Screen.clearLine(Screen.java:21) ~[classes/:na]
	at br.com.pucminas.aed3.view.Screen.print(Screen.java:25) ~[classes/:na]
	at br.com.pucminas.aed3.view.Screen.clearLine(Screen.java:21) ~[classes/:na]
	at br.com.pucminas.aed3.view.Screen.print(Screen.java:25) ~[classes/:na]
	at br.com.pucminas.aed3.view.Screen.clearLine(Screen.java:21) ~[classes/:na]
	at br.com.pucminas.aed3.view.Screen.print(Screen.java:25) ~[classes/:na]
	at br.com.pucminas.aed3.view.Screen.clearLine(Screen.java:21) ~[classes/:na]
	at br.com.pucminas.aed3.view.Screen.print(Screen.java:25) ~[classes/:na]
	at br.com.pucminas.aed3.view.Screen.clearLine(Screen.java:21) ~[classes/:na]
	at br.com.pucminas.aed3.view.Screen.print(Screen.java:25) ~[classes/:na]
	at br.com.pucminas.aed3.view.Screen.clearLine(Screen.java:21) ~[classes/:na]
	at br.com.pucminas.aed3.view.Screen.print(Screen.java:25) ~[classes/:na]
	at br.com.pucminas.aed3.view.Screen.clearLine(Screen.java:21) ~[classes/:na]
	at br.com.pucminas.aed3.view.Screen.print(Screen.java:25) ~[classes/:na]
	at br.com.pucminas.aed3.view.Screen.clearLine(Screen.java:21) ~[classes/:na]
	at br.com.pucminas.aed3.view.Screen.print(Screen.java:25) ~[classes/:na]
	at br.com.pucminas.aed3.view.Screen.clearLine(Screen.java:21) ~[classes/:na]
	at br.com.pucminas.aed3.view.Screen.print(Screen.java:25) ~[classes/:na]
	at br.com.pucminas.aed3.view.Screen.clearLine(Screen.java:21) ~[classes/:na]
	at br.com.pucminas.aed3.view.Screen.print(Screen.java:25) ~[classes/:na]
	at br.com.pucminas.aed3.view.Screen.clearLine(Screen.java:21) ~[classes/:na]
	at br.com.pucminas.aed3.view.Screen.print(Screen.java:25) ~[classes/:na]
	at br.com.pucminas.aed3.view.Screen.clearLine(Screen.java:21) ~[classes/:na]
	at br.com.pucminas.aed3.view.Screen.print(Screen.java:25) ~[classes/:na]
	at br.com.pucminas.aed3.view.Screen.clearLine(Screen.java:21) ~[classes/:na]
	at br.com.pucminas.aed3.view.Screen.print(Screen.java:25) ~[classes/:na]
	at br.com.pucminas.aed3.view.Screen.clearLine(Screen.java:21) ~[classes/:na]
	at br.com.pucminas.aed3.view.Screen.print(Screen.java:25) ~[classes/:na]
	at br.com.pucminas.aed3.view.Screen.clearLine(Screen.java:21) ~[classes/:na]
	at br.com.pucminas.aed3.view.Screen.print(Screen.java:25) ~[classes/:na]
	at br.com.pucminas.aed3.view.Screen.clearLine(Screen.java:21) ~[classes/:na]
	at br.com.pucminas.aed3.view.Screen.print(Screen.java:25) ~[classes/:na]
	at br.com.pucminas.aed3.view.Screen.clearLine(Screen.java:21) ~[classes/:na]
	at br.com.pucminas.aed3.view.Screen.print(Screen.java:25) ~[classes/:na]
	at br.com.pucminas.aed3.view.Screen.clearLine(Screen.java:21) ~[classes/:na]
	at br.com.pucminas.aed3.view.Screen.print(Screen.java:25) ~[classes/:na]
	at br.com.pucminas.aed3.view.Screen.clearLine(Screen.java:21) ~[classes/:na]
	at br.com.pucminas.aed3.view.Screen.print(Screen.java:25) ~[classes/:na]
	at br.com.pucminas.aed3.view.Screen.clearLine(Screen.java:21) ~[classes/:na]
	at br.com.pucminas.aed3.view.Screen.print(Screen.java:25) ~[classes/:na]
	at br.com.pucminas.aed3.view.Screen.clearLine(Screen.java:21) ~[classes/:na]
	at br.com.pucminas.aed3.view.Screen.print(Screen.java:25) ~[classes/:na]
	at br.com.pucminas.aed3.view.Screen.clearLine(Screen.java:21) ~[classes/:na]
	at br.com.pucminas.aed3.view.Screen.print(Screen.java:25) ~[classes/:na]
	at br.com.pucminas.aed3.view.Screen.clearLine(Screen.java:21) ~[classes/:na]
	at br.com.pucminas.aed3.view.Screen.print(Screen.java:25) ~[classes/:na]
	at br.com.pucminas.aed3.view.Screen.clearLine(Screen.java:21) ~[classes/:na]
	at br.com.pucminas.aed3.view.Screen.print(Screen.java:25) ~[classes/:na]
	at br.com.pucminas.aed3.view.Screen.clearLine(Screen.java:21) ~[classes/:na]
	at br.com.pucminas.aed3.view.Screen.print(Screen.java:25) ~[classes/:na]
	at br.com.pucminas.aed3.view.Screen.clearLine(Screen.java:21) ~[classes/:na]
	at br.com.pucminas.aed3.view.Screen.print(Screen.java:25) ~[classes/:na]
	at br.com.pucminas.aed3.view.Screen.clearLine(Screen.java:21) ~[classes/:na]
	at br.com.pucminas.aed3.view.Screen.print(Screen.java:25) ~[classes/:na]
	at br.com.pucminas.aed3.view.Screen.clearLine(Screen.java:21) ~[classes/:na]
	at br.com.pucminas.aed3.view.Screen.print(Screen.java:25) ~[classes/:na]
	at br.com.pucminas.aed3.view.Screen.clearLine(Screen.java:21) ~[classes/:na]
	at br.com.pucminas.aed3.view.Screen.print(Screen.java:25) ~[classes/:na]
	at br.com.pucminas.aed3.view.Screen.clearLine(Screen.java:21) ~[classes/:na]
	at br.com.pucminas.aed3.view.Screen.print(Screen.java:25) ~[classes/:na]
	at br.com.pucminas.aed3.view.Screen.clearLine(Screen.java:21) ~[classes/:na]
	at br.com.pucminas.aed3.view.Screen.print(Screen.java:25) ~[classes/:na]
	at br.com.pucminas.aed3.view.Screen.clearLine(Screen.java:21) ~[classes/:na]
	at br.com.pucminas.aed3.view.Screen.print(Screen.java:25) ~[classes/:na]
	at br.com.pucminas.aed3.view.Screen.clearLine(Screen.java:21) ~[classes/:na]
	at br.com.pucminas.aed3.view.Screen.print(Screen.java:25) ~[classes/:na]
	at br.com.pucminas.aed3.view.Screen.clearLine(Screen.java:21) ~[classes/:na]
	at br.com.pucminas.aed3.view.Screen.print(Screen.java:25) ~[classes/:na]
	at br.com.pucminas.aed3.view.Screen.clearLine(Screen.java:21) ~[classes/:na]
	at br.com.pucminas.aed3.view.Screen.print(Screen.java:25) ~[classes/:na]
	at br.com.pucminas.aed3.view.Screen.clearLine(Screen.java:21) ~[classes/:na]
	at br.com.pucminas.aed3.view.Screen.print(Screen.java:25) ~[classes/:na]
	at br.com.pucminas.aed3.view.Screen.clearLine(Screen.java:21) ~[classes/:na]
	at br.com.pucminas.aed3.view.Screen.print(Screen.java:25) ~[classes/:na]
	at br.com.pucminas.aed3.view.Screen.clearLine(Screen.java:21) ~[classes/:na]
	at br.com.pucminas.aed3.view.Screen.print(Screen.java:25) ~[classes/:na]
	at br.com.pucminas.aed3.view.Screen.clearLine(Screen.java:21) ~[classes/:na]
	at br.com.pucminas.aed3.view.Screen.print(Screen.java:25) ~[classes/:na]
	at br.com.pucminas.aed3.view.Screen.clearLine(Screen.java:21) ~[classes/:na]
	at br.com.pucminas.aed3.view.Screen.print(Screen.java:25) ~[classes/:na]
	at br.com.pucminas.aed3.view.Screen.clearLine(Screen.java:21) ~[classes/:na]
	at br.com.pucminas.aed3.view.Screen.print(Screen.java:25) ~[classes/:na]
	at br.com.pucminas.aed3.view.Screen.clearLine(Screen.java:21) ~[classes/:na]
	at br.com.pucminas.aed3.view.Screen.print(Screen.java:25) ~[classes/:na]
	at br.com.pucminas.aed3.view.Screen.clearLine(Screen.java:21) ~[classes/:na]
	at br.com.pucminas.aed3.view.Screen.print(Screen.java:25) ~[classes/:na]
	at br.com.pucminas.aed3.view.Screen.clearLine(Screen.java:21) ~[classes/:na]
	at br.com.pucminas.aed3.view.Screen.print(Screen.java:25) ~[classes/:na]
	at br.com.pucminas.aed3.view.Screen.clearLine(Screen.java:21) ~[classes/:na]
	at br.com.pucminas.aed3.view.Screen.print(Screen.java:25) ~[classes/:na]
	at br.com.pucminas.aed3.view.Screen.clearLine(Screen.java:21) ~[classes/:na]
	at br.com.pucminas.aed3.view.Screen.print(Screen.java:25) ~[classes/:na]
	at br.com.pucminas.aed3.view.Screen.clearLine(Screen.java:21) ~[classes/:na]
	at br.com.pucminas.aed3.view.Screen.print(Screen.java:25) ~[classes/:na]
	at br.com.pucminas.aed3.view.Screen.clearLine(Screen.java:21) ~[classes/:na]
	at br.com.pucminas.aed3.view.Screen.print(Screen.java:25) ~[classes/:na]
	at br.com.pucminas.aed3.view.Screen.clearLine(Screen.java:21) ~[classes/:na]
	at br.com.pucminas.aed3.view.Screen.print(Screen.java:25) ~[classes/:na]
	at br.com.pucminas.aed3.view.Screen.clearLine(Screen.java:21) ~[classes/:na]
	at br.com.pucminas.aed3.view.Screen.print(Screen.java:25) ~[classes/:na]
	at br.com.pucminas.aed3.view.Screen.clearLine(Screen.java:21) ~[classes/:na]
	at br.com.pucminas.aed3.view.Screen.print(Screen.java:25) ~[classes/:na]
	at br.com.pucminas.aed3.view.Screen.clearLine(Screen.java:21) ~[classes/:na]
	at br.com.pucminas.aed3.view.Screen.print(Screen.java:25) ~[classes/:na]
	at br.com.pucminas.aed3.view.Screen.clearLine(Screen.java:21) ~[classes/:na]
	at br.com.pucminas.aed3.view.Screen.print(Screen.java:25) ~[classes/:na]
	at br.com.pucminas.aed3.view.Screen.clearLine(Screen.java:21) ~[classes/:na]
	at br.com.pucminas.aed3.view.Screen.print(Screen.java:25) ~[classes/:na]
	at br.com.pucminas.aed3.view.Screen.clearLine(Screen.java:21) ~[classes/:na]
	at br.com.pucminas.aed3.view.Screen.print(Screen.java:25) ~[classes/:na]
	at br.com.pucminas.aed3.view.Screen.clearLine(Screen.java:21) ~[classes/:na]
	at br.com.pucminas.aed3.view.Screen.print(Screen.java:25) ~[classes/:na]
	at br.com.pucminas.aed3.view.Screen.clearLine(Screen.java:21) ~[classes/:na]
	at br.com.pucminas.aed3.view.Screen.print(Screen.java:25) ~[classes/:na]
	at br.com.pucminas.aed3.view.Screen.clearLine(Screen.java:21) ~[classes/:na]
	at br.com.pucminas.aed3.view.Screen.print(Screen.java:25) ~[classes/:na]
	at br.com.pucminas.aed3.view.Screen.clearLine(Screen.java:21) ~[classes/:na]
	at br.com.pucminas.aed3.view.Screen.print(Screen.java:25) ~[classes/:na]
	at br.com.pucminas.aed3.view.Screen.clearLine(Screen.java:21) ~[classes/:na]
	at br.com.pucminas.aed3.view.Screen.print(Screen.java:25) ~[classes/:na]
	at br.com.pucminas.aed3.view.Screen.clearLine(Screen.java:21) ~[classes/:na]
	at br.com.pucminas.aed3.view.Screen.print(Screen.java:25) ~[classes/:na]
	at br.com.pucminas.aed3.view.Screen.clearLine(Screen.java:21) ~[classes/:na]
	at br.com.pucminas.aed3.view.Screen.print(Screen.java:25) ~[classes/:na]
	at br.com.pucminas.aed3.view.Screen.clearLine(Screen.java:21) ~[classes/:na]
	at br.com.pucminas.aed3.view.Screen.print(Screen.java:25) ~[classes/:na]
	at br.com.pucminas.aed3.view.Screen.clearLine(Screen.java:21) ~[classes/:na]
	at br.com.pucminas.aed3.view.Screen.print(Screen.java:25) ~[classes/:na]
	at br.com.pucminas.aed3.view.Screen.clearLine(Screen.java:21) ~[classes/:na]
	at br.com.pucminas.aed3.view.Screen.print(Screen.java:25) ~[classes/:na]
	at br.com.pucminas.aed3.view.Screen.clearLine(Screen.java:21) ~[classes/:na]
	at br.com.pucminas.aed3.view.Screen.print(Screen.java:25) ~[classes/:na]
	at br.com.pucminas.aed3.view.Screen.clearLine(Screen.java:21) ~[classes/:na]
	at br.com.pucminas.aed3.view.Screen.print(Screen.java:25) ~[classes/:na]
	at br.com.pucminas.aed3.view.Screen.clearLine(Screen.java:21) ~[classes/:na]
	at br.com.pucminas.aed3.view.Screen.print(Screen.java:25) ~[classes/:na]
	at br.com.pucminas.aed3.view.Screen.clearLine(Screen.java:21) ~[classes/:na]
	at br.com.pucminas.aed3.view.Screen.print(Screen.java:25) ~[classes/:na]
	at br.com.pucminas.aed3.view.Screen.clearLine(Screen.java:21) ~[classes/:na]
	at br.com.pucminas.aed3.view.Screen.print(Screen.java:25) ~[classes/:na]
	at br.com.pucminas.aed3.view.Screen.clearLine(Screen.java:21) ~[classes/:na]
	at br.com.pucminas.aed3.view.Screen.print(Screen.java:25) ~[classes/:na]
	at br.com.pucminas.aed3.view.Screen.clearLine(Screen.java:21) ~[classes/:na]
	at br.com.pucminas.aed3.view.Screen.print(Screen.java:25) ~[classes/:na]
	at br.com.pucminas.aed3.view.Screen.clearLine(Screen.java:21) ~[classes/:na]
	at br.com.pucminas.aed3.view.Screen.print(Screen.java:25) ~[classes/:na]
	at br.com.pucminas.aed3.view.Screen.clearLine(Screen.java:21) ~[classes/:na]
	at br.com.pucminas.aed3.view.Screen.print(Screen.java:25) ~[classes/:na]
	at br.com.pucminas.aed3.view.Screen.clearLine(Screen.java:21) ~[classes/:na]
	at br.com.pucminas.aed3.view.Screen.print(Screen.java:25) ~[classes/:na]
	at br.com.pucminas.aed3.view.Screen.clearLine(Screen.java:21) ~[classes/:na]
	at br.com.pucminas.aed3.view.Screen.print(Screen.java:25) ~[classes/:na]
	at br.com.pucminas.aed3.view.Screen.clearLine(Screen.java:21) ~[classes/:na]
	at br.com.pucminas.aed3.view.Screen.print(Screen.java:25) ~[classes/:na]
	at br.com.pucminas.aed3.view.Screen.clearLine(Screen.java:21) ~[classes/:na]
	at br.com.pucminas.aed3.view.Screen.print(Screen.java:25) ~[classes/:na]
	at br.com.pucminas.aed3.view.Screen.clearLine(Screen.java:21) ~[classes/:na]
	at br.com.pucminas.aed3.view.Screen.print(Screen.java:25) ~[classes/:na]
	at br.com.pucminas.aed3.view.Screen.clearLine(Screen.java:21) ~[classes/:na]
	at br.com.pucminas.aed3.view.Screen.print(Screen.java:25) ~[classes/:na]
	at br.com.pucminas.aed3.view.Screen.clearLine(Screen.java:21) ~[classes/:na]
	at br.com.pucminas.aed3.view.Screen.print(Screen.java:25) ~[classes/:na]
	at br.com.pucminas.aed3.view.Screen.clearLine(Screen.java:21) ~[classes/:na]
	at br.com.pucminas.aed3.view.Screen.print(Screen.java:25) ~[classes/:na]
	at br.com.pucminas.aed3.view.Screen.clearLine(Screen.java:21) ~[classes/:na]
	at br.com.pucminas.aed3.view.Screen.print(Screen.java:25) ~[classes/:na]
	at br.com.pucminas.aed3.view.Screen.clearLine(Screen.java:21) ~[classes/:na]
	at br.com.pucminas.aed3.view.Screen.print(Screen.java:25) ~[classes/:na]
	at br.com.pucminas.aed3.view.Screen.clearLine(Screen.java:21) ~[classes/:na]
	at br.com.pucminas.aed3.view.Screen.print(Screen.java:25) ~[classes/:na]
	at br.com.pucminas.aed3.view.Screen.clearLine(Screen.java:21) ~[classes/:na]
	at br.com.pucminas.aed3.view.Screen.print(Screen.java:25) ~[classes/:na]
	at br.com.pucminas.aed3.view.Screen.clearLine(Screen.java:21) ~[classes/:na]
	at br.com.pucminas.aed3.view.Screen.print(Screen.java:25) ~[classes/:na]
	at br.com.pucminas.aed3.view.Screen.clearLine(Screen.java:21) ~[classes/:na]
	at br.com.pucminas.aed3.view.Screen.print(Screen.java:25) ~[classes/:na]
	at br.com.pucminas.aed3.view.Screen.clearLine(Screen.java:21) ~[classes/:na]
	at br.com.pucminas.aed3.view.Screen.print(Screen.java:25) ~[classes/:na]
	at br.com.pucminas.aed3.view.Screen.clearLine(Screen.java:21) ~[classes/:na]
	at br.com.pucminas.aed3.view.Screen.print(Screen.java:25) ~[classes/:na]
	at br.com.pucminas.aed3.view.Screen.clearLine(Screen.java:21) ~[classes/:na]
	at br.com.pucminas.aed3.view.Screen.print(Screen.java:25) ~[classes/:na]
	at br.com.pucminas.aed3.view.Screen.clearLine(Screen.java:21) ~[classes/:na]
	at br.com.pucminas.aed3.view.Screen.print(Screen.java:25) ~[classes/:na]
	at br.com.pucminas.aed3.view.Screen.clearLine(Screen.java:21) ~[classes/:na]
	at br.com.pucminas.aed3.view.Screen.print(Screen.java:25) ~[classes/:na]
	at br.com.pucminas.aed3.view.Screen.clearLine(Screen.java:21) ~[classes/:na]
	at br.com.pucminas.aed3.view.Screen.print(Screen.java:25) ~[classes/:na]
	at br.com.pucminas.aed3.view.Screen.clearLine(Screen.java:21) ~[classes/:na]
	at br.com.pucminas.aed3.view.Screen.print(Screen.java:25) ~[classes/:na]
	at br.com.pucminas.aed3.view.Screen.clearLine(Screen.java:21) ~[classes/:na]
	at br.com.pucminas.aed3.view.Screen.print(Screen.java:25) ~[classes/:na]
	at br.com.pucminas.aed3.view.Screen.clearLine(Screen.java:21) ~[classes/:na]
	at br.com.pucminas.aed3.view.Screen.print(Screen.java:25) ~[classes/:na]
	at br.com.pucminas.aed3.view.Screen.clearLine(Screen.java:21) ~[classes/:na]
	at br.com.pucminas.aed3.view.Screen.print(Screen.java:25) ~[classes/:na]
	at br.com.pucminas.aed3.view.Screen.clearLine(Screen.java:21) ~[classes/:na]
	at br.com.pucminas.aed3.view.Screen.print(Screen.java:25) ~[classes/:na]
	at br.com.pucminas.aed3.view.Screen.clearLine(Screen.java:21) ~[classes/:na]
	at br.com.pucminas.aed3.view.Screen.print(Screen.java:25) ~[classes/:na]
	at br.com.pucminas.aed3.view.Screen.clearLine(Screen.java:21) ~[classes/:na]
	at br.com.pucminas.aed3.view.Screen.print(Screen.java:25) ~[classes/:na]
	at br.com.pucminas.aed3.view.Screen.clearLine(Screen.java:21) ~[classes/:na]
	at br.com.pucminas.aed3.view.Screen.print(Screen.java:25) ~[classes/:na]
	at br.com.pucminas.aed3.view.Screen.clearLine(Screen.java:21) ~[classes/:na]
	at br.com.pucminas.aed3.view.Screen.print(Screen.java:25) ~[classes/:na]
	at br.com.pucminas.aed3.view.Screen.clearLine(Screen.java:21) ~[classes/:na]
	at br.com.pucminas.aed3.view.Screen.print(Screen.java:25) ~[classes/:na]
	at br.com.pucminas.aed3.view.Screen.clearLine(Screen.java:21) ~[classes/:na]
	at br.com.pucminas.aed3.view.Screen.print(Screen.java:25) ~[classes/:na]
	at br.com.pucminas.aed3.view.Screen.clearLine(Screen.java:21) ~[classes/:na]
	at br.com.pucminas.aed3.view.Screen.print(Screen.java:25) ~[classes/:na]
	at br.com.pucminas.aed3.view.Screen.clearLine(Screen.java:21) ~[classes/:na]
	at br.com.pucminas.aed3.view.Screen.print(Screen.java:25) ~[classes/:na]
	at br.com.pucminas.aed3.view.Screen.clearLine(Screen.java:21) ~[classes/:na]
	at br.com.pucminas.aed3.view.Screen.print(Screen.java:25) ~[classes/:na]
	at br.com.pucminas.aed3.view.Screen.clearLine(Screen.java:21) ~[classes/:na]
	at br.com.pucminas.aed3.view.Screen.print(Screen.java:25) ~[classes/:na]
	at br.com.pucminas.aed3.view.Screen.clearLine(Screen.java:21) ~[classes/:na]
	at br.com.pucminas.aed3.view.Screen.print(Screen.java:25) ~[classes/:na]
	at br.com.pucminas.aed3.view.Screen.clearLine(Screen.java:21) ~[classes/:na]
	at br.com.pucminas.aed3.view.Screen.print(Screen.java:25) ~[classes/:na]
	at br.com.pucminas.aed3.view.Screen.clearLine(Screen.java:21) ~[classes/:na]
	at br.com.pucminas.aed3.view.Screen.print(Screen.java:25) ~[classes/:na]
	at br.com.pucminas.aed3.view.Screen.clearLine(Screen.java:21) ~[classes/:na]
	at br.com.pucminas.aed3.view.Screen.print(Screen.java:25) ~[classes/:na]
	at br.com.pucminas.aed3.view.Screen.clearLine(Screen.java:21) ~[classes/:na]
	at br.com.pucminas.aed3.view.Screen.print(Screen.java:25) ~[classes/:na]
	at br.com.pucminas.aed3.view.Screen.clearLine(Screen.java:21) ~[classes/:na]
	at br.com.pucminas.aed3.view.Screen.print(Screen.java:25) ~[classes/:na]
	at br.com.pucminas.aed3.view.Screen.clearLine(Screen.java:21) ~[classes/:na]
	at br.com.pucminas.aed3.view.Screen.print(Screen.java:25) ~[classes/:na]
	at br.com.pucminas.aed3.view.Screen.clearLine(Screen.java:21) ~[classes/:na]
	at br.com.pucminas.aed3.view.Screen.print(Screen.java:25) ~[classes/:na]
	at br.com.pucminas.aed3.view.Screen.clearLine(Screen.java:21) ~[classes/:na]
	at br.com.pucminas.aed3.view.Screen.print(Screen.java:25) ~[classes/:na]
	at br.com.pucminas.aed3.view.Screen.clearLine(Screen.java:21) ~[classes/:na]
	at br.com.pucminas.aed3.view.Screen.print(Screen.java:25) ~[classes/:na]
	at br.com.pucminas.aed3.view.Screen.clearLine(Screen.java:21) ~[classes/:na]
	at br.com.pucminas.aed3.view.Screen.print(Screen.java:25) ~[classes/:na]
	at br.com.pucminas.aed3.view.Screen.clearLine(Screen.java:21) ~[classes/:na]
	at br.com.pucminas.aed3.view.Screen.print(Screen.java:25) ~[classes/:na]
	at br.com.pucminas.aed3.view.Screen.clearLine(Screen.java:21) ~[classes/:na]
	at br.com.pucminas.aed3.view.Screen.print(Screen.java:25) ~[classes/:na]
	at br.com.pucminas.aed3.view.Screen.clearLine(Screen.java:21) ~[classes/:na]
	at br.com.pucminas.aed3.view.Screen.print(Screen.java:25) ~[classes/:na]
	at br.com.pucminas.aed3.view.Screen.clearLine(Screen.java:21) ~[classes/:na]
	at br.com.pucminas.aed3.view.Screen.print(Screen.java:25) ~[classes/:na]
	at br.com.pucminas.aed3.view.Screen.clearLine(Screen.java:21) ~[classes/:na]
	at br.com.pucminas.aed3.view.Screen.print(Screen.java:25) ~[classes/:na]
	at br.com.pucminas.aed3.view.Screen.clearLine(Screen.java:21) ~[classes/:na]
	at br.com.pucminas.aed3.view.Screen.print(Screen.java:25) ~[classes/:na]
	at br.com.pucminas.aed3.view.Screen.clearLine(Screen.java:21) ~[classes/:na]
	at br.com.pucminas.aed3.view.Screen.print(Screen.java:25) ~[classes/:na]
	at br.com.pucminas.aed3.view.Screen.clearLine(Screen.java:21) ~[classes/:na]
	at br.com.pucminas.aed3.view.Screen.print(Screen.java:25) ~[classes/:na]
	at br.com.pucminas.aed3.view.Screen.clearLine(Screen.java:21) ~[classes/:na]
	at br.com.pucminas.aed3.view.Screen.print(Screen.java:25) ~[classes/:na]
	at br.com.pucminas.aed3.view.Screen.clearLine(Screen.java:21) ~[classes/:na]
	at br.com.pucminas.aed3.view.Screen.print(Screen.java:25) ~[classes/:na]
	at br.com.pucminas.aed3.view.Screen.clearLine(Screen.java:21) ~[classes/:na]
	at br.com.pucminas.aed3.view.Screen.print(Screen.java:25) ~[classes/:na]
	at br.com.pucminas.aed3.view.Screen.clearLine(Screen.java:21) ~[classes/:na]
	at br.com.pucminas.aed3.view.Screen.print(Screen.java:25) ~[classes/:na]
	at br.com.pucminas.aed3.view.Screen.clearLine(Screen.java:21) ~[classes/:na]
	at br.com.pucminas.aed3.view.Screen.print(Screen.java:25) ~[classes/:na]
	at br.com.pucminas.aed3.view.Screen.clearLine(Screen.java:21) ~[classes/:na]
	at br.com.pucminas.aed3.view.Screen.print(Screen.java:25) ~[classes/:na]
	at br.com.pucminas.aed3.view.Screen.clearLine(Screen.java:21) ~[classes/:na]
	at br.com.pucminas.aed3.view.Screen.print(Screen.java:25) ~[classes/:na]
	at br.com.pucminas.aed3.view.Screen.clearLine(Screen.java:21) ~[classes/:na]
	at br.com.pucminas.aed3.view.Screen.print(Screen.java:25) ~[classes/:na]
	at br.com.pucminas.aed3.view.Screen.clearLine(Screen.java:21) ~[classes/:na]
	at br.com.pucminas.aed3.view.Screen.print(Screen.java:25) ~[classes/:na]
	at br.com.pucminas.aed3.view.Screen.clearLine(Screen.java:21) ~[classes/:na]
	at br.com.pucminas.aed3.view.Screen.print(Screen.java:25) ~[classes/:na]
	at br.com.pucminas.aed3.view.Screen.clearLine(Screen.java:21) ~[classes/:na]
	at br.com.pucminas.aed3.view.Screen.print(Screen.java:25) ~[classes/:na]
	at br.com.pucminas.aed3.view.Screen.clearLine(Screen.java:21) ~[classes/:na]
	at br.com.pucminas.aed3.view.Screen.print(Screen.java:25) ~[classes/:na]
	at br.com.pucminas.aed3.view.Screen.clearLine(Screen.java:21) ~[classes/:na]
	at br.com.pucminas.aed3.view.Screen.print(Screen.java:25) ~[classes/:na]
	at br.com.pucminas.aed3.view.Screen.clearLine(Screen.java:21) ~[classes/:na]
	at br.com.pucminas.aed3.view.Screen.print(Screen.java:25) ~[classes/:na]
	at br.com.pucminas.aed3.view.Screen.clearLine(Screen.java:21) ~[classes/:na]
	at br.com.pucminas.aed3.view.Screen.print(Screen.java:25) ~[classes/:na]
	at br.com.pucminas.aed3.view.Screen.clearLine(Screen.java:21) ~[classes/:na]
	at br.com.pucminas.aed3.view.Screen.print(Screen.java:25) ~[classes/:na]
	at br.com.pucminas.aed3.view.Screen.clearLine(Screen.java:21) ~[classes/:na]
	at br.com.pucminas.aed3.view.Screen.print(Screen.java:25) ~[classes/:na]
	at br.com.pucminas.aed3.view.Screen.clearLine(Screen.java:21) ~[classes/:na]
	at br.com.pucminas.aed3.view.Screen.print(Screen.java:25) ~[classes/:na]
	at br.com.pucminas.aed3.view.Screen.clearLine(Screen.java:21) ~[classes/:na]
	at br.com.pucminas.aed3.view.Screen.print(Screen.java:25) ~[classes/:na]
	at br.com.pucminas.aed3.view.Screen.clearLine(Screen.java:21) ~[classes/:na]
	at br.com.pucminas.aed3.view.Screen.print(Screen.java:25) ~[classes/:na]
	at br.com.pucminas.aed3.view.Screen.clearLine(Screen.java:21) ~[classes/:na]
	at br.com.pucminas.aed3.view.Screen.print(Screen.java:25) ~[classes/:na]
	at br.com.pucminas.aed3.view.Screen.clearLine(Screen.java:21) ~[classes/:na]
	at br.com.pucminas.aed3.view.Screen.print(Screen.java:25) ~[classes/:na]
	at br.com.pucminas.aed3.view.Screen.clearLine(Screen.java:21) ~[classes/:na]
	at br.com.pucminas.aed3.view.Screen.print(Screen.java:25) ~[classes/:na]
	at br.com.pucminas.aed3.view.Screen.clearLine(Screen.java:21) ~[classes/:na]
	at br.com.pucminas.aed3.view.Screen.print(Screen.java:25) ~[classes/:na]
	at br.com.pucminas.aed3.view.Screen.clearLine(Screen.java:21) ~[classes/:na]
	at br.com.pucminas.aed3.view.Screen.print(Screen.java:25) ~[classes/:na]
	at br.com.pucminas.aed3.view.Screen.clearLine(Screen.java:21) ~[classes/:na]
	at br.com.pucminas.aed3.view.Screen.print(Screen.java:25) ~[classes/:na]
	at br.com.pucminas.aed3.view.Screen.clearLine(Screen.java:21) ~[classes/:na]
	at br.com.pucminas.aed3.view.Screen.print(Screen.java:25) ~[classes/:na]
	at br.com.pucminas.aed3.view.Screen.clearLine(Screen.java:21) ~[classes/:na]
	at br.com.pucminas.aed3.view.Screen.print(Screen.java:25) ~[classes/:na]
	at br.com.pucminas.aed3.view.Screen.clearLine(Screen.java:21) ~[classes/:na]
	at br.com.pucminas.aed3.view.Screen.print(Screen.java:25) ~[classes/:na]
	at br.com.pucminas.aed3.view.Screen.clearLine(Screen.java:21) ~[classes/:na]
	at br.com.pucminas.aed3.view.Screen.print(Screen.java:25) ~[classes/:na]
	at br.com.pucminas.aed3.view.Screen.clearLine(Screen.java:21) ~[classes/:na]
	at br.com.pucminas.aed3.view.Screen.print(Screen.java:25) ~[classes/:na]
	at br.com.pucminas.aed3.view.Screen.clearLine(Screen.java:21) ~[classes/:na]
	at br.com.pucminas.aed3.view.Screen.print(Screen.java:25) ~[classes/:na]
	at br.com.pucminas.aed3.view.Screen.clearLine(Screen.java:21) ~[classes/:na]
	at br.com.pucminas.aed3.view.Screen.print(Screen.java:25) ~[classes/:na]
	at br.com.pucminas.aed3.view.Screen.clearLine(Screen.java:21) ~[classes/:na]
	at br.com.pucminas.aed3.view.Screen.print(Screen.java:25) ~[classes/:na]
	at br.com.pucminas.aed3.view.Screen.clearLine(Screen.java:21) ~[classes/:na]
	at br.com.pucminas.aed3.view.Screen.print(Screen.java:25) ~[classes/:na]
	at br.com.pucminas.aed3.view.Screen.clearLine(Screen.java:21) ~[classes/:na]
	at br.com.pucminas.aed3.view.Screen.print(Screen.java:25) ~[classes/:na]
	at br.com.pucminas.aed3.view.Screen.clearLine(Screen.java:21) ~[classes/:na]
	at br.com.pucminas.aed3.view.Screen.print(Screen.java:25) ~[classes/:na]
	at br.com.pucminas.aed3.view.Screen.clearLine(Screen.java:21) ~[classes/:na]
	at br.com.pucminas.aed3.view.Screen.print(Screen.java:25) ~[classes/:na]
	at br.com.pucminas.aed3.view.Screen.clearLine(Screen.java:21) ~[classes/:na]
	at br.com.pucminas.aed3.view.Screen.print(Screen.java:25) ~[classes/:na]
	at br.com.pucminas.aed3.view.Screen.clearLine(Screen.java:21) ~[classes/:na]
	at br.com.pucminas.aed3.view.Screen.print(Screen.java:25) ~[classes/:na]
	at br.com.pucminas.aed3.view.Screen.clearLine(Screen.java:21) ~[classes/:na]
	at br.com.pucminas.aed3.view.Screen.print(Screen.java:25) ~[classes/:na]
	at br.com.pucminas.aed3.view.Screen.clearLine(Screen.java:21) ~[classes/:na]
	at br.com.pucminas.aed3.view.Screen.print(Screen.java:25) ~[classes/:na]
	at br.com.pucminas.aed3.view.Screen.clearLine(Screen.java:21) ~[classes/:na]
	at br.com.pucminas.aed3.view.Screen.print(Screen.java:25) ~[classes/:na]
	at br.com.pucminas.aed3.view.Screen.clearLine(Screen.java:21) ~[classes/:na]
	at br.com.pucminas.aed3.view.Screen.print(Screen.java:25) ~[classes/:na]
	at br.com.pucminas.aed3.view.Screen.clearLine(Screen.java:21) ~[classes/:na]
	at br.com.pucminas.aed3.view.Screen.print(Screen.java:25) ~[classes/:na]
	at br.com.pucminas.aed3.view.Screen.clearLine(Screen.java:21) ~[classes/:na]
	at br.com.pucminas.aed3.view.Screen.print(Screen.java:25) ~[classes/:na]
	at br.com.pucminas.aed3.view.Screen.clearLine(Screen.java:21) ~[classes/:na]
	at br.com.pucminas.aed3.view.Screen.print(Screen.java:25) ~[classes/:na]
	at br.com.pucminas.aed3.view.Screen.clearLine(Screen.java:21) ~[classes/:na]
	at br.com.pucminas.aed3.view.Screen.print(Screen.java:25) ~[classes/:na]
	at br.com.pucminas.aed3.view.Screen.clearLine(Screen.java:21) ~[classes/:na]
	at br.com.pucminas.aed3.view.Screen.print(Screen.java:25) ~[classes/:na]
	at br.com.pucminas.aed3.view.Screen.clearLine(Screen.java:21) ~[classes/:na]
	at br.com.pucminas.aed3.view.Screen.print(Screen.java:25) ~[classes/:na]
	at br.com.pucminas.aed3.view.Screen.clearLine(Screen.java:21) ~[classes/:na]
	at br.com.pucminas.aed3.view.Screen.print(Screen.java:25) ~[classes/:na]
	at br.com.pucminas.aed3.view.Screen.clearLine(Screen.java:21) ~[classes/:na]
	at br.com.pucminas.aed3.view.Screen.print(Screen.java:25) ~[classes/:na]
	at br.com.pucminas.aed3.view.Screen.clearLine(Screen.java:21) ~[classes/:na]
	at br.com.pucminas.aed3.view.Screen.print(Screen.java:25) ~[classes/:na]
	at br.com.pucminas.aed3.view.Screen.clearLine(Screen.java:21) ~[classes/:na]
	at br.com.pucminas.aed3.view.Screen.print(Screen.java:25) ~[classes/:na]
	at br.com.pucminas.aed3.view.Screen.clearLine(Screen.java:21) ~[classes/:na]
	at br.com.pucminas.aed3.view.Screen.print(Screen.java:25) ~[classes/:na]
	at br.com.pucminas.aed3.view.Screen.clearLine(Screen.java:21) ~[classes/:na]
	at br.com.pucminas.aed3.view.Screen.print(Screen.java:25) ~[classes/:na]
	at br.com.pucminas.aed3.view.Screen.clearLine(Screen.java:21) ~[classes/:na]
	at br.com.pucminas.aed3.view.Screen.print(Screen.java:25) ~[classes/:na]
	at br.com.pucminas.aed3.view.Screen.clearLine(Screen.java:21) ~[classes/:na]
	at br.com.pucminas.aed3.view.Screen.print(Screen.java:25) ~[classes/:na]
	at br.com.pucminas.aed3.view.Screen.clearLine(Screen.java:21) ~[classes/:na]
	at br.com.pucminas.aed3.view.Screen.print(Screen.java:25) ~[classes/:na]
	at br.com.pucminas.aed3.view.Screen.clearLine(Screen.java:21) ~[classes/:na]
	at br.com.pucminas.aed3.view.Screen.print(Screen.java:25) ~[classes/:na]
	at br.com.pucminas.aed3.view.Screen.clearLine(Screen.java:21) ~[classes/:na]
	at br.com.pucminas.aed3.view.Screen.print(Screen.java:25) ~[classes/:na]
	at br.com.pucminas.aed3.view.Screen.clearLine(Screen.java:21) ~[classes/:na]
	at br.com.pucminas.aed3.view.Screen.print(Screen.java:25) ~[classes/:na]
	at br.com.pucminas.aed3.view.Screen.clearLine(Screen.java:21) ~[classes/:na]
	at br.com.pucminas.aed3.view.Screen.print(Screen.java:25) ~[classes/:na]
	at br.com.pucminas.aed3.view.Screen.clearLine(Screen.java:21) ~[classes/:na]
	at br.com.pucminas.aed3.view.Screen.print(Screen.java:25) ~[classes/:na]
	at br.com.pucminas.aed3.view.Screen.clearLine(Screen.java:21) ~[classes/:na]
	at br.com.pucminas.aed3.view.Screen.print(Screen.java:25) ~[classes/:na]
	at br.com.pucminas.aed3.view.Screen.clearLine(Screen.java:21) ~[classes/:na]
	at br.com.pucminas.aed3.view.Screen.print(Screen.java:25) ~[classes/:na]
	at br.com.pucminas.aed3.view.Screen.clearLine(Screen.java:21) ~[classes/:na]
	at br.com.pucminas.aed3.view.Screen.print(Screen.java:25) ~[classes/:na]
	at br.com.pucminas.aed3.view.Screen.clearLine(Screen.java:21) ~[classes/:na]
	at br.com.pucminas.aed3.view.Screen.print(Screen.java:25) ~[classes/:na]
	at br.com.pucminas.aed3.view.Screen.clearLine(Screen.java:21) ~[classes/:na]
	at br.com.pucminas.aed3.view.Screen.print(Screen.java:25) ~[classes/:na]
	at br.com.pucminas.aed3.view.Screen.clearLine(Screen.java:21) ~[classes/:na]
	at br.com.pucminas.aed3.view.Screen.print(Screen.java:25) ~[classes/:na]
	at br.com.pucminas.aed3.view.Screen.clearLine(Screen.java:21) ~[classes/:na]
	at br.com.pucminas.aed3.view.Screen.print(Screen.java:25) ~[classes/:na]
	at br.com.pucminas.aed3.view.Screen.clearLine(Screen.java:21) ~[classes/:na]
	at br.com.pucminas.aed3.view.Screen.print(Screen.java:25) ~[classes/:na]
	at br.com.pucminas.aed3.view.Screen.clearLine(Screen.java:21) ~[classes/:na]
	at br.com.pucminas.aed3.view.Screen.print(Screen.java:25) ~[classes/:na]
	at br.com.pucminas.aed3.view.Screen.clearLine(Screen.java:21) ~[classes/:na]
	at br.com.pucminas.aed3.view.Screen.print(Screen.java:25) ~[classes/:na]
	at br.com.pucminas.aed3.view.Screen.clearLine(Screen.java:21) ~[classes/:na]
	at br.com.pucminas.aed3.view.Screen.print(Screen.java:25) ~[classes/:na]
	at br.com.pucminas.aed3.view.Screen.clearLine(Screen.java:21) ~[classes/:na]
	at br.com.pucminas.aed3.view.Screen.print(Screen.java:25) ~[classes/:na]
	at br.com.pucminas.aed3.view.Screen.clearLine(Screen.java:21) ~[classes/:na]
	at br.com.pucminas.aed3.view.Screen.print(Screen.java:25) ~[classes/:na]
	at br.com.pucminas.aed3.view.Screen.clearLine(Screen.java:21) ~[classes/:na]
	at br.com.pucminas.aed3.view.Screen.print(Screen.java:25) ~[classes/:na]
	at br.com.pucminas.aed3.view.Screen.clearLine(Screen.java:21) ~[classes/:na]
	at br.com.pucminas.aed3.view.Screen.print(Screen.java:25) ~[classes/:na]
	at br.com.pucminas.aed3.view.Screen.clearLine(Screen.java:21) ~[classes/:na]
	at br.com.pucminas.aed3.view.Screen.print(Screen.java:25) ~[classes/:na]
	at br.com.pucminas.aed3.view.Screen.clearLine(Screen.java:21) ~[classes/:na]
	at br.com.pucminas.aed3.view.Screen.print(Screen.java:25) ~[classes/:na]
	at br.com.pucminas.aed3.view.Screen.clearLine(Screen.java:21) ~[classes/:na]
	at br.com.pucminas.aed3.view.Screen.print(Screen.java:25) ~[classes/:na]
	at br.com.pucminas.aed3.view.Screen.clearLine(Screen.java:21) ~[classes/:na]
	at br.com.pucminas.aed3.view.Screen.print(Screen.java:25) ~[classes/:na]
	at br.com.pucminas.aed3.view.Screen.clearLine(Screen.java:21) ~[classes/:na]
	at br.com.pucminas.aed3.view.Screen.print(Screen.java:25) ~[classes/:na]
	at br.com.pucminas.aed3.view.Screen.clearLine(Screen.java:21) ~[classes/:na]
	at br.com.pucminas.aed3.view.Screen.print(Screen.java:25) ~[classes/:na]
	at br.com.pucminas.aed3.view.Screen.clearLine(Screen.java:21) ~[classes/:na]
	at br.com.pucminas.aed3.view.Screen.print(Screen.java:25) ~[classes/:na]
	at br.com.pucminas.aed3.view.Screen.clearLine(Screen.java:21) ~[classes/:na]
	at br.com.pucminas.aed3.view.Screen.print(Screen.java:25) ~[classes/:na]
	at br.com.pucminas.aed3.view.Screen.clearLine(Screen.java:21) ~[classes/:na]
	at br.com.pucminas.aed3.view.Screen.print(Screen.java:25) ~[classes/:na]
	at br.com.pucminas.aed3.view.Screen.clearLine(Screen.java:21) ~[classes/:na]
	at br.com.pucminas.aed3.view.Screen.print(Screen.java:25) ~[classes/:na]
	at br.com.pucminas.aed3.view.Screen.clearLine(Screen.java:21) ~[classes/:na]
	at br.com.pucminas.aed3.view.Screen.print(Screen.java:25) ~[classes/:na]
	at br.com.pucminas.aed3.view.Screen.clearLine(Screen.java:21) ~[classes/:na]
	at br.com.pucminas.aed3.view.Screen.print(Screen.java:25) ~[classes/:na]
	at br.com.pucminas.aed3.view.Screen.clearLine(Screen.java:21) ~[classes/:na]
	at br.com.pucminas.aed3.view.Screen.print(Screen.java:25) ~[classes/:na]
	at br.com.pucminas.aed3.view.Screen.clearLine(Screen.java:21) ~[classes/:na]
	at br.com.pucminas.aed3.view.Screen.print(Screen.java:25) ~[classes/:na]
	at br.com.pucminas.aed3.view.Screen.clearLine(Screen.java:21) ~[classes/:na]
	at br.com.pucminas.aed3.view.Screen.print(Screen.java:25) ~[classes/:na]
	at br.com.pucminas.aed3.view.Screen.clearLine(Screen.java:21) ~[classes/:na]
	at br.com.pucminas.aed3.view.Screen.print(Screen.java:25) ~[classes/:na]
	at br.com.pucminas.aed3.view.Screen.clearLine(Screen.java:21) ~[classes/:na]
	at br.com.pucminas.aed3.view.Screen.print(Screen.java:25) ~[classes/:na]
	at br.com.pucminas.aed3.view.Screen.clearLine(Screen.java:21) ~[classes/:na]
	at br.com.pucminas.aed3.view.Screen.print(Screen.java:25) ~[classes/:na]
	at br.com.pucminas.aed3.view.Screen.clearLine(Screen.java:21) ~[classes/:na]
	at br.com.pucminas.aed3.view.Screen.print(Screen.java:25) ~[classes/:na]
	at br.com.pucminas.aed3.view.Screen.clearLine(Screen.java:21) ~[classes/:na]
	at br.com.pucminas.aed3.view.Screen.print(Screen.java:25) ~[classes/:na]
	at br.com.pucminas.aed3.view.Screen.clearLine(Screen.java:21) ~[classes/:na]
	at br.com.pucminas.aed3.view.Screen.print(Screen.java:25) ~[classes/:na]
	at br.com.pucminas.aed3.view.Screen.clearLine(Screen.java:21) ~[classes/:na]
	at br.com.pucminas.aed3.view.Screen.print(Screen.java:25) ~[classes/:na]
	at br.com.pucminas.aed3.view.Screen.clearLine(Screen.java:21) ~[classes/:na]
	at br.com.pucminas.aed3.view.Screen.print(Screen.java:25) ~[classes/:na]
	at br.com.pucminas.aed3.view.Screen.clearLine(Screen.java:21) ~[classes/:na]
	at br.com.pucminas.aed3.view.Screen.print(Screen.java:25) ~[classes/:na]
	at br.com.pucminas.aed3.view.Screen.clearLine(Screen.java:21) ~[classes/:na]
	at br.com.pucminas.aed3.view.Screen.print(Screen.java:25) ~[classes/:na]
	at br.com.pucminas.aed3.view.Screen.clearLine(Screen.java:21) ~[classes/:na]
	at br.com.pucminas.aed3.view.Screen.print(Screen.java:25) ~[classes/:na]
	at br.com.pucminas.aed3.view.Screen.clearLine(Screen.java:21) ~[classes/:na]
	at br.com.pucminas.aed3.view.Screen.print(Screen.java:25) ~[classes/:na]
	at br.com.pucminas.aed3.view.Screen.clearLine(Screen.java:21) ~[classes/:na]
	at br.com.pucminas.aed3.view.Screen.print(Screen.java:25) ~[classes/:na]
	at br.com.pucminas.aed3.view.Screen.clearLine(Screen.java:21) ~[classes/:na]
	at br.com.pucminas.aed3.view.Screen.print(Screen.java:25) ~[classes/:na]
	at br.com.pucminas.aed3.view.Screen.clearLine(Screen.java:21) ~[classes/:na]
	at br.com.pucminas.aed3.view.Screen.print(Screen.java:25) ~[classes/:na]
	at br.com.pucminas.aed3.view.Screen.clearLine(Screen.java:21) ~[classes/:na]
	at br.com.pucminas.aed3.view.Screen.print(Screen.java:25) ~[classes/:na]
	at br.com.pucminas.aed3.view.Screen.clearLine(Screen.java:21) ~[classes/:na]
	at br.com.pucminas.aed3.view.Screen.print(Screen.java:25) ~[classes/:na]
	at br.com.pucminas.aed3.view.Screen.clearLine(Screen.java:21) ~[classes/:na]
	at br.com.pucminas.aed3.view.Screen.print(Screen.java:25) ~[classes/:na]
	at br.com.pucminas.aed3.view.Screen.clearLine(Screen.java:21) ~[classes/:na]
	at br.com.pucminas.aed3.view.Screen.print(Screen.java:25) ~[classes/:na]
	at br.com.pucminas.aed3.view.Screen.clearLine(Screen.java:21) ~[classes/:na]
	at br.com.pucminas.aed3.view.Screen.print(Screen.java:25) ~[classes/:na]
	at br.com.pucminas.aed3.view.Screen.clearLine(Screen.java:21) ~[classes/:na]
	at br.com.pucminas.aed3.view.Screen.print(Screen.java:25) ~[classes/:na]
	at br.com.pucminas.aed3.view.Screen.clearLine(Screen.java:21) ~[classes/:na]
	at br.com.pucminas.aed3.view.Screen.print(Screen.java:25) ~[classes/:na]
	at br.com.pucminas.aed3.view.Screen.clearLine(Screen.java:21) ~[classes/:na]
	at br.com.pucminas.aed3.view.Screen.print(Screen.java:25) ~[classes/:na]
	at br.com.pucminas.aed3.view.Screen.clearLine(Screen.java:21) ~[classes/:na]
	at br.com.pucminas.aed3.view.Screen.print(Screen.java:25) ~[classes/:na]
	at br.com.pucminas.aed3.view.Screen.clearLine(Screen.java:21) ~[classes/:na]
	at br.com.pucminas.aed3.view.Screen.print(Screen.java:25) ~[classes/:na]
	at br.com.pucminas.aed3.view.Screen.clearLine(Screen.java:21) ~[classes/:na]
	at br.com.pucminas.aed3.view.Screen.print(Screen.java:25) ~[classes/:na]
	at br.com.pucminas.aed3.view.Screen.clearLine(Screen.java:21) ~[classes/:na]
	at br.com.pucminas.aed3.view.Screen.print(Screen.java:25) ~[classes/:na]
	at br.com.pucminas.aed3.view.Screen.clearLine(Screen.java:21) ~[classes/:na]
	at br.com.pucminas.aed3.view.Screen.print(Screen.java:25) ~[classes/:na]
	at br.com.pucminas.aed3.view.Screen.clearLine(Screen.java:21) ~[classes/:na]
	at br.com.pucminas.aed3.view.Screen.print(Screen.java:25) ~[classes/:na]
	at br.com.pucminas.aed3.view.Screen.clearLine(Screen.java:21) ~[classes/:na]
	at br.com.pucminas.aed3.view.Screen.print(Screen.java:25) ~[classes/:na]
	at br.com.pucminas.aed3.view.Screen.clearLine(Screen.java:21) ~[classes/:na]
	at br.com.pucminas.aed3.view.Screen.print(Screen.java:25) ~[classes/:na]
	at br.com.pucminas.aed3.view.Screen.clearLine(Screen.java:21) ~[classes/:na]
	at br.com.pucminas.aed3.view.Screen.print(Screen.java:25) ~[classes/:na]
	at br.com.pucminas.aed3.view.Screen.clearLine(Screen.java:21) ~[classes/:na]
	at br.com.pucminas.aed3.view.Screen.print(Screen.java:25) ~[classes/:na]

]]></system-out>
  </testcase>
</testsuite>